Mplus VERSION 8.1 (Mac)
MUTHEN & MUTHEN
11/22/2018  12:23 PM

INPUT INSTRUCTIONS

   TITLE:	MPlus_Dalia_policy_support_questionC
   DATA:	
    	FILE IS /Users/xuenanni/Desktop/thesis/Mplus/pol_supp.txt;

    VARIABLE:	
    	NAMES ARE  	

      	ind_ID country_ID
           q04A q04B  q04C  q04D  q04E  q04F  q04G  q04H  q04I  q04J  q04K
           age gen  inc
           q01D q01E q01A q01K q01O q02 q09 q10 ess
           q14A q14B q14C  q14D  q14E  q14F  q14G  q14H  q14I  q14J  q14K  q14L  q14X
           q15A q15B q15C q15D q15E q15F popden
           low_edu high_edu
           access owning rail other peer tt_week miles_day
           AE  AR AT AU BE BH BR CA CH CL CN CO DE DK DZ EC EG ES FR GB GR HK ID
           IE IL IN IT JP KE KR MA MX MY NL NO PE PH PK PL PT RU SA SE SG TH TR UA
           US VE VN  ZA;

      	
      USEVARIABLES ARE
       	
       	  ind_ID   country_ID
             q04C
             age  gen  inc
             q14A q14B q14F q14K q15A q15B q15C q15D q15F
             ess  low_edu  high_edu  popden
             access  owning
             q01D q01E q01A  q01K q01O  rail
             AE  AR AT AU BE BH BR CA CH CL CN CO DE DK DZ EC EG ES FR GB GR HK ID
             IE IL IN IT JP KE KR MA MX MY NL NO PE PH PK PL PT RU SA SE SG TH TR UA
             US VE VN;


      CATEGORICAL = q04C q14A q14B q14F q14K q15A q15B q15C q15D q15F;

      CLUSTER = country_ID; !leave the cluster = xx for typle = complex ! single level model
      IDVARIABLE = ind_ID;
      MISSING = ALL (-9999);


    ANALYSIS:
        TYPE = COMPLEX;
        ESTIMATOR = MLR;
        INTEGRATION = MONTECARLO;


    MODEL: !No within and between;
         !Latent variable measurement model for carpride
         carpride BY q14A* q14B q14F q14K q15A q15B q15C q15D q15F;
         carpride @ 1;

         !Regression of car pride on socio-demographics
         !carpride ON age gender income;

         !choice model
         q04C ON age  gen  low_edu  high_edu  inc
                 ess access  owning carpride popden
                 q01D q01E q01A  q01K q01O  rail
                 AE  AR AT AU BE BH BR CA CH CL CN CO DE DK DZ EC EG ES FR GB GR HK ID
                 IE IL IN IT JP KE KR MA MX MY NL NO PE PH PK PL PT RU SA SE SG TH TR UA
                 US VE VN;
                 inc;


    OUTPUT:
        STD STDY STDYX;
    SAVEDATA:

        RESULTS ARE /Users/xuenanni/Desktop/thesis/Mplus/resultC.dat



*** WARNING in SAVEDATA command
  Statement not terminated by a semicolon:
  RESULTS ARE /Users/xuenanni/Desktop/thesis/Mplus/resultC.dat
   1 WARNING(S) FOUND IN THE INPUT INSTRUCTIONS



MPlus_Dalia_policy_support_questionC

SUMMARY OF ANALYSIS

Number of groups                                                 1
Number of observations                                       41932

Number of dependent variables                                   10
Number of independent variables                                 65
Number of continuous latent variables                            1

Observed dependent variables

  Binary and ordered categorical (ordinal)
   Q04C        Q14A        Q14B        Q14F        Q14K        Q15A
   Q15B        Q15C        Q15D        Q15F

Observed independent variables
   AGE         GEN         INC         ESS         LOW_EDU     HIGH_EDU
   POPDEN      ACCESS      OWNING      Q01D        Q01E        Q01A
   Q01K        Q01O        RAIL        AE          AR          AT
   AU          BE          BH          BR          CA          CH
   CL          CN          CO          DE          DK          DZ
   EC          EG          ES          FR          GB          GR
   HK          ID          IE          IL          IN          IT
   JP          KE          KR          MA          MX          MY
   NL          NO          PE          PH          PK          PL
   PT          RU          SA          SE          SG          TH
   TR          UA          US          VE          VN

Continuous latent variables
   CARPRIDE

Variables with special functions

  Cluster variable      COUNTRY_
  ID variable           IND_ID

Estimator                                                      MLR
Information matrix                                        OBSERVED
Optimization Specifications for the Quasi-Newton Algorithm for
Continuous Outcomes
  Maximum number of iterations                                 100
  Convergence criterion                                  0.100D-05
Optimization Specifications for the EM Algorithm
  Maximum number of iterations                                 500
  Convergence criteria
    Loglikelihood change                                 0.100D-02
    Relative loglikelihood change                        0.100D-05
    Derivative                                           0.100D-02
Optimization Specifications for the M step of the EM Algorithm for
Categorical Latent variables
  Number of M step iterations                                    1
  M step convergence criterion                           0.100D-02
  Basis for M step termination                           ITERATION
Optimization Specifications for the M step of the EM Algorithm for
Censored, Binary or Ordered Categorical (Ordinal), Unordered
Categorical (Nominal) and Count Outcomes
  Number of M step iterations                                    1
  M step convergence criterion                           0.100D-02
  Basis for M step termination                           ITERATION
  Maximum value for logit thresholds                            15
  Minimum value for logit thresholds                           -15
  Minimum expected cell size for chi-square              0.100D-01
Maximum number of iterations for H1                           2000
Convergence criterion for H1                             0.100D-03
Optimization algorithm                                         EMA
Integration Specifications
  Type                                                  MONTECARLO
  Number of integration points                                1250
  Dimensions of numerical integration                            2
  Adaptive quadrature                                           ON
  Monte Carlo integration seed                                   0
Link                                                         LOGIT
Cholesky                                                       OFF

Input data file(s)
  /Users/xuenanni/Desktop/thesis/Mplus/pol_supp.txt
Input data format  FREE


SUMMARY OF DATA

     Number of missing data patterns             2
     Number of y missing data patterns           2
     Number of u missing data patterns           1
     Number of clusters          51



COVARIANCE COVERAGE OF DATA

Minimum covariance coverage value   0.100


     PROPORTION OF DATA PRESENT FOR Y


           Covariance Coverage
              INC           AGE           GEN           ESS           LOW_EDU
              ________      ________      ________      ________      ________
 INC            0.839
 AGE            0.839         1.000
 GEN            0.839         1.000         1.000
 ESS            0.839         1.000         1.000         1.000
 LOW_EDU        0.839         1.000         1.000         1.000         1.000
 HIGH_EDU       0.839         1.000         1.000         1.000         1.000
 POPDEN         0.839         1.000         1.000         1.000         1.000
 ACCESS         0.839         1.000         1.000         1.000         1.000
 OWNING         0.839         1.000         1.000         1.000         1.000
 Q01D           0.839         1.000         1.000         1.000         1.000
 Q01E           0.839         1.000         1.000         1.000         1.000
 Q01A           0.839         1.000         1.000         1.000         1.000
 Q01K           0.839         1.000         1.000         1.000         1.000
 Q01O           0.839         1.000         1.000         1.000         1.000
 RAIL           0.839         1.000         1.000         1.000         1.000
 AE             0.839         1.000         1.000         1.000         1.000
 AR             0.839         1.000         1.000         1.000         1.000
 AT             0.839         1.000         1.000         1.000         1.000
 AU             0.839         1.000         1.000         1.000         1.000
 BE             0.839         1.000         1.000         1.000         1.000
 BH             0.839         1.000         1.000         1.000         1.000
 BR             0.839         1.000         1.000         1.000         1.000
 CA             0.839         1.000         1.000         1.000         1.000
 CH             0.839         1.000         1.000         1.000         1.000
 CL             0.839         1.000         1.000         1.000         1.000
 CN             0.839         1.000         1.000         1.000         1.000
 CO             0.839         1.000         1.000         1.000         1.000
 DE             0.839         1.000         1.000         1.000         1.000
 DK             0.839         1.000         1.000         1.000         1.000
 DZ             0.839         1.000         1.000         1.000         1.000
 EC             0.839         1.000         1.000         1.000         1.000
 EG             0.839         1.000         1.000         1.000         1.000
 ES             0.839         1.000         1.000         1.000         1.000
 FR             0.839         1.000         1.000         1.000         1.000
 GB             0.839         1.000         1.000         1.000         1.000
 GR             0.839         1.000         1.000         1.000         1.000
 HK             0.839         1.000         1.000         1.000         1.000
 ID             0.839         1.000         1.000         1.000         1.000
 IE             0.839         1.000         1.000         1.000         1.000
 IL             0.839         1.000         1.000         1.000         1.000
 IN             0.839         1.000         1.000         1.000         1.000
 IT             0.839         1.000         1.000         1.000         1.000
 JP             0.839         1.000         1.000         1.000         1.000
 KE             0.839         1.000         1.000         1.000         1.000
 KR             0.839         1.000         1.000         1.000         1.000
 MA             0.839         1.000         1.000         1.000         1.000
 MX             0.839         1.000         1.000         1.000         1.000
 MY             0.839         1.000         1.000         1.000         1.000
 NL             0.839         1.000         1.000         1.000         1.000
 NO             0.839         1.000         1.000         1.000         1.000
 PE             0.839         1.000         1.000         1.000         1.000
 PH             0.839         1.000         1.000         1.000         1.000
 PK             0.839         1.000         1.000         1.000         1.000
 PL             0.839         1.000         1.000         1.000         1.000
 PT             0.839         1.000         1.000         1.000         1.000
 RU             0.839         1.000         1.000         1.000         1.000
 SA             0.839         1.000         1.000         1.000         1.000
 SE             0.839         1.000         1.000         1.000         1.000
 SG             0.839         1.000         1.000         1.000         1.000
 TH             0.839         1.000         1.000         1.000         1.000
 TR             0.839         1.000         1.000         1.000         1.000
 UA             0.839         1.000         1.000         1.000         1.000
 US             0.839         1.000         1.000         1.000         1.000
 VE             0.839         1.000         1.000         1.000         1.000
 VN             0.839         1.000         1.000         1.000         1.000


           Covariance Coverage
              HIGH_EDU      POPDEN        ACCESS        OWNING        Q01D
              ________      ________      ________      ________      ________
 HIGH_EDU       1.000
 POPDEN         1.000         1.000
 ACCESS         1.000         1.000         1.000
 OWNING         1.000         1.000         1.000         1.000
 Q01D           1.000         1.000         1.000         1.000         1.000
 Q01E           1.000         1.000         1.000         1.000         1.000
 Q01A           1.000         1.000         1.000         1.000         1.000
 Q01K           1.000         1.000         1.000         1.000         1.000
 Q01O           1.000         1.000         1.000         1.000         1.000
 RAIL           1.000         1.000         1.000         1.000         1.000
 AE             1.000         1.000         1.000         1.000         1.000
 AR             1.000         1.000         1.000         1.000         1.000
 AT             1.000         1.000         1.000         1.000         1.000
 AU             1.000         1.000         1.000         1.000         1.000
 BE             1.000         1.000         1.000         1.000         1.000
 BH             1.000         1.000         1.000         1.000         1.000
 BR             1.000         1.000         1.000         1.000         1.000
 CA             1.000         1.000         1.000         1.000         1.000
 CH             1.000         1.000         1.000         1.000         1.000
 CL             1.000         1.000         1.000         1.000         1.000
 CN             1.000         1.000         1.000         1.000         1.000
 CO             1.000         1.000         1.000         1.000         1.000
 DE             1.000         1.000         1.000         1.000         1.000
 DK             1.000         1.000         1.000         1.000         1.000
 DZ             1.000         1.000         1.000         1.000         1.000
 EC             1.000         1.000         1.000         1.000         1.000
 EG             1.000         1.000         1.000         1.000         1.000
 ES             1.000         1.000         1.000         1.000         1.000
 FR             1.000         1.000         1.000         1.000         1.000
 GB             1.000         1.000         1.000         1.000         1.000
 GR             1.000         1.000         1.000         1.000         1.000
 HK             1.000         1.000         1.000         1.000         1.000
 ID             1.000         1.000         1.000         1.000         1.000
 IE             1.000         1.000         1.000         1.000         1.000
 IL             1.000         1.000         1.000         1.000         1.000
 IN             1.000         1.000         1.000         1.000         1.000
 IT             1.000         1.000         1.000         1.000         1.000
 JP             1.000         1.000         1.000         1.000         1.000
 KE             1.000         1.000         1.000         1.000         1.000
 KR             1.000         1.000         1.000         1.000         1.000
 MA             1.000         1.000         1.000         1.000         1.000
 MX             1.000         1.000         1.000         1.000         1.000
 MY             1.000         1.000         1.000         1.000         1.000
 NL             1.000         1.000         1.000         1.000         1.000
 NO             1.000         1.000         1.000         1.000         1.000
 PE             1.000         1.000         1.000         1.000         1.000
 PH             1.000         1.000         1.000         1.000         1.000
 PK             1.000         1.000         1.000         1.000         1.000
 PL             1.000         1.000         1.000         1.000         1.000
 PT             1.000         1.000         1.000         1.000         1.000
 RU             1.000         1.000         1.000         1.000         1.000
 SA             1.000         1.000         1.000         1.000         1.000
 SE             1.000         1.000         1.000         1.000         1.000
 SG             1.000         1.000         1.000         1.000         1.000
 TH             1.000         1.000         1.000         1.000         1.000
 TR             1.000         1.000         1.000         1.000         1.000
 UA             1.000         1.000         1.000         1.000         1.000
 US             1.000         1.000         1.000         1.000         1.000
 VE             1.000         1.000         1.000         1.000         1.000
 VN             1.000         1.000         1.000         1.000         1.000


           Covariance Coverage
              Q01E          Q01A          Q01K          Q01O          RAIL
              ________      ________      ________      ________      ________
 Q01E           1.000
 Q01A           1.000         1.000
 Q01K           1.000         1.000         1.000
 Q01O           1.000         1.000         1.000         1.000
 RAIL           1.000         1.000         1.000         1.000         1.000
 AE             1.000         1.000         1.000         1.000         1.000
 AR             1.000         1.000         1.000         1.000         1.000
 AT             1.000         1.000         1.000         1.000         1.000
 AU             1.000         1.000         1.000         1.000         1.000
 BE             1.000         1.000         1.000         1.000         1.000
 BH             1.000         1.000         1.000         1.000         1.000
 BR             1.000         1.000         1.000         1.000         1.000
 CA             1.000         1.000         1.000         1.000         1.000
 CH             1.000         1.000         1.000         1.000         1.000
 CL             1.000         1.000         1.000         1.000         1.000
 CN             1.000         1.000         1.000         1.000         1.000
 CO             1.000         1.000         1.000         1.000         1.000
 DE             1.000         1.000         1.000         1.000         1.000
 DK             1.000         1.000         1.000         1.000         1.000
 DZ             1.000         1.000         1.000         1.000         1.000
 EC             1.000         1.000         1.000         1.000         1.000
 EG             1.000         1.000         1.000         1.000         1.000
 ES             1.000         1.000         1.000         1.000         1.000
 FR             1.000         1.000         1.000         1.000         1.000
 GB             1.000         1.000         1.000         1.000         1.000
 GR             1.000         1.000         1.000         1.000         1.000
 HK             1.000         1.000         1.000         1.000         1.000
 ID             1.000         1.000         1.000         1.000         1.000
 IE             1.000         1.000         1.000         1.000         1.000
 IL             1.000         1.000         1.000         1.000         1.000
 IN             1.000         1.000         1.000         1.000         1.000
 IT             1.000         1.000         1.000         1.000         1.000
 JP             1.000         1.000         1.000         1.000         1.000
 KE             1.000         1.000         1.000         1.000         1.000
 KR             1.000         1.000         1.000         1.000         1.000
 MA             1.000         1.000         1.000         1.000         1.000
 MX             1.000         1.000         1.000         1.000         1.000
 MY             1.000         1.000         1.000         1.000         1.000
 NL             1.000         1.000         1.000         1.000         1.000
 NO             1.000         1.000         1.000         1.000         1.000
 PE             1.000         1.000         1.000         1.000         1.000
 PH             1.000         1.000         1.000         1.000         1.000
 PK             1.000         1.000         1.000         1.000         1.000
 PL             1.000         1.000         1.000         1.000         1.000
 PT             1.000         1.000         1.000         1.000         1.000
 RU             1.000         1.000         1.000         1.000         1.000
 SA             1.000         1.000         1.000         1.000         1.000
 SE             1.000         1.000         1.000         1.000         1.000
 SG             1.000         1.000         1.000         1.000         1.000
 TH             1.000         1.000         1.000         1.000         1.000
 TR             1.000         1.000         1.000         1.000         1.000
 UA             1.000         1.000         1.000         1.000         1.000
 US             1.000         1.000         1.000         1.000         1.000
 VE             1.000         1.000         1.000         1.000         1.000
 VN             1.000         1.000         1.000         1.000         1.000


           Covariance Coverage
              AE            AR            AT            AU            BE
              ________      ________      ________      ________      ________
 AE             1.000
 AR             1.000         1.000
 AT             1.000         1.000         1.000
 AU             1.000         1.000         1.000         1.000
 BE             1.000         1.000         1.000         1.000         1.000
 BH             1.000         1.000         1.000         1.000         1.000
 BR             1.000         1.000         1.000         1.000         1.000
 CA             1.000         1.000         1.000         1.000         1.000
 CH             1.000         1.000         1.000         1.000         1.000
 CL             1.000         1.000         1.000         1.000         1.000
 CN             1.000         1.000         1.000         1.000         1.000
 CO             1.000         1.000         1.000         1.000         1.000
 DE             1.000         1.000         1.000         1.000         1.000
 DK             1.000         1.000         1.000         1.000         1.000
 DZ             1.000         1.000         1.000         1.000         1.000
 EC             1.000         1.000         1.000         1.000         1.000
 EG             1.000         1.000         1.000         1.000         1.000
 ES             1.000         1.000         1.000         1.000         1.000
 FR             1.000         1.000         1.000         1.000         1.000
 GB             1.000         1.000         1.000         1.000         1.000
 GR             1.000         1.000         1.000         1.000         1.000
 HK             1.000         1.000         1.000         1.000         1.000
 ID             1.000         1.000         1.000         1.000         1.000
 IE             1.000         1.000         1.000         1.000         1.000
 IL             1.000         1.000         1.000         1.000         1.000
 IN             1.000         1.000         1.000         1.000         1.000
 IT             1.000         1.000         1.000         1.000         1.000
 JP             1.000         1.000         1.000         1.000         1.000
 KE             1.000         1.000         1.000         1.000         1.000
 KR             1.000         1.000         1.000         1.000         1.000
 MA             1.000         1.000         1.000         1.000         1.000
 MX             1.000         1.000         1.000         1.000         1.000
 MY             1.000         1.000         1.000         1.000         1.000
 NL             1.000         1.000         1.000         1.000         1.000
 NO             1.000         1.000         1.000         1.000         1.000
 PE             1.000         1.000         1.000         1.000         1.000
 PH             1.000         1.000         1.000         1.000         1.000
 PK             1.000         1.000         1.000         1.000         1.000
 PL             1.000         1.000         1.000         1.000         1.000
 PT             1.000         1.000         1.000         1.000         1.000
 RU             1.000         1.000         1.000         1.000         1.000
 SA             1.000         1.000         1.000         1.000         1.000
 SE             1.000         1.000         1.000         1.000         1.000
 SG             1.000         1.000         1.000         1.000         1.000
 TH             1.000         1.000         1.000         1.000         1.000
 TR             1.000         1.000         1.000         1.000         1.000
 UA             1.000         1.000         1.000         1.000         1.000
 US             1.000         1.000         1.000         1.000         1.000
 VE             1.000         1.000         1.000         1.000         1.000
 VN             1.000         1.000         1.000         1.000         1.000


           Covariance Coverage
              BH            BR            CA            CH            CL
              ________      ________      ________      ________      ________
 BH             1.000
 BR             1.000         1.000
 CA             1.000         1.000         1.000
 CH             1.000         1.000         1.000         1.000
 CL             1.000         1.000         1.000         1.000         1.000
 CN             1.000         1.000         1.000         1.000         1.000
 CO             1.000         1.000         1.000         1.000         1.000
 DE             1.000         1.000         1.000         1.000         1.000
 DK             1.000         1.000         1.000         1.000         1.000
 DZ             1.000         1.000         1.000         1.000         1.000
 EC             1.000         1.000         1.000         1.000         1.000
 EG             1.000         1.000         1.000         1.000         1.000
 ES             1.000         1.000         1.000         1.000         1.000
 FR             1.000         1.000         1.000         1.000         1.000
 GB             1.000         1.000         1.000         1.000         1.000
 GR             1.000         1.000         1.000         1.000         1.000
 HK             1.000         1.000         1.000         1.000         1.000
 ID             1.000         1.000         1.000         1.000         1.000
 IE             1.000         1.000         1.000         1.000         1.000
 IL             1.000         1.000         1.000         1.000         1.000
 IN             1.000         1.000         1.000         1.000         1.000
 IT             1.000         1.000         1.000         1.000         1.000
 JP             1.000         1.000         1.000         1.000         1.000
 KE             1.000         1.000         1.000         1.000         1.000
 KR             1.000         1.000         1.000         1.000         1.000
 MA             1.000         1.000         1.000         1.000         1.000
 MX             1.000         1.000         1.000         1.000         1.000
 MY             1.000         1.000         1.000         1.000         1.000
 NL             1.000         1.000         1.000         1.000         1.000
 NO             1.000         1.000         1.000         1.000         1.000
 PE             1.000         1.000         1.000         1.000         1.000
 PH             1.000         1.000         1.000         1.000         1.000
 PK             1.000         1.000         1.000         1.000         1.000
 PL             1.000         1.000         1.000         1.000         1.000
 PT             1.000         1.000         1.000         1.000         1.000
 RU             1.000         1.000         1.000         1.000         1.000
 SA             1.000         1.000         1.000         1.000         1.000
 SE             1.000         1.000         1.000         1.000         1.000
 SG             1.000         1.000         1.000         1.000         1.000
 TH             1.000         1.000         1.000         1.000         1.000
 TR             1.000         1.000         1.000         1.000         1.000
 UA             1.000         1.000         1.000         1.000         1.000
 US             1.000         1.000         1.000         1.000         1.000
 VE             1.000         1.000         1.000         1.000         1.000
 VN             1.000         1.000         1.000         1.000         1.000


           Covariance Coverage
              CN            CO            DE            DK            DZ
              ________      ________      ________      ________      ________
 CN             1.000
 CO             1.000         1.000
 DE             1.000         1.000         1.000
 DK             1.000         1.000         1.000         1.000
 DZ             1.000         1.000         1.000         1.000         1.000
 EC             1.000         1.000         1.000         1.000         1.000
 EG             1.000         1.000         1.000         1.000         1.000
 ES             1.000         1.000         1.000         1.000         1.000
 FR             1.000         1.000         1.000         1.000         1.000
 GB             1.000         1.000         1.000         1.000         1.000
 GR             1.000         1.000         1.000         1.000         1.000
 HK             1.000         1.000         1.000         1.000         1.000
 ID             1.000         1.000         1.000         1.000         1.000
 IE             1.000         1.000         1.000         1.000         1.000
 IL             1.000         1.000         1.000         1.000         1.000
 IN             1.000         1.000         1.000         1.000         1.000
 IT             1.000         1.000         1.000         1.000         1.000
 JP             1.000         1.000         1.000         1.000         1.000
 KE             1.000         1.000         1.000         1.000         1.000
 KR             1.000         1.000         1.000         1.000         1.000
 MA             1.000         1.000         1.000         1.000         1.000
 MX             1.000         1.000         1.000         1.000         1.000
 MY             1.000         1.000         1.000         1.000         1.000
 NL             1.000         1.000         1.000         1.000         1.000
 NO             1.000         1.000         1.000         1.000         1.000
 PE             1.000         1.000         1.000         1.000         1.000
 PH             1.000         1.000         1.000         1.000         1.000
 PK             1.000         1.000         1.000         1.000         1.000
 PL             1.000         1.000         1.000         1.000         1.000
 PT             1.000         1.000         1.000         1.000         1.000
 RU             1.000         1.000         1.000         1.000         1.000
 SA             1.000         1.000         1.000         1.000         1.000
 SE             1.000         1.000         1.000         1.000         1.000
 SG             1.000         1.000         1.000         1.000         1.000
 TH             1.000         1.000         1.000         1.000         1.000
 TR             1.000         1.000         1.000         1.000         1.000
 UA             1.000         1.000         1.000         1.000         1.000
 US             1.000         1.000         1.000         1.000         1.000
 VE             1.000         1.000         1.000         1.000         1.000
 VN             1.000         1.000         1.000         1.000         1.000


           Covariance Coverage
              EC            EG            ES            FR            GB
              ________      ________      ________      ________      ________
 EC             1.000
 EG             1.000         1.000
 ES             1.000         1.000         1.000
 FR             1.000         1.000         1.000         1.000
 GB             1.000         1.000         1.000         1.000         1.000
 GR             1.000         1.000         1.000         1.000         1.000
 HK             1.000         1.000         1.000         1.000         1.000
 ID             1.000         1.000         1.000         1.000         1.000
 IE             1.000         1.000         1.000         1.000         1.000
 IL             1.000         1.000         1.000         1.000         1.000
 IN             1.000         1.000         1.000         1.000         1.000
 IT             1.000         1.000         1.000         1.000         1.000
 JP             1.000         1.000         1.000         1.000         1.000
 KE             1.000         1.000         1.000         1.000         1.000
 KR             1.000         1.000         1.000         1.000         1.000
 MA             1.000         1.000         1.000         1.000         1.000
 MX             1.000         1.000         1.000         1.000         1.000
 MY             1.000         1.000         1.000         1.000         1.000
 NL             1.000         1.000         1.000         1.000         1.000
 NO             1.000         1.000         1.000         1.000         1.000
 PE             1.000         1.000         1.000         1.000         1.000
 PH             1.000         1.000         1.000         1.000         1.000
 PK             1.000         1.000         1.000         1.000         1.000
 PL             1.000         1.000         1.000         1.000         1.000
 PT             1.000         1.000         1.000         1.000         1.000
 RU             1.000         1.000         1.000         1.000         1.000
 SA             1.000         1.000         1.000         1.000         1.000
 SE             1.000         1.000         1.000         1.000         1.000
 SG             1.000         1.000         1.000         1.000         1.000
 TH             1.000         1.000         1.000         1.000         1.000
 TR             1.000         1.000         1.000         1.000         1.000
 UA             1.000         1.000         1.000         1.000         1.000
 US             1.000         1.000         1.000         1.000         1.000
 VE             1.000         1.000         1.000         1.000         1.000
 VN             1.000         1.000         1.000         1.000         1.000


           Covariance Coverage
              GR            HK            ID            IE            IL
              ________      ________      ________      ________      ________
 GR             1.000
 HK             1.000         1.000
 ID             1.000         1.000         1.000
 IE             1.000         1.000         1.000         1.000
 IL             1.000         1.000         1.000         1.000         1.000
 IN             1.000         1.000         1.000         1.000         1.000
 IT             1.000         1.000         1.000         1.000         1.000
 JP             1.000         1.000         1.000         1.000         1.000
 KE             1.000         1.000         1.000         1.000         1.000
 KR             1.000         1.000         1.000         1.000         1.000
 MA             1.000         1.000         1.000         1.000         1.000
 MX             1.000         1.000         1.000         1.000         1.000
 MY             1.000         1.000         1.000         1.000         1.000
 NL             1.000         1.000         1.000         1.000         1.000
 NO             1.000         1.000         1.000         1.000         1.000
 PE             1.000         1.000         1.000         1.000         1.000
 PH             1.000         1.000         1.000         1.000         1.000
 PK             1.000         1.000         1.000         1.000         1.000
 PL             1.000         1.000         1.000         1.000         1.000
 PT             1.000         1.000         1.000         1.000         1.000
 RU             1.000         1.000         1.000         1.000         1.000
 SA             1.000         1.000         1.000         1.000         1.000
 SE             1.000         1.000         1.000         1.000         1.000
 SG             1.000         1.000         1.000         1.000         1.000
 TH             1.000         1.000         1.000         1.000         1.000
 TR             1.000         1.000         1.000         1.000         1.000
 UA             1.000         1.000         1.000         1.000         1.000
 US             1.000         1.000         1.000         1.000         1.000
 VE             1.000         1.000         1.000         1.000         1.000
 VN             1.000         1.000         1.000         1.000         1.000


           Covariance Coverage
              IN            IT            JP            KE            KR
              ________      ________      ________      ________      ________
 IN             1.000
 IT             1.000         1.000
 JP             1.000         1.000         1.000
 KE             1.000         1.000         1.000         1.000
 KR             1.000         1.000         1.000         1.000         1.000
 MA             1.000         1.000         1.000         1.000         1.000
 MX             1.000         1.000         1.000         1.000         1.000
 MY             1.000         1.000         1.000         1.000         1.000
 NL             1.000         1.000         1.000         1.000         1.000
 NO             1.000         1.000         1.000         1.000         1.000
 PE             1.000         1.000         1.000         1.000         1.000
 PH             1.000         1.000         1.000         1.000         1.000
 PK             1.000         1.000         1.000         1.000         1.000
 PL             1.000         1.000         1.000         1.000         1.000
 PT             1.000         1.000         1.000         1.000         1.000
 RU             1.000         1.000         1.000         1.000         1.000
 SA             1.000         1.000         1.000         1.000         1.000
 SE             1.000         1.000         1.000         1.000         1.000
 SG             1.000         1.000         1.000         1.000         1.000
 TH             1.000         1.000         1.000         1.000         1.000
 TR             1.000         1.000         1.000         1.000         1.000
 UA             1.000         1.000         1.000         1.000         1.000
 US             1.000         1.000         1.000         1.000         1.000
 VE             1.000         1.000         1.000         1.000         1.000
 VN             1.000         1.000         1.000         1.000         1.000


           Covariance Coverage
              MA            MX            MY            NL            NO
              ________      ________      ________      ________      ________
 MA             1.000
 MX             1.000         1.000
 MY             1.000         1.000         1.000
 NL             1.000         1.000         1.000         1.000
 NO             1.000         1.000         1.000         1.000         1.000
 PE             1.000         1.000         1.000         1.000         1.000
 PH             1.000         1.000         1.000         1.000         1.000
 PK             1.000         1.000         1.000         1.000         1.000
 PL             1.000         1.000         1.000         1.000         1.000
 PT             1.000         1.000         1.000         1.000         1.000
 RU             1.000         1.000         1.000         1.000         1.000
 SA             1.000         1.000         1.000         1.000         1.000
 SE             1.000         1.000         1.000         1.000         1.000
 SG             1.000         1.000         1.000         1.000         1.000
 TH             1.000         1.000         1.000         1.000         1.000
 TR             1.000         1.000         1.000         1.000         1.000
 UA             1.000         1.000         1.000         1.000         1.000
 US             1.000         1.000         1.000         1.000         1.000
 VE             1.000         1.000         1.000         1.000         1.000
 VN             1.000         1.000         1.000         1.000         1.000


           Covariance Coverage
              PE            PH            PK            PL            PT
              ________      ________      ________      ________      ________
 PE             1.000
 PH             1.000         1.000
 PK             1.000         1.000         1.000
 PL             1.000         1.000         1.000         1.000
 PT             1.000         1.000         1.000         1.000         1.000
 RU             1.000         1.000         1.000         1.000         1.000
 SA             1.000         1.000         1.000         1.000         1.000
 SE             1.000         1.000         1.000         1.000         1.000
 SG             1.000         1.000         1.000         1.000         1.000
 TH             1.000         1.000         1.000         1.000         1.000
 TR             1.000         1.000         1.000         1.000         1.000
 UA             1.000         1.000         1.000         1.000         1.000
 US             1.000         1.000         1.000         1.000         1.000
 VE             1.000         1.000         1.000         1.000         1.000
 VN             1.000         1.000         1.000         1.000         1.000


           Covariance Coverage
              RU            SA            SE            SG            TH
              ________      ________      ________      ________      ________
 RU             1.000
 SA             1.000         1.000
 SE             1.000         1.000         1.000
 SG             1.000         1.000         1.000         1.000
 TH             1.000         1.000         1.000         1.000         1.000
 TR             1.000         1.000         1.000         1.000         1.000
 UA             1.000         1.000         1.000         1.000         1.000
 US             1.000         1.000         1.000         1.000         1.000
 VE             1.000         1.000         1.000         1.000         1.000
 VN             1.000         1.000         1.000         1.000         1.000


           Covariance Coverage
              TR            UA            US            VE            VN
              ________      ________      ________      ________      ________
 TR             1.000
 UA             1.000         1.000
 US             1.000         1.000         1.000
 VE             1.000         1.000         1.000         1.000
 VN             1.000         1.000         1.000         1.000         1.000


UNIVARIATE PROPORTIONS AND COUNTS FOR CATEGORICAL VARIABLES

    Q04C
      Category 1    0.852        35737.000
      Category 2    0.148         6195.000
    Q14A
      Category 1    0.895        37543.000
      Category 2    0.105         4389.000
    Q14B
      Category 1    0.898        37640.000
      Category 2    0.102         4292.000
    Q14F
      Category 1    0.947        39709.000
      Category 2    0.053         2223.000
    Q14K
      Category 1    0.966        40521.000
      Category 2    0.034         1411.000
    Q15A
      Category 1    0.862        36154.000
      Category 2    0.138         5778.000
    Q15B
      Category 1    0.754        31608.000
      Category 2    0.246        10324.000
    Q15C
      Category 1    0.799        33505.000
      Category 2    0.201         8427.000
    Q15D
      Category 1    0.792        33231.000
      Category 2    0.208         8701.000
    Q15F
      Category 1    0.878        36825.000
      Category 2    0.122         5107.000



UNIVARIATE SAMPLE STATISTICS


     UNIVARIATE HIGHER-ORDER MOMENT DESCRIPTIVE STATISTICS

         Variable/         Mean/     Skewness/   Minimum/ % with                Percentiles
        Sample Size      Variance    Kurtosis    Maximum  Min/Max      20%/60%    40%/80%    Median

     INC                   7.230      -0.216       4.828    5.51%       5.927      7.313      7.313
           35183.000       1.564      -0.488       9.770    1.35%       7.824      8.161
     AGE                  35.434       0.283      15.000    0.86%      23.000     30.000     34.000
           41932.000     147.414      -0.865      66.000    0.18%      40.000     47.000
     GEN                   0.529      -0.116       0.000   47.10%       0.000      0.000      1.000
           41932.000       0.249      -1.987       1.000   52.90%       1.000      1.000
     ESS                  11.980      -0.624       5.521    5.57%      10.146     11.918     11.918
           41932.000      10.355      -0.433      16.300    3.19%      13.325     14.914
     LOW_EDU               0.173       1.732       0.000   82.73%       0.000      0.000      0.000
           41932.000       0.143       1.000       1.000   17.27%       0.000      0.000
     HIGH_EDU              0.444       0.225       0.000   55.58%       0.000      0.000      0.000
           41932.000       0.247      -1.950       1.000   44.42%       1.000      1.000
     POPDEN                7.310      -2.721      -6.908    3.98%       6.862      8.121      8.476
           41932.000      16.627       6.668      11.588    0.00%       8.811      9.583
     ACCESS                0.159       1.864       0.000   84.09%       0.000      0.000      0.000
           41932.000       0.134       1.473       1.000   15.91%       0.000      0.000
     OWNING                0.486       0.058       0.000   51.45%       0.000      0.000      0.000
           41932.000       0.250      -1.997       1.000   48.55%       1.000      1.000
     Q01D                  0.427       0.297       0.000   57.34%       0.000      0.000      0.000
           41932.000       0.245      -1.912       1.000   42.66%       1.000      1.000
     Q01E                  0.232       1.271       0.000   76.82%       0.000      0.000      0.000
           41932.000       0.178      -0.385       1.000   23.18%       0.000      1.000
     Q01A                  0.097       2.715       0.000   90.26%       0.000      0.000      0.000
           41932.000       0.088       5.370       1.000    9.74%       0.000      0.000
     Q01K                  0.094       2.785       0.000   90.61%       0.000      0.000      0.000
           41932.000       0.085       5.754       1.000    9.39%       0.000      0.000
     Q01O                  0.159       1.865       0.000   84.10%       0.000      0.000      0.000
           41932.000       0.134       1.479       1.000   15.90%       0.000      0.000
     RAIL                  0.177       1.695       0.000   82.33%       0.000      0.000      0.000
           41932.000       0.146       0.873       1.000   17.67%       0.000      0.000
     AE                    0.013       8.683       0.000   98.72%       0.000      0.000      0.000
           41932.000       0.013      73.390       1.000    1.28%       0.000      0.000
     AR                    0.012       8.794       0.000   98.76%       0.000      0.000      0.000
           41932.000       0.012      75.342       1.000    1.24%       0.000      0.000
     AT                    0.012       8.838       0.000   98.77%       0.000      0.000      0.000
           41932.000       0.012      76.119       1.000    1.23%       0.000      0.000
     AU                    0.024       6.175       0.000   97.57%       0.000      0.000      0.000
           41932.000       0.024      36.135       1.000    2.43%       0.000      0.000
     BE                    0.024       6.153       0.000   97.55%       0.000      0.000      0.000
           41932.000       0.024      35.855       1.000    2.45%       0.000      0.000
     BH                    0.008      10.888       0.000   99.18%       0.000      0.000      0.000
           41932.000       0.008     116.550       1.000    0.82%       0.000      0.000
     BR                    0.024       6.159       0.000   97.56%       0.000      0.000      0.000
           41932.000       0.024      35.934       1.000    2.44%       0.000      0.000
     CA                    0.025       6.111       0.000   97.52%       0.000      0.000      0.000
           41932.000       0.024      35.345       1.000    2.48%       0.000      0.000
     CH                    0.012       8.803       0.000   98.76%       0.000      0.000      0.000
           41932.000       0.012      75.496       1.000    1.24%       0.000      0.000
     CL                    0.012       8.929       0.000   98.79%       0.000      0.000      0.000
           41932.000       0.012      77.718       1.000    1.21%       0.000      0.000
     CN                    0.026       5.988       0.000   97.42%       0.000      0.000      0.000
           41932.000       0.025      33.852       1.000    2.58%       0.000      0.000
     CO                    0.025       6.117       0.000   97.52%       0.000      0.000      0.000
           41932.000       0.024      35.422       1.000    2.48%       0.000      0.000
     DE                    0.024       6.215       0.000   97.60%       0.000      0.000      0.000
           41932.000       0.023      36.624       1.000    2.40%       0.000      0.000
     DK                    0.025       6.076       0.000   97.49%       0.000      0.000      0.000
           41932.000       0.024      34.923       1.000    2.51%       0.000      0.000
     DZ                    0.013       8.742       0.000   98.74%       0.000      0.000      0.000
           41932.000       0.012      74.429       1.000    1.26%       0.000      0.000
     EC                    0.012       8.847       0.000   98.77%       0.000      0.000      0.000
           41932.000       0.012      76.276       1.000    1.23%       0.000      0.000
     EG                    0.012       8.993       0.000   98.81%       0.000      0.000      0.000
           41932.000       0.012      78.876       1.000    1.19%       0.000      0.000
     ES                    0.024       6.188       0.000   97.58%       0.000      0.000      0.000
           41932.000       0.024      36.296       1.000    2.42%       0.000      0.000
     FR                    0.025       6.036       0.000   97.46%       0.000      0.000      0.000
           41932.000       0.025      34.436       1.000    2.54%       0.000      0.000
     GB                    0.024       6.162       0.000   97.56%       0.000      0.000      0.000
           41932.000       0.024      35.974       1.000    2.44%       0.000      0.000
     GR                    0.025       6.124       0.000   97.53%       0.000      0.000      0.000
           41932.000       0.024      35.500       1.000    2.47%       0.000      0.000
     HK                    0.005      14.093       0.000   99.50%       0.000      0.000      0.000
           41932.000       0.005     196.601       1.000    0.50%       0.000      0.000
     ID                    0.013       8.683       0.000   98.72%       0.000      0.000      0.000
           41932.000       0.013      73.390       1.000    1.28%       0.000      0.000
     IE                    0.013       8.734       0.000   98.74%       0.000      0.000      0.000
           41932.000       0.012      74.279       1.000    1.26%       0.000      0.000
     IL                    0.012       8.803       0.000   98.76%       0.000      0.000      0.000
           41932.000       0.012      75.496       1.000    1.24%       0.000      0.000
     IN                    0.024       6.231       0.000   97.61%       0.000      0.000      0.000
           41932.000       0.023      36.831       1.000    2.39%       0.000      0.000
     IT                    0.024       6.208       0.000   97.59%       0.000      0.000      0.000
           41932.000       0.024      36.542       1.000    2.41%       0.000      0.000
     JP                    0.025       6.146       0.000   97.55%       0.000      0.000      0.000
           41932.000       0.024      35.775       1.000    2.45%       0.000      0.000
     KE                    0.012       8.803       0.000   98.76%       0.000      0.000      0.000
           41932.000       0.012      75.496       1.000    1.24%       0.000      0.000
     KR                    0.025       6.083       0.000   97.50%       0.000      0.000      0.000
           41932.000       0.024      34.999       1.000    2.50%       0.000      0.000
     MA                    0.012       8.821       0.000   98.76%       0.000      0.000      0.000
           41932.000       0.012      75.806       1.000    1.24%       0.000      0.000
     MX                    0.024       6.188       0.000   97.58%       0.000      0.000      0.000
           41932.000       0.024      36.296       1.000    2.42%       0.000      0.000
     MY                    0.024       6.153       0.000   97.55%       0.000      0.000      0.000
           41932.000       0.024      35.855       1.000    2.45%       0.000      0.000
     NL                    0.024       6.242       0.000   97.62%       0.000      0.000      0.000
           41932.000       0.023      36.956       1.000    2.38%       0.000      0.000
     NO                    0.025       6.061       0.000   97.48%       0.000      0.000      0.000
           41932.000       0.025      34.734       1.000    2.52%       0.000      0.000
     PE                    0.024       6.169       0.000   97.56%       0.000      0.000      0.000
           41932.000       0.024      36.054       1.000    2.44%       0.000      0.000
     PH                    0.012       8.956       0.000   98.80%       0.000      0.000      0.000
           41932.000       0.012      78.211       1.000    1.20%       0.000      0.000
     PK                    0.018       7.160       0.000   98.16%       0.000      0.000      0.000
           41932.000       0.018      49.265       1.000    1.84%       0.000      0.000
     PL                    0.024       6.225       0.000   97.60%       0.000      0.000      0.000
           41932.000       0.023      36.748       1.000    2.40%       0.000      0.000
     PT                    0.024       6.175       0.000   97.57%       0.000      0.000      0.000
           41932.000       0.024      36.135       1.000    2.43%       0.000      0.000
     RU                    0.024       6.228       0.000   97.61%       0.000      0.000      0.000
           41932.000       0.023      36.789       1.000    2.39%       0.000      0.000
     SA                    0.024       6.231       0.000   97.61%       0.000      0.000      0.000
           41932.000       0.023      36.831       1.000    2.39%       0.000      0.000
     SE                    0.025       6.064       0.000   97.48%       0.000      0.000      0.000
           41932.000       0.025      34.772       1.000    2.52%       0.000      0.000
     SG                    0.024       6.185       0.000   97.57%       0.000      0.000      0.000
           41932.000       0.024      36.256       1.000    2.43%       0.000      0.000
     TH                    0.024       6.238       0.000   97.61%       0.000      0.000      0.000
           41932.000       0.023      36.915       1.000    2.39%       0.000      0.000
     TR                    0.024       6.235       0.000   97.61%       0.000      0.000      0.000
           41932.000       0.023      36.873       1.000    2.39%       0.000      0.000
     UA                    0.012       8.929       0.000   98.79%       0.000      0.000      0.000
           41932.000       0.012      77.718       1.000    1.21%       0.000      0.000
     US                    0.024       6.265       0.000   97.63%       0.000      0.000      0.000
           41932.000       0.023      37.252       1.000    2.37%       0.000      0.000
     VE                    0.012       8.786       0.000   98.75%       0.000      0.000      0.000
           41932.000       0.012      75.189       1.000    1.25%       0.000      0.000
     VN                    0.013       8.768       0.000   98.75%       0.000      0.000      0.000
           41932.000       0.012      74.883       1.000    1.25%       0.000      0.000


THE MODEL ESTIMATION TERMINATED NORMALLY



MODEL FIT INFORMATION

Number of Free Parameters                       88

Loglikelihood

          H0 Value                     -202452.246
          H0 Scaling Correction Factor      5.2165
            for MLR

Information Criteria

          Akaike (AIC)                  405080.492
          Bayesian (BIC)                405841.146
          Sample-Size Adjusted BIC      405561.482
            (n* = (n + 2) / 24)



MODEL RESULTS

                                                    Two-Tailed
                    Estimate       S.E.  Est./S.E.    P-Value

 CARPRIDE BY
    Q14A               2.267      0.069     33.017      0.000
    Q14B               2.031      0.056     36.050      0.000
    Q14F               1.900      0.064     29.464      0.000
    Q14K               1.229      0.050     24.801      0.000
    Q15A               1.653      0.061     27.308      0.000
    Q15B               1.156      0.043     27.050      0.000
    Q15C               1.131      0.035     32.715      0.000
    Q15D               0.971      0.072     13.500      0.000
    Q15F               1.433      0.043     33.306      0.000

 Q04C       ON
    CARPRIDE          -0.019      0.028     -0.681      0.496

 Q04C       ON
    AGE               -0.002      0.002     -0.912      0.362
    GEN                0.038      0.041      0.936      0.349
    LOW_EDU            0.035      0.042      0.852      0.394
    HIGH_EDU           0.140      0.042      3.344      0.001
    INC                0.020      0.019      1.013      0.311
    ESS                0.012      0.006      2.053      0.040
    ACCESS             0.012      0.043      0.292      0.770
    OWNING             0.064      0.046      1.393      0.164
    POPDEN            -0.009      0.005     -1.799      0.072
    Q01D              -0.111      0.040     -2.758      0.006
    Q01E              -0.033      0.038     -0.887      0.375
    Q01A               1.003      0.047     21.475      0.000
    Q01K              -0.023      0.055     -0.414      0.679
    Q01O               0.211      0.039      5.387      0.000
    RAIL              -0.091      0.038     -2.413      0.016
    AE                -0.146      0.024     -6.071      0.000
    AR                 0.114      0.017      6.691      0.000
    AT                 0.380      0.027     14.039      0.000
    AU                 0.082      0.019      4.279      0.000
    BE                 0.532      0.026     20.353      0.000
    BH                -0.596      0.025    -23.591      0.000
    BR                 0.636      0.015     41.648      0.000
    CA                 0.090      0.018      5.066      0.000
    CH                 0.387      0.036     10.770      0.000
    CL                 0.832      0.022     38.339      0.000
    CN                -0.150      0.027     -5.450      0.000
    CO                 0.708      0.029     24.602      0.000
    DE                 0.582      0.027     21.923      0.000
    DK                 0.080      0.033      2.456      0.014
    DZ                -0.892      0.039    -22.959      0.000
    EC                 0.549      0.023     23.439      0.000
    EG                -0.299      0.037     -8.156      0.000
    ES                 0.225      0.023     10.012      0.000
    FR                 0.596      0.025     23.740      0.000
    GB                 0.220      0.024      9.128      0.000
    GR                 0.761      0.025     31.044      0.000
    HK                 0.150      0.041      3.624      0.000
    ID                -0.652      0.038    -17.335      0.000
    IE                 0.428      0.024     17.780      0.000
    IL                 0.214      0.019     11.014      0.000
    IN                -0.423      0.028    -15.285      0.000
    IT                 0.448      0.022     20.672      0.000
    JP                 0.544      0.034     16.139      0.000
    KE                -0.506      0.030    -16.768      0.000
    KR                 0.038      0.027      1.414      0.157
    MA                -0.331      0.026    -12.774      0.000
    MX                 0.555      0.018     30.733      0.000
    MY                -0.395      0.017    -23.648      0.000
    NL                 0.140      0.033      4.199      0.000
    NO                -0.071      0.030     -2.409      0.016
    PE                 0.542      0.029     18.761      0.000
    PH                 0.033      0.030      1.086      0.277
    PK                -0.573      0.026    -21.679      0.000
    PL                 1.167      0.021     56.503      0.000
    PT                 0.424      0.018     23.213      0.000
    RU                -0.259      0.026     -9.853      0.000
    SA                -0.426      0.015    -27.541      0.000
    SE                 0.150      0.028      5.297      0.000
    SG                 0.156      0.031      4.948      0.000
    TH                -0.093      0.018     -5.141      0.000
    TR                 0.258      0.020     12.978      0.000
    UA                 0.482      0.039     12.492      0.000
    US                 0.115      0.018      6.425      0.000
    VE                -0.319      0.038     -8.336      0.000
    VN                -0.416      0.031    -13.584      0.000

 INC      WITH
    CARPRIDE           0.123      0.031      3.930      0.000

 Means
    INC                7.226      0.093     77.759      0.000

 Thresholds
    Q04C$1             2.352      0.148     15.860      0.000
    Q14A$1             3.599      0.114     31.533      0.000
    Q14B$1             3.404      0.096     35.627      0.000
    Q14F$1             4.229      0.117     36.266      0.000
    Q14K$1             4.027      0.093     43.215      0.000
    Q15A$1             2.606      0.085     30.792      0.000
    Q15B$1             1.396      0.083     16.862      0.000
    Q15C$1             1.701      0.090     18.977      0.000
    Q15D$1             1.579      0.115     13.769      0.000
    Q15F$1             2.620      0.083     31.591      0.000

 Variances
    INC                1.564      0.084     18.531      0.000
    CARPRIDE           1.000      0.000    999.000    999.000


LOGISTIC REGRESSION ODDS RATIO RESULTS

                                         (Est. - 1) Two-Tailed
                    Estimate       S.E.     / S.E.    P-Value

 Q04C       ON
    CARPRIDE           0.981      0.027     -0.688      0.492

 Q04C       ON
    AGE                0.998      0.002     -0.913      0.361
    GEN                1.039      0.043      0.918      0.358
    LOW_EDU            1.036      0.043      0.837      0.403
    HIGH_EDU           1.151      0.048      3.120      0.002
    INC                1.020      0.020      1.003      0.316
    ESS                1.012      0.006      2.041      0.041
    ACCESS             1.013      0.043      0.290      0.772
    OWNING             1.066      0.049      1.350      0.177
    POPDEN             0.991      0.005     -1.807      0.071
    Q01D               0.895      0.036     -2.916      0.004
    Q01E               0.967      0.037     -0.902      0.367
    Q01A               2.725      0.127     13.560      0.000
    Q01K               0.977      0.054     -0.419      0.675
    Q01O               1.234      0.048      4.858      0.000
    RAIL               0.913      0.034     -2.526      0.012
    AE                 0.864      0.021     -6.536      0.000
    AR                 1.121      0.019      6.324      0.000
    AT                 1.462      0.040     11.680      0.000
    AU                 1.085      0.021      4.108      0.000
    BE                 1.703      0.045     15.782      0.000
    BH                 0.551      0.014    -32.245      0.000
    BR                 1.890      0.029     30.811      0.000
    CA                 1.094      0.020      4.844      0.000
    CH                 1.472      0.053      8.932      0.000
    CL                 2.298      0.050     26.027      0.000
    CN                 0.861      0.024     -5.879      0.000
    CO                 2.029      0.058     17.632      0.000
    DE                 1.790      0.048     16.620      0.000
    DK                 1.084      0.035      2.360      0.018
    DZ                 0.410      0.016    -37.068      0.000
    EC                 1.732      0.041     18.034      0.000
    EG                 0.742      0.027     -9.504      0.000
    ES                 1.253      0.028      8.964      0.000
    FR                 1.815      0.046     17.884      0.000
    GB                 1.246      0.030      8.193      0.000
    GR                 2.140      0.052     21.738      0.000
    HK                 1.162      0.048      3.365      0.001
    ID                 0.521      0.020    -24.449      0.000
    IE                 1.534      0.037     14.464      0.000
    IL                 1.239      0.024      9.914      0.000
    IN                 0.655      0.018    -19.022      0.000
    IT                 1.565      0.034     16.661      0.000
    JP                 1.724      0.058     12.445      0.000
    KE                 0.603      0.018    -21.827      0.000
    KR                 1.039      0.028      1.388      0.165
    MA                 0.718      0.019    -15.144      0.000
    MX                 1.742      0.031     23.586      0.000
    MY                 0.674      0.011    -28.997      0.000
    NL                 1.151      0.038      3.918      0.000
    NO                 0.931      0.028     -2.497      0.013
    PE                 1.720      0.050     14.482      0.000
    PH                 1.033      0.031      1.069      0.285
    PK                 0.564      0.015    -29.267      0.000
    PL                 3.212      0.066     33.345      0.000
    PT                 1.529      0.028     18.915      0.000
    RU                 0.772      0.020    -11.248      0.000
    SA                 0.653      0.010    -34.343      0.000
    SE                 1.161      0.033      4.920      0.000
    SG                 1.168      0.037      4.583      0.000
    TH                 0.911      0.017     -5.389      0.000
    TR                 1.294      0.026     11.441      0.000
    UA                 1.619      0.062      9.912      0.000
    US                 1.121      0.020      6.071      0.000
    VE                 0.727      0.028     -9.817      0.000
    VN                 0.660      0.020    -16.841      0.000


STANDARDIZED MODEL RESULTS


STDYX Standardization

                                                    Two-Tailed
                    Estimate       S.E.  Est./S.E.    P-Value

 CARPRIDE BY
    Q14A               0.781      0.009     84.615      0.000
    Q14B               0.746      0.009     81.264      0.000
    Q14F               0.723      0.012     61.802      0.000
    Q14K               0.561      0.016     36.180      0.000
    Q15A               0.673      0.013     49.978      0.000
    Q15B               0.537      0.014     38.029      0.000
    Q15C               0.529      0.012     45.432      0.000
    Q15D               0.472      0.027     17.371      0.000
    Q15F               0.620      0.011     54.101      0.000

 Q04C       ON
    CARPRIDE          -0.010      0.015     -0.681      0.496

 Q04C       ON
    AGE               -0.011      0.012     -0.912      0.362
    GEN                0.010      0.011      0.937      0.349
    LOW_EDU            0.007      0.008      0.851      0.395
    HIGH_EDU           0.037      0.011      3.345      0.001
    INC                0.013      0.013      1.008      0.313
    ESS                0.020      0.010      2.053      0.040
    ACCESS             0.002      0.008      0.292      0.770
    OWNING             0.017      0.012      1.393      0.164
    POPDEN            -0.019      0.010     -1.799      0.072
    Q01D              -0.029      0.010     -2.759      0.006
    Q01E              -0.007      0.008     -0.886      0.375
    Q01A               0.157      0.007     21.978      0.000
    Q01K              -0.004      0.009     -0.415      0.678
    Q01O               0.041      0.008      5.400      0.000
    RAIL              -0.018      0.008     -2.412      0.016
    AE                -0.009      0.001     -6.088      0.000
    AR                 0.007      0.001      6.673      0.000
    AT                 0.022      0.002     14.003      0.000
    AU                 0.007      0.002      4.274      0.000
    BE                 0.043      0.002     20.166      0.000
    BH                -0.028      0.001    -23.526      0.000
    BR                 0.052      0.001     40.118      0.000
    CA                 0.007      0.001      5.066      0.000
    CH                 0.023      0.002     10.724      0.000
    CL                 0.048      0.001     37.643      0.000
    CN                -0.013      0.002     -5.462      0.000
    CO                 0.058      0.002     24.311      0.000
    DE                 0.047      0.002     21.738      0.000
    DK                 0.007      0.003      2.452      0.014
    DZ                -0.053      0.002    -23.007      0.000
    EC                 0.032      0.001     23.339      0.000
    EG                -0.017      0.002     -8.161      0.000
    ES                 0.018      0.002     10.000      0.000
    FR                 0.050      0.002     23.681      0.000
    GB                 0.018      0.002      9.099      0.000
    GR                 0.062      0.002     30.770      0.000
    HK                 0.006      0.002      3.620      0.000
    ID                -0.039      0.002    -17.334      0.000
    IE                 0.025      0.001     17.697      0.000
    IL                 0.013      0.001     10.956      0.000
    IN                -0.034      0.002    -15.379      0.000
    IT                 0.036      0.002     20.556      0.000
    JP                 0.045      0.003     16.010      0.000
    KE                -0.030      0.002    -16.878      0.000
    KR                 0.003      0.002      1.414      0.157
    MA                -0.019      0.002    -12.824      0.000
    MX                 0.045      0.001     30.387      0.000
    MY                -0.032      0.001    -23.656      0.000
    NL                 0.011      0.003      4.186      0.000
    NO                -0.006      0.002     -2.410      0.016
    PE                 0.044      0.002     18.676      0.000
    PH                 0.002      0.002      1.086      0.277
    PK                -0.041      0.002    -21.764      0.000
    PL                 0.094      0.002     54.855      0.000
    PT                 0.035      0.001     23.137      0.000
    RU                -0.021      0.002     -9.850      0.000
    SA                -0.034      0.001    -27.516      0.000
    SE                 0.012      0.002      5.284      0.000
    SG                 0.013      0.003      4.943      0.000
    TH                -0.008      0.001     -5.148      0.000
    TR                 0.021      0.002     12.922      0.000
    UA                 0.028      0.002     12.457      0.000
    US                 0.009      0.001      6.419      0.000
    VE                -0.019      0.002     -8.337      0.000
    VN                -0.024      0.002    -13.634      0.000

 INC      WITH
    CARPRIDE           0.098      0.025      3.931      0.000

 Means
    INC                5.778      0.189     30.600      0.000

 Thresholds
    Q04C$1             1.243      0.078     15.851      0.000
    Q14A$1             1.240      0.032     38.244      0.000
    Q14B$1             1.250      0.031     40.779      0.000
    Q14F$1             1.610      0.036     45.171      0.000
    Q14K$1             1.838      0.029     63.207      0.000
    Q15A$1             1.062      0.028     38.546      0.000
    Q15B$1             0.649      0.036     17.976      0.000
    Q15C$1             0.796      0.038     20.869      0.000
    Q15D$1             0.768      0.045     16.939      0.000
    Q15F$1             1.133      0.028     40.663      0.000

 Variances
    INC                1.000      0.000    999.000    999.000
    CARPRIDE           1.000      0.000    999.000    999.000


STDY Standardization

                                                    Two-Tailed
                    Estimate       S.E.  Est./S.E.    P-Value

 CARPRIDE BY
    Q14A               0.781      0.009     84.615      0.000
    Q14B               0.746      0.009     81.264      0.000
    Q14F               0.723      0.012     61.802      0.000
    Q14K               0.561      0.016     36.180      0.000
    Q15A               0.673      0.013     49.978      0.000
    Q15B               0.537      0.014     38.029      0.000
    Q15C               0.529      0.012     45.432      0.000
    Q15D               0.472      0.027     17.371      0.000
    Q15F               0.620      0.011     54.101      0.000

 Q04C       ON
    CARPRIDE          -0.010      0.015     -0.681      0.496

 Q04C       ON
    AGE               -0.001      0.001     -0.912      0.362
    GEN                0.020      0.022      0.937      0.349
    LOW_EDU            0.019      0.022      0.851      0.395
    HIGH_EDU           0.074      0.022      3.345      0.001
    INC                0.013      0.013      1.008      0.313
    ESS                0.006      0.003      2.053      0.040
    ACCESS             0.007      0.023      0.292      0.770
    OWNING             0.034      0.024      1.393      0.164
    POPDEN            -0.005      0.003     -1.799      0.072
    Q01D              -0.058      0.021     -2.759      0.006
    Q01E              -0.018      0.020     -0.886      0.375
    Q01A               0.530      0.024     22.038      0.000
    Q01K              -0.012      0.029     -0.415      0.678
    Q01O               0.111      0.021      5.401      0.000
    RAIL              -0.048      0.020     -2.413      0.016
    AE                -0.077      0.013     -6.089      0.000
    AR                 0.060      0.009      6.674      0.000
    AT                 0.201      0.014     14.019      0.000
    AU                 0.043      0.010      4.275      0.000
    BE                 0.281      0.014     20.215      0.000
    BH                -0.315      0.013    -23.604      0.000
    BR                 0.336      0.008     40.507      0.000
    CA                 0.048      0.009      5.067      0.000
    CH                 0.204      0.019     10.732      0.000
    CL                 0.440      0.012     37.964      0.000
    CN                -0.079      0.014     -5.463      0.000
    CO                 0.374      0.015     24.397      0.000
    DE                 0.308      0.014     21.799      0.000
    DK                 0.042      0.017      2.452      0.014
    DZ                -0.472      0.020    -23.080      0.000
    EC                 0.290      0.012     23.415      0.000
    EG                -0.158      0.019     -8.164      0.000
    ES                 0.119      0.012     10.006      0.000
    FR                 0.315      0.013     23.761      0.000
    GB                 0.116      0.013      9.104      0.000
    GR                 0.402      0.013     30.945      0.000
    HK                 0.079      0.022      3.620      0.000
    ID                -0.345      0.020    -17.365      0.000
    IE                 0.226      0.013     17.730      0.000
    IL                 0.113      0.010     10.964      0.000
    IN                -0.223      0.015    -15.401      0.000
    IT                 0.237      0.011     20.608      0.000
    JP                 0.288      0.018     16.034      0.000
    KE                -0.268      0.016    -16.907      0.000
    KR                 0.020      0.014      1.414      0.157
    MA                -0.175      0.014    -12.836      0.000
    MX                 0.293      0.010     30.556      0.000
    MY                -0.209      0.009    -23.735      0.000
    NL                 0.074      0.018      4.186      0.000
    NO                -0.038      0.016     -2.410      0.016
    PE                 0.287      0.015     18.715      0.000
    PH                 0.017      0.016      1.086      0.277
    PK                -0.303      0.014    -21.825      0.000
    PL                 0.617      0.011     55.852      0.000
    PT                 0.224      0.010     23.211      0.000
    RU                -0.137      0.014     -9.856      0.000
    SA                -0.225      0.008    -27.640      0.000
    SE                 0.079      0.015      5.285      0.000
    SG                 0.082      0.017      4.944      0.000
    TH                -0.049      0.010     -5.149      0.000
    TR                 0.136      0.011     12.935      0.000
    UA                 0.255      0.020     12.468      0.000
    US                 0.061      0.009      6.421      0.000
    VE                -0.168      0.020     -8.341      0.000
    VN                -0.220      0.016    -13.649      0.000

 INC      WITH
    CARPRIDE           0.098      0.025      3.931      0.000

 Means
    INC                5.778      0.189     30.600      0.000

 Thresholds
    Q04C$1             1.243      0.078     15.851      0.000
    Q14A$1             1.240      0.032     38.244      0.000
    Q14B$1             1.250      0.031     40.779      0.000
    Q14F$1             1.610      0.036     45.171      0.000
    Q14K$1             1.838      0.029     63.207      0.000
    Q15A$1             1.062      0.028     38.546      0.000
    Q15B$1             0.649      0.036     17.976      0.000
    Q15C$1             0.796      0.038     20.869      0.000
    Q15D$1             0.768      0.045     16.939      0.000
    Q15F$1             1.133      0.028     40.663      0.000

 Variances
    INC                1.000      0.000    999.000    999.000
    CARPRIDE           1.000      0.000    999.000    999.000


STD Standardization

                                                    Two-Tailed
                    Estimate       S.E.  Est./S.E.    P-Value

 CARPRIDE BY
    Q14A               2.267      0.069     33.017      0.000
    Q14B               2.031      0.056     36.050      0.000
    Q14F               1.900      0.064     29.464      0.000
    Q14K               1.229      0.050     24.801      0.000
    Q15A               1.653      0.061     27.308      0.000
    Q15B               1.156      0.043     27.050      0.000
    Q15C               1.131      0.035     32.715      0.000
    Q15D               0.971      0.072     13.500      0.000
    Q15F               1.433      0.043     33.306      0.000

 Q04C       ON
    CARPRIDE          -0.019      0.028     -0.681      0.496

 Q04C       ON
    AGE               -0.002      0.002     -0.912      0.362
    GEN                0.038      0.041      0.936      0.349
    LOW_EDU            0.035      0.042      0.852      0.394
    HIGH_EDU           0.140      0.042      3.344      0.001
    INC                0.020      0.019      1.013      0.311
    ESS                0.012      0.006      2.053      0.040
    ACCESS             0.012      0.043      0.292      0.770
    OWNING             0.064      0.046      1.393      0.164
    POPDEN            -0.009      0.005     -1.799      0.072
    Q01D              -0.111      0.040     -2.758      0.006
    Q01E              -0.033      0.038     -0.887      0.375
    Q01A               1.003      0.047     21.475      0.000
    Q01K              -0.023      0.055     -0.414      0.679
    Q01O               0.211      0.039      5.387      0.000
    RAIL              -0.091      0.038     -2.413      0.016
    AE                -0.146      0.024     -6.071      0.000
    AR                 0.114      0.017      6.691      0.000
    AT                 0.380      0.027     14.039      0.000
    AU                 0.082      0.019      4.279      0.000
    BE                 0.532      0.026     20.353      0.000
    BH                -0.596      0.025    -23.591      0.000
    BR                 0.636      0.015     41.648      0.000
    CA                 0.090      0.018      5.066      0.000
    CH                 0.387      0.036     10.770      0.000
    CL                 0.832      0.022     38.339      0.000
    CN                -0.150      0.027     -5.450      0.000
    CO                 0.708      0.029     24.602      0.000
    DE                 0.582      0.027     21.923      0.000
    DK                 0.080      0.033      2.456      0.014
    DZ                -0.892      0.039    -22.959      0.000
    EC                 0.549      0.023     23.439      0.000
    EG                -0.299      0.037     -8.156      0.000
    ES                 0.225      0.023     10.012      0.000
    FR                 0.596      0.025     23.740      0.000
    GB                 0.220      0.024      9.128      0.000
    GR                 0.761      0.025     31.044      0.000
    HK                 0.150      0.041      3.624      0.000
    ID                -0.652      0.038    -17.335      0.000
    IE                 0.428      0.024     17.780      0.000
    IL                 0.214      0.019     11.014      0.000
    IN                -0.423      0.028    -15.285      0.000
    IT                 0.448      0.022     20.672      0.000
    JP                 0.544      0.034     16.139      0.000
    KE                -0.506      0.030    -16.768      0.000
    KR                 0.038      0.027      1.414      0.157
    MA                -0.331      0.026    -12.774      0.000
    MX                 0.555      0.018     30.733      0.000
    MY                -0.395      0.017    -23.648      0.000
    NL                 0.140      0.033      4.199      0.000
    NO                -0.071      0.030     -2.409      0.016
    PE                 0.542      0.029     18.761      0.000
    PH                 0.033      0.030      1.086      0.277
    PK                -0.573      0.026    -21.679      0.000
    PL                 1.167      0.021     56.503      0.000
    PT                 0.424      0.018     23.213      0.000
    RU                -0.259      0.026     -9.853      0.000
    SA                -0.426      0.015    -27.541      0.000
    SE                 0.150      0.028      5.297      0.000
    SG                 0.156      0.031      4.948      0.000
    TH                -0.093      0.018     -5.141      0.000
    TR                 0.258      0.020     12.978      0.000
    UA                 0.482      0.039     12.492      0.000
    US                 0.115      0.018      6.425      0.000
    VE                -0.319      0.038     -8.336      0.000
    VN                -0.416      0.031    -13.584      0.000

 INC      WITH
    CARPRIDE           0.123      0.031      3.930      0.000

 Means
    INC                7.226      0.093     77.759      0.000

 Thresholds
    Q04C$1             2.352      0.148     15.860      0.000
    Q14A$1             3.599      0.114     31.533      0.000
    Q14B$1             3.404      0.096     35.627      0.000
    Q14F$1             4.229      0.117     36.266      0.000
    Q14K$1             4.027      0.093     43.215      0.000
    Q15A$1             2.606      0.085     30.792      0.000
    Q15B$1             1.396      0.083     16.862      0.000
    Q15C$1             1.701      0.090     18.977      0.000
    Q15D$1             1.579      0.115     13.769      0.000
    Q15F$1             2.620      0.083     31.591      0.000

 Variances
    INC                1.564      0.084     18.531      0.000
    CARPRIDE           1.000      0.000    999.000    999.000


R-SQUARE

    Observed                                        Two-Tailed
    Variable        Estimate       S.E.  Est./S.E.    P-Value

    Q04C               0.081      0.003     32.121      0.000
    Q14A               0.610      0.014     42.308      0.000
    Q14B               0.556      0.014     40.632      0.000
    Q14F               0.523      0.017     30.901      0.000
    Q14K               0.315      0.017     18.090      0.000
    Q15A               0.454      0.018     24.989      0.000
    Q15B               0.289      0.015     19.015      0.000
    Q15C               0.280      0.012     22.716      0.000
    Q15D               0.223      0.026      8.685      0.000
    Q15F               0.384      0.014     27.051      0.000


QUALITY OF NUMERICAL RESULTS

     Condition Number for the Information Matrix              0.178E-05
       (ratio of smallest to largest eigenvalue)


RESULTS SAVING INFORMATION

  Order of data

    Parameter estimates
     (saved in order shown in Technical 1 output)
    Standard errors
     (saved in order shown in Technical 1 output)
    StdYX standardized coefficients
     (saved in order shown in Technical 1 output)
    Standard errors for StdYX standardized coefficients
     (saved in order shown in Technical 1 output)
    StdY standardized coefficients
     (saved in order shown in Technical 1 output)
    Standard errors for StdY standardized coefficients
     (saved in order shown in Technical 1 output)
    Std standardized coefficients
     (saved in order shown in Technical 1 output)
    Standard errors for Std standardized coefficients
     (saved in order shown in Technical 1 output)
    H0 Loglikelihood
    H0 Scaling Correction Factor for MLR
    Number of Free Parameters
    Akaike (AIC)
    Bayesian (BIC)
    Sample-Size Adjusted BIC
    Condition Number

  Save file
    /Users/xuenanni/Desktop/thesis/Mplus/resultC.dat

  Save file format           Free


DIAGRAM INFORMATION

  Use View Diagram under the Diagram menu in the Mplus Editor to view the diagram.
  If running Mplus from the Mplus Diagrammer, the diagram opens automatically.

  Diagram output
    /Users/xuenanni/Desktop/Thesis/Mplus/C_noTW_pop.dgm

     Beginning Time:  12:23:04
        Ending Time:  21:12:51
       Elapsed Time:  08:49:47



MUTHEN & MUTHEN
3463 Stoner Ave.
Los Angeles, CA  90066

Tel: (310) 391-9971
Fax: (310) 391-8971
Web: www.StatModel.com
Support: Support@StatModel.com

Copyright (c) 1998-2018 Muthen & Muthen
