Mplus VERSION 8.1 (Mac)
MUTHEN & MUTHEN
11/23/2018   8:04 AM

INPUT INSTRUCTIONS

   TITLE:	MPlus_Dalia_policy_support_questionE
   DATA:	
    	FILE IS /Users/xuenanni/Desktop/thesis/Mplus/pol_supp.txt;

    VARIABLE:	
    	NAMES ARE  	

      	ind_ID country_ID
           q04A q04B  q04C  q04D  q04E  q04F  q04G  q04H  q04I  q04J  q04K
           age gen  inc
           q01D q01E q01A q01K q01O q02 q09 q10 ess
           q14A q14B q14C  q14D  q14E  q14F  q14G  q14H  q14I  q14J  q14K  q14L  q14X
           q15A q15B q15C q15D q15E q15F popden
           low_edu high_edu
           access owning rail other peer tt_week miles_day
           AE  AR AT AU BE BH BR CA CH CL CN CO DE DK DZ EC EG ES FR GB GR HK ID
           IE IL IN IT JP KE KR MA MX MY NL NO PE PH PK PL PT RU SA SE SG TH TR UA
           US VE VN  ZA;

      	
      USEVARIABLES ARE
       	
       	  ind_ID   country_ID
             q04E
             age  gen  inc
             q14A q14B q14F q14K q15A q15B q15C q15D q15F
             ess  low_edu  high_edu  popden
             access  owning
             q01D q01E q01A  q01K q01O  rail
             AE  AR AT AU BE BH BR CA CH CL CN CO DE DK DZ EC EG ES FR GB GR HK ID
             IE IL IN IT JP KE KR MA MX MY NL NO PE PH PK PL PT RU SA SE SG TH TR UA
             US VE VN;


      CATEGORICAL = q04E q14A q14B q14F q14K q15A q15B q15C q15D q15F;

      CLUSTER = country_ID; !leave the cluster = xx for typle = complex ! single level model
      IDVARIABLE = ind_ID;
      MISSING = ALL (-9999);


    ANALYSIS:
        TYPE = COMPLEX;
        ESTIMATOR = MLR;
        INTEGRATION = MONTECARLO;


    MODEL: !No within and between;
         !Latent variable measurement model for carpride
         carpride BY q14A* q14B q14F q14K q15A q15B q15C q15D q15F;
         carpride @ 1;

         !Regression of car pride on socio-demographics
         !carpride ON age gender income;

         !choice model
         q04E ON age  gen  low_edu  high_edu  inc
                 ess access  owning carpride popden
                 q01D q01E q01A  q01K q01O  rail
                 AE  AR AT AU BE BH BR CA CH CL CN CO DE DK DZ EC EG ES FR GB GR HK ID
                 IE IL IN IT JP KE KR MA MX MY NL NO PE PH PK PL PT RU SA SE SG TH TR UA
                 US VE VN;
                 inc;


    OUTPUT:
        STD STDY STDYX;
    SAVEDATA:

        RESULTS ARE /Users/xuenanni/Desktop/thesis/Mplus/resultE.dat



*** WARNING in SAVEDATA command
  Statement not terminated by a semicolon:
  RESULTS ARE /Users/xuenanni/Desktop/thesis/Mplus/resultE.dat
   1 WARNING(S) FOUND IN THE INPUT INSTRUCTIONS



MPlus_Dalia_policy_support_questionE

SUMMARY OF ANALYSIS

Number of groups                                                 1
Number of observations                                       41932

Number of dependent variables                                   10
Number of independent variables                                 65
Number of continuous latent variables                            1

Observed dependent variables

  Binary and ordered categorical (ordinal)
   Q04E        Q14A        Q14B        Q14F        Q14K        Q15A
   Q15B        Q15C        Q15D        Q15F

Observed independent variables
   AGE         GEN         INC         ESS         LOW_EDU     HIGH_EDU
   POPDEN      ACCESS      OWNING      Q01D        Q01E        Q01A
   Q01K        Q01O        RAIL        AE          AR          AT
   AU          BE          BH          BR          CA          CH
   CL          CN          CO          DE          DK          DZ
   EC          EG          ES          FR          GB          GR
   HK          ID          IE          IL          IN          IT
   JP          KE          KR          MA          MX          MY
   NL          NO          PE          PH          PK          PL
   PT          RU          SA          SE          SG          TH
   TR          UA          US          VE          VN

Continuous latent variables
   CARPRIDE

Variables with special functions

  Cluster variable      COUNTRY_
  ID variable           IND_ID

Estimator                                                      MLR
Information matrix                                        OBSERVED
Optimization Specifications for the Quasi-Newton Algorithm for
Continuous Outcomes
  Maximum number of iterations                                 100
  Convergence criterion                                  0.100D-05
Optimization Specifications for the EM Algorithm
  Maximum number of iterations                                 500
  Convergence criteria
    Loglikelihood change                                 0.100D-02
    Relative loglikelihood change                        0.100D-05
    Derivative                                           0.100D-02
Optimization Specifications for the M step of the EM Algorithm for
Categorical Latent variables
  Number of M step iterations                                    1
  M step convergence criterion                           0.100D-02
  Basis for M step termination                           ITERATION
Optimization Specifications for the M step of the EM Algorithm for
Censored, Binary or Ordered Categorical (Ordinal), Unordered
Categorical (Nominal) and Count Outcomes
  Number of M step iterations                                    1
  M step convergence criterion                           0.100D-02
  Basis for M step termination                           ITERATION
  Maximum value for logit thresholds                            15
  Minimum value for logit thresholds                           -15
  Minimum expected cell size for chi-square              0.100D-01
Maximum number of iterations for H1                           2000
Convergence criterion for H1                             0.100D-03
Optimization algorithm                                         EMA
Integration Specifications
  Type                                                  MONTECARLO
  Number of integration points                                1250
  Dimensions of numerical integration                            2
  Adaptive quadrature                                           ON
  Monte Carlo integration seed                                   0
Link                                                         LOGIT
Cholesky                                                       OFF

Input data file(s)
  /Users/xuenanni/Desktop/thesis/Mplus/pol_supp.txt
Input data format  FREE


SUMMARY OF DATA

     Number of missing data patterns             2
     Number of y missing data patterns           2
     Number of u missing data patterns           1
     Number of clusters          51



COVARIANCE COVERAGE OF DATA

Minimum covariance coverage value   0.100


     PROPORTION OF DATA PRESENT FOR Y


           Covariance Coverage
              INC           AGE           GEN           ESS           LOW_EDU
              ________      ________      ________      ________      ________
 INC            0.839
 AGE            0.839         1.000
 GEN            0.839         1.000         1.000
 ESS            0.839         1.000         1.000         1.000
 LOW_EDU        0.839         1.000         1.000         1.000         1.000
 HIGH_EDU       0.839         1.000         1.000         1.000         1.000
 POPDEN         0.839         1.000         1.000         1.000         1.000
 ACCESS         0.839         1.000         1.000         1.000         1.000
 OWNING         0.839         1.000         1.000         1.000         1.000
 Q01D           0.839         1.000         1.000         1.000         1.000
 Q01E           0.839         1.000         1.000         1.000         1.000
 Q01A           0.839         1.000         1.000         1.000         1.000
 Q01K           0.839         1.000         1.000         1.000         1.000
 Q01O           0.839         1.000         1.000         1.000         1.000
 RAIL           0.839         1.000         1.000         1.000         1.000
 AE             0.839         1.000         1.000         1.000         1.000
 AR             0.839         1.000         1.000         1.000         1.000
 AT             0.839         1.000         1.000         1.000         1.000
 AU             0.839         1.000         1.000         1.000         1.000
 BE             0.839         1.000         1.000         1.000         1.000
 BH             0.839         1.000         1.000         1.000         1.000
 BR             0.839         1.000         1.000         1.000         1.000
 CA             0.839         1.000         1.000         1.000         1.000
 CH             0.839         1.000         1.000         1.000         1.000
 CL             0.839         1.000         1.000         1.000         1.000
 CN             0.839         1.000         1.000         1.000         1.000
 CO             0.839         1.000         1.000         1.000         1.000
 DE             0.839         1.000         1.000         1.000         1.000
 DK             0.839         1.000         1.000         1.000         1.000
 DZ             0.839         1.000         1.000         1.000         1.000
 EC             0.839         1.000         1.000         1.000         1.000
 EG             0.839         1.000         1.000         1.000         1.000
 ES             0.839         1.000         1.000         1.000         1.000
 FR             0.839         1.000         1.000         1.000         1.000
 GB             0.839         1.000         1.000         1.000         1.000
 GR             0.839         1.000         1.000         1.000         1.000
 HK             0.839         1.000         1.000         1.000         1.000
 ID             0.839         1.000         1.000         1.000         1.000
 IE             0.839         1.000         1.000         1.000         1.000
 IL             0.839         1.000         1.000         1.000         1.000
 IN             0.839         1.000         1.000         1.000         1.000
 IT             0.839         1.000         1.000         1.000         1.000
 JP             0.839         1.000         1.000         1.000         1.000
 KE             0.839         1.000         1.000         1.000         1.000
 KR             0.839         1.000         1.000         1.000         1.000
 MA             0.839         1.000         1.000         1.000         1.000
 MX             0.839         1.000         1.000         1.000         1.000
 MY             0.839         1.000         1.000         1.000         1.000
 NL             0.839         1.000         1.000         1.000         1.000
 NO             0.839         1.000         1.000         1.000         1.000
 PE             0.839         1.000         1.000         1.000         1.000
 PH             0.839         1.000         1.000         1.000         1.000
 PK             0.839         1.000         1.000         1.000         1.000
 PL             0.839         1.000         1.000         1.000         1.000
 PT             0.839         1.000         1.000         1.000         1.000
 RU             0.839         1.000         1.000         1.000         1.000
 SA             0.839         1.000         1.000         1.000         1.000
 SE             0.839         1.000         1.000         1.000         1.000
 SG             0.839         1.000         1.000         1.000         1.000
 TH             0.839         1.000         1.000         1.000         1.000
 TR             0.839         1.000         1.000         1.000         1.000
 UA             0.839         1.000         1.000         1.000         1.000
 US             0.839         1.000         1.000         1.000         1.000
 VE             0.839         1.000         1.000         1.000         1.000
 VN             0.839         1.000         1.000         1.000         1.000


           Covariance Coverage
              HIGH_EDU      POPDEN        ACCESS        OWNING        Q01D
              ________      ________      ________      ________      ________
 HIGH_EDU       1.000
 POPDEN         1.000         1.000
 ACCESS         1.000         1.000         1.000
 OWNING         1.000         1.000         1.000         1.000
 Q01D           1.000         1.000         1.000         1.000         1.000
 Q01E           1.000         1.000         1.000         1.000         1.000
 Q01A           1.000         1.000         1.000         1.000         1.000
 Q01K           1.000         1.000         1.000         1.000         1.000
 Q01O           1.000         1.000         1.000         1.000         1.000
 RAIL           1.000         1.000         1.000         1.000         1.000
 AE             1.000         1.000         1.000         1.000         1.000
 AR             1.000         1.000         1.000         1.000         1.000
 AT             1.000         1.000         1.000         1.000         1.000
 AU             1.000         1.000         1.000         1.000         1.000
 BE             1.000         1.000         1.000         1.000         1.000
 BH             1.000         1.000         1.000         1.000         1.000
 BR             1.000         1.000         1.000         1.000         1.000
 CA             1.000         1.000         1.000         1.000         1.000
 CH             1.000         1.000         1.000         1.000         1.000
 CL             1.000         1.000         1.000         1.000         1.000
 CN             1.000         1.000         1.000         1.000         1.000
 CO             1.000         1.000         1.000         1.000         1.000
 DE             1.000         1.000         1.000         1.000         1.000
 DK             1.000         1.000         1.000         1.000         1.000
 DZ             1.000         1.000         1.000         1.000         1.000
 EC             1.000         1.000         1.000         1.000         1.000
 EG             1.000         1.000         1.000         1.000         1.000
 ES             1.000         1.000         1.000         1.000         1.000
 FR             1.000         1.000         1.000         1.000         1.000
 GB             1.000         1.000         1.000         1.000         1.000
 GR             1.000         1.000         1.000         1.000         1.000
 HK             1.000         1.000         1.000         1.000         1.000
 ID             1.000         1.000         1.000         1.000         1.000
 IE             1.000         1.000         1.000         1.000         1.000
 IL             1.000         1.000         1.000         1.000         1.000
 IN             1.000         1.000         1.000         1.000         1.000
 IT             1.000         1.000         1.000         1.000         1.000
 JP             1.000         1.000         1.000         1.000         1.000
 KE             1.000         1.000         1.000         1.000         1.000
 KR             1.000         1.000         1.000         1.000         1.000
 MA             1.000         1.000         1.000         1.000         1.000
 MX             1.000         1.000         1.000         1.000         1.000
 MY             1.000         1.000         1.000         1.000         1.000
 NL             1.000         1.000         1.000         1.000         1.000
 NO             1.000         1.000         1.000         1.000         1.000
 PE             1.000         1.000         1.000         1.000         1.000
 PH             1.000         1.000         1.000         1.000         1.000
 PK             1.000         1.000         1.000         1.000         1.000
 PL             1.000         1.000         1.000         1.000         1.000
 PT             1.000         1.000         1.000         1.000         1.000
 RU             1.000         1.000         1.000         1.000         1.000
 SA             1.000         1.000         1.000         1.000         1.000
 SE             1.000         1.000         1.000         1.000         1.000
 SG             1.000         1.000         1.000         1.000         1.000
 TH             1.000         1.000         1.000         1.000         1.000
 TR             1.000         1.000         1.000         1.000         1.000
 UA             1.000         1.000         1.000         1.000         1.000
 US             1.000         1.000         1.000         1.000         1.000
 VE             1.000         1.000         1.000         1.000         1.000
 VN             1.000         1.000         1.000         1.000         1.000


           Covariance Coverage
              Q01E          Q01A          Q01K          Q01O          RAIL
              ________      ________      ________      ________      ________
 Q01E           1.000
 Q01A           1.000         1.000
 Q01K           1.000         1.000         1.000
 Q01O           1.000         1.000         1.000         1.000
 RAIL           1.000         1.000         1.000         1.000         1.000
 AE             1.000         1.000         1.000         1.000         1.000
 AR             1.000         1.000         1.000         1.000         1.000
 AT             1.000         1.000         1.000         1.000         1.000
 AU             1.000         1.000         1.000         1.000         1.000
 BE             1.000         1.000         1.000         1.000         1.000
 BH             1.000         1.000         1.000         1.000         1.000
 BR             1.000         1.000         1.000         1.000         1.000
 CA             1.000         1.000         1.000         1.000         1.000
 CH             1.000         1.000         1.000         1.000         1.000
 CL             1.000         1.000         1.000         1.000         1.000
 CN             1.000         1.000         1.000         1.000         1.000
 CO             1.000         1.000         1.000         1.000         1.000
 DE             1.000         1.000         1.000         1.000         1.000
 DK             1.000         1.000         1.000         1.000         1.000
 DZ             1.000         1.000         1.000         1.000         1.000
 EC             1.000         1.000         1.000         1.000         1.000
 EG             1.000         1.000         1.000         1.000         1.000
 ES             1.000         1.000         1.000         1.000         1.000
 FR             1.000         1.000         1.000         1.000         1.000
 GB             1.000         1.000         1.000         1.000         1.000
 GR             1.000         1.000         1.000         1.000         1.000
 HK             1.000         1.000         1.000         1.000         1.000
 ID             1.000         1.000         1.000         1.000         1.000
 IE             1.000         1.000         1.000         1.000         1.000
 IL             1.000         1.000         1.000         1.000         1.000
 IN             1.000         1.000         1.000         1.000         1.000
 IT             1.000         1.000         1.000         1.000         1.000
 JP             1.000         1.000         1.000         1.000         1.000
 KE             1.000         1.000         1.000         1.000         1.000
 KR             1.000         1.000         1.000         1.000         1.000
 MA             1.000         1.000         1.000         1.000         1.000
 MX             1.000         1.000         1.000         1.000         1.000
 MY             1.000         1.000         1.000         1.000         1.000
 NL             1.000         1.000         1.000         1.000         1.000
 NO             1.000         1.000         1.000         1.000         1.000
 PE             1.000         1.000         1.000         1.000         1.000
 PH             1.000         1.000         1.000         1.000         1.000
 PK             1.000         1.000         1.000         1.000         1.000
 PL             1.000         1.000         1.000         1.000         1.000
 PT             1.000         1.000         1.000         1.000         1.000
 RU             1.000         1.000         1.000         1.000         1.000
 SA             1.000         1.000         1.000         1.000         1.000
 SE             1.000         1.000         1.000         1.000         1.000
 SG             1.000         1.000         1.000         1.000         1.000
 TH             1.000         1.000         1.000         1.000         1.000
 TR             1.000         1.000         1.000         1.000         1.000
 UA             1.000         1.000         1.000         1.000         1.000
 US             1.000         1.000         1.000         1.000         1.000
 VE             1.000         1.000         1.000         1.000         1.000
 VN             1.000         1.000         1.000         1.000         1.000


           Covariance Coverage
              AE            AR            AT            AU            BE
              ________      ________      ________      ________      ________
 AE             1.000
 AR             1.000         1.000
 AT             1.000         1.000         1.000
 AU             1.000         1.000         1.000         1.000
 BE             1.000         1.000         1.000         1.000         1.000
 BH             1.000         1.000         1.000         1.000         1.000
 BR             1.000         1.000         1.000         1.000         1.000
 CA             1.000         1.000         1.000         1.000         1.000
 CH             1.000         1.000         1.000         1.000         1.000
 CL             1.000         1.000         1.000         1.000         1.000
 CN             1.000         1.000         1.000         1.000         1.000
 CO             1.000         1.000         1.000         1.000         1.000
 DE             1.000         1.000         1.000         1.000         1.000
 DK             1.000         1.000         1.000         1.000         1.000
 DZ             1.000         1.000         1.000         1.000         1.000
 EC             1.000         1.000         1.000         1.000         1.000
 EG             1.000         1.000         1.000         1.000         1.000
 ES             1.000         1.000         1.000         1.000         1.000
 FR             1.000         1.000         1.000         1.000         1.000
 GB             1.000         1.000         1.000         1.000         1.000
 GR             1.000         1.000         1.000         1.000         1.000
 HK             1.000         1.000         1.000         1.000         1.000
 ID             1.000         1.000         1.000         1.000         1.000
 IE             1.000         1.000         1.000         1.000         1.000
 IL             1.000         1.000         1.000         1.000         1.000
 IN             1.000         1.000         1.000         1.000         1.000
 IT             1.000         1.000         1.000         1.000         1.000
 JP             1.000         1.000         1.000         1.000         1.000
 KE             1.000         1.000         1.000         1.000         1.000
 KR             1.000         1.000         1.000         1.000         1.000
 MA             1.000         1.000         1.000         1.000         1.000
 MX             1.000         1.000         1.000         1.000         1.000
 MY             1.000         1.000         1.000         1.000         1.000
 NL             1.000         1.000         1.000         1.000         1.000
 NO             1.000         1.000         1.000         1.000         1.000
 PE             1.000         1.000         1.000         1.000         1.000
 PH             1.000         1.000         1.000         1.000         1.000
 PK             1.000         1.000         1.000         1.000         1.000
 PL             1.000         1.000         1.000         1.000         1.000
 PT             1.000         1.000         1.000         1.000         1.000
 RU             1.000         1.000         1.000         1.000         1.000
 SA             1.000         1.000         1.000         1.000         1.000
 SE             1.000         1.000         1.000         1.000         1.000
 SG             1.000         1.000         1.000         1.000         1.000
 TH             1.000         1.000         1.000         1.000         1.000
 TR             1.000         1.000         1.000         1.000         1.000
 UA             1.000         1.000         1.000         1.000         1.000
 US             1.000         1.000         1.000         1.000         1.000
 VE             1.000         1.000         1.000         1.000         1.000
 VN             1.000         1.000         1.000         1.000         1.000


           Covariance Coverage
              BH            BR            CA            CH            CL
              ________      ________      ________      ________      ________
 BH             1.000
 BR             1.000         1.000
 CA             1.000         1.000         1.000
 CH             1.000         1.000         1.000         1.000
 CL             1.000         1.000         1.000         1.000         1.000
 CN             1.000         1.000         1.000         1.000         1.000
 CO             1.000         1.000         1.000         1.000         1.000
 DE             1.000         1.000         1.000         1.000         1.000
 DK             1.000         1.000         1.000         1.000         1.000
 DZ             1.000         1.000         1.000         1.000         1.000
 EC             1.000         1.000         1.000         1.000         1.000
 EG             1.000         1.000         1.000         1.000         1.000
 ES             1.000         1.000         1.000         1.000         1.000
 FR             1.000         1.000         1.000         1.000         1.000
 GB             1.000         1.000         1.000         1.000         1.000
 GR             1.000         1.000         1.000         1.000         1.000
 HK             1.000         1.000         1.000         1.000         1.000
 ID             1.000         1.000         1.000         1.000         1.000
 IE             1.000         1.000         1.000         1.000         1.000
 IL             1.000         1.000         1.000         1.000         1.000
 IN             1.000         1.000         1.000         1.000         1.000
 IT             1.000         1.000         1.000         1.000         1.000
 JP             1.000         1.000         1.000         1.000         1.000
 KE             1.000         1.000         1.000         1.000         1.000
 KR             1.000         1.000         1.000         1.000         1.000
 MA             1.000         1.000         1.000         1.000         1.000
 MX             1.000         1.000         1.000         1.000         1.000
 MY             1.000         1.000         1.000         1.000         1.000
 NL             1.000         1.000         1.000         1.000         1.000
 NO             1.000         1.000         1.000         1.000         1.000
 PE             1.000         1.000         1.000         1.000         1.000
 PH             1.000         1.000         1.000         1.000         1.000
 PK             1.000         1.000         1.000         1.000         1.000
 PL             1.000         1.000         1.000         1.000         1.000
 PT             1.000         1.000         1.000         1.000         1.000
 RU             1.000         1.000         1.000         1.000         1.000
 SA             1.000         1.000         1.000         1.000         1.000
 SE             1.000         1.000         1.000         1.000         1.000
 SG             1.000         1.000         1.000         1.000         1.000
 TH             1.000         1.000         1.000         1.000         1.000
 TR             1.000         1.000         1.000         1.000         1.000
 UA             1.000         1.000         1.000         1.000         1.000
 US             1.000         1.000         1.000         1.000         1.000
 VE             1.000         1.000         1.000         1.000         1.000
 VN             1.000         1.000         1.000         1.000         1.000


           Covariance Coverage
              CN            CO            DE            DK            DZ
              ________      ________      ________      ________      ________
 CN             1.000
 CO             1.000         1.000
 DE             1.000         1.000         1.000
 DK             1.000         1.000         1.000         1.000
 DZ             1.000         1.000         1.000         1.000         1.000
 EC             1.000         1.000         1.000         1.000         1.000
 EG             1.000         1.000         1.000         1.000         1.000
 ES             1.000         1.000         1.000         1.000         1.000
 FR             1.000         1.000         1.000         1.000         1.000
 GB             1.000         1.000         1.000         1.000         1.000
 GR             1.000         1.000         1.000         1.000         1.000
 HK             1.000         1.000         1.000         1.000         1.000
 ID             1.000         1.000         1.000         1.000         1.000
 IE             1.000         1.000         1.000         1.000         1.000
 IL             1.000         1.000         1.000         1.000         1.000
 IN             1.000         1.000         1.000         1.000         1.000
 IT             1.000         1.000         1.000         1.000         1.000
 JP             1.000         1.000         1.000         1.000         1.000
 KE             1.000         1.000         1.000         1.000         1.000
 KR             1.000         1.000         1.000         1.000         1.000
 MA             1.000         1.000         1.000         1.000         1.000
 MX             1.000         1.000         1.000         1.000         1.000
 MY             1.000         1.000         1.000         1.000         1.000
 NL             1.000         1.000         1.000         1.000         1.000
 NO             1.000         1.000         1.000         1.000         1.000
 PE             1.000         1.000         1.000         1.000         1.000
 PH             1.000         1.000         1.000         1.000         1.000
 PK             1.000         1.000         1.000         1.000         1.000
 PL             1.000         1.000         1.000         1.000         1.000
 PT             1.000         1.000         1.000         1.000         1.000
 RU             1.000         1.000         1.000         1.000         1.000
 SA             1.000         1.000         1.000         1.000         1.000
 SE             1.000         1.000         1.000         1.000         1.000
 SG             1.000         1.000         1.000         1.000         1.000
 TH             1.000         1.000         1.000         1.000         1.000
 TR             1.000         1.000         1.000         1.000         1.000
 UA             1.000         1.000         1.000         1.000         1.000
 US             1.000         1.000         1.000         1.000         1.000
 VE             1.000         1.000         1.000         1.000         1.000
 VN             1.000         1.000         1.000         1.000         1.000


           Covariance Coverage
              EC            EG            ES            FR            GB
              ________      ________      ________      ________      ________
 EC             1.000
 EG             1.000         1.000
 ES             1.000         1.000         1.000
 FR             1.000         1.000         1.000         1.000
 GB             1.000         1.000         1.000         1.000         1.000
 GR             1.000         1.000         1.000         1.000         1.000
 HK             1.000         1.000         1.000         1.000         1.000
 ID             1.000         1.000         1.000         1.000         1.000
 IE             1.000         1.000         1.000         1.000         1.000
 IL             1.000         1.000         1.000         1.000         1.000
 IN             1.000         1.000         1.000         1.000         1.000
 IT             1.000         1.000         1.000         1.000         1.000
 JP             1.000         1.000         1.000         1.000         1.000
 KE             1.000         1.000         1.000         1.000         1.000
 KR             1.000         1.000         1.000         1.000         1.000
 MA             1.000         1.000         1.000         1.000         1.000
 MX             1.000         1.000         1.000         1.000         1.000
 MY             1.000         1.000         1.000         1.000         1.000
 NL             1.000         1.000         1.000         1.000         1.000
 NO             1.000         1.000         1.000         1.000         1.000
 PE             1.000         1.000         1.000         1.000         1.000
 PH             1.000         1.000         1.000         1.000         1.000
 PK             1.000         1.000         1.000         1.000         1.000
 PL             1.000         1.000         1.000         1.000         1.000
 PT             1.000         1.000         1.000         1.000         1.000
 RU             1.000         1.000         1.000         1.000         1.000
 SA             1.000         1.000         1.000         1.000         1.000
 SE             1.000         1.000         1.000         1.000         1.000
 SG             1.000         1.000         1.000         1.000         1.000
 TH             1.000         1.000         1.000         1.000         1.000
 TR             1.000         1.000         1.000         1.000         1.000
 UA             1.000         1.000         1.000         1.000         1.000
 US             1.000         1.000         1.000         1.000         1.000
 VE             1.000         1.000         1.000         1.000         1.000
 VN             1.000         1.000         1.000         1.000         1.000


           Covariance Coverage
              GR            HK            ID            IE            IL
              ________      ________      ________      ________      ________
 GR             1.000
 HK             1.000         1.000
 ID             1.000         1.000         1.000
 IE             1.000         1.000         1.000         1.000
 IL             1.000         1.000         1.000         1.000         1.000
 IN             1.000         1.000         1.000         1.000         1.000
 IT             1.000         1.000         1.000         1.000         1.000
 JP             1.000         1.000         1.000         1.000         1.000
 KE             1.000         1.000         1.000         1.000         1.000
 KR             1.000         1.000         1.000         1.000         1.000
 MA             1.000         1.000         1.000         1.000         1.000
 MX             1.000         1.000         1.000         1.000         1.000
 MY             1.000         1.000         1.000         1.000         1.000
 NL             1.000         1.000         1.000         1.000         1.000
 NO             1.000         1.000         1.000         1.000         1.000
 PE             1.000         1.000         1.000         1.000         1.000
 PH             1.000         1.000         1.000         1.000         1.000
 PK             1.000         1.000         1.000         1.000         1.000
 PL             1.000         1.000         1.000         1.000         1.000
 PT             1.000         1.000         1.000         1.000         1.000
 RU             1.000         1.000         1.000         1.000         1.000
 SA             1.000         1.000         1.000         1.000         1.000
 SE             1.000         1.000         1.000         1.000         1.000
 SG             1.000         1.000         1.000         1.000         1.000
 TH             1.000         1.000         1.000         1.000         1.000
 TR             1.000         1.000         1.000         1.000         1.000
 UA             1.000         1.000         1.000         1.000         1.000
 US             1.000         1.000         1.000         1.000         1.000
 VE             1.000         1.000         1.000         1.000         1.000
 VN             1.000         1.000         1.000         1.000         1.000


           Covariance Coverage
              IN            IT            JP            KE            KR
              ________      ________      ________      ________      ________
 IN             1.000
 IT             1.000         1.000
 JP             1.000         1.000         1.000
 KE             1.000         1.000         1.000         1.000
 KR             1.000         1.000         1.000         1.000         1.000
 MA             1.000         1.000         1.000         1.000         1.000
 MX             1.000         1.000         1.000         1.000         1.000
 MY             1.000         1.000         1.000         1.000         1.000
 NL             1.000         1.000         1.000         1.000         1.000
 NO             1.000         1.000         1.000         1.000         1.000
 PE             1.000         1.000         1.000         1.000         1.000
 PH             1.000         1.000         1.000         1.000         1.000
 PK             1.000         1.000         1.000         1.000         1.000
 PL             1.000         1.000         1.000         1.000         1.000
 PT             1.000         1.000         1.000         1.000         1.000
 RU             1.000         1.000         1.000         1.000         1.000
 SA             1.000         1.000         1.000         1.000         1.000
 SE             1.000         1.000         1.000         1.000         1.000
 SG             1.000         1.000         1.000         1.000         1.000
 TH             1.000         1.000         1.000         1.000         1.000
 TR             1.000         1.000         1.000         1.000         1.000
 UA             1.000         1.000         1.000         1.000         1.000
 US             1.000         1.000         1.000         1.000         1.000
 VE             1.000         1.000         1.000         1.000         1.000
 VN             1.000         1.000         1.000         1.000         1.000


           Covariance Coverage
              MA            MX            MY            NL            NO
              ________      ________      ________      ________      ________
 MA             1.000
 MX             1.000         1.000
 MY             1.000         1.000         1.000
 NL             1.000         1.000         1.000         1.000
 NO             1.000         1.000         1.000         1.000         1.000
 PE             1.000         1.000         1.000         1.000         1.000
 PH             1.000         1.000         1.000         1.000         1.000
 PK             1.000         1.000         1.000         1.000         1.000
 PL             1.000         1.000         1.000         1.000         1.000
 PT             1.000         1.000         1.000         1.000         1.000
 RU             1.000         1.000         1.000         1.000         1.000
 SA             1.000         1.000         1.000         1.000         1.000
 SE             1.000         1.000         1.000         1.000         1.000
 SG             1.000         1.000         1.000         1.000         1.000
 TH             1.000         1.000         1.000         1.000         1.000
 TR             1.000         1.000         1.000         1.000         1.000
 UA             1.000         1.000         1.000         1.000         1.000
 US             1.000         1.000         1.000         1.000         1.000
 VE             1.000         1.000         1.000         1.000         1.000
 VN             1.000         1.000         1.000         1.000         1.000


           Covariance Coverage
              PE            PH            PK            PL            PT
              ________      ________      ________      ________      ________
 PE             1.000
 PH             1.000         1.000
 PK             1.000         1.000         1.000
 PL             1.000         1.000         1.000         1.000
 PT             1.000         1.000         1.000         1.000         1.000
 RU             1.000         1.000         1.000         1.000         1.000
 SA             1.000         1.000         1.000         1.000         1.000
 SE             1.000         1.000         1.000         1.000         1.000
 SG             1.000         1.000         1.000         1.000         1.000
 TH             1.000         1.000         1.000         1.000         1.000
 TR             1.000         1.000         1.000         1.000         1.000
 UA             1.000         1.000         1.000         1.000         1.000
 US             1.000         1.000         1.000         1.000         1.000
 VE             1.000         1.000         1.000         1.000         1.000
 VN             1.000         1.000         1.000         1.000         1.000


           Covariance Coverage
              RU            SA            SE            SG            TH
              ________      ________      ________      ________      ________
 RU             1.000
 SA             1.000         1.000
 SE             1.000         1.000         1.000
 SG             1.000         1.000         1.000         1.000
 TH             1.000         1.000         1.000         1.000         1.000
 TR             1.000         1.000         1.000         1.000         1.000
 UA             1.000         1.000         1.000         1.000         1.000
 US             1.000         1.000         1.000         1.000         1.000
 VE             1.000         1.000         1.000         1.000         1.000
 VN             1.000         1.000         1.000         1.000         1.000


           Covariance Coverage
              TR            UA            US            VE            VN
              ________      ________      ________      ________      ________
 TR             1.000
 UA             1.000         1.000
 US             1.000         1.000         1.000
 VE             1.000         1.000         1.000         1.000
 VN             1.000         1.000         1.000         1.000         1.000


UNIVARIATE PROPORTIONS AND COUNTS FOR CATEGORICAL VARIABLES

    Q04E
      Category 1    0.796        33383.000
      Category 2    0.204         8549.000
    Q14A
      Category 1    0.895        37543.000
      Category 2    0.105         4389.000
    Q14B
      Category 1    0.898        37640.000
      Category 2    0.102         4292.000
    Q14F
      Category 1    0.947        39709.000
      Category 2    0.053         2223.000
    Q14K
      Category 1    0.966        40521.000
      Category 2    0.034         1411.000
    Q15A
      Category 1    0.862        36154.000
      Category 2    0.138         5778.000
    Q15B
      Category 1    0.754        31608.000
      Category 2    0.246        10324.000
    Q15C
      Category 1    0.799        33505.000
      Category 2    0.201         8427.000
    Q15D
      Category 1    0.792        33231.000
      Category 2    0.208         8701.000
    Q15F
      Category 1    0.878        36825.000
      Category 2    0.122         5107.000



UNIVARIATE SAMPLE STATISTICS


     UNIVARIATE HIGHER-ORDER MOMENT DESCRIPTIVE STATISTICS

         Variable/         Mean/     Skewness/   Minimum/ % with                Percentiles
        Sample Size      Variance    Kurtosis    Maximum  Min/Max      20%/60%    40%/80%    Median

     INC                   7.230      -0.216       4.828    5.51%       5.927      7.313      7.313
           35183.000       1.564      -0.488       9.770    1.35%       7.824      8.161
     AGE                  35.434       0.283      15.000    0.86%      23.000     30.000     34.000
           41932.000     147.414      -0.865      66.000    0.18%      40.000     47.000
     GEN                   0.529      -0.116       0.000   47.10%       0.000      0.000      1.000
           41932.000       0.249      -1.987       1.000   52.90%       1.000      1.000
     ESS                  11.980      -0.624       5.521    5.57%      10.146     11.918     11.918
           41932.000      10.355      -0.433      16.300    3.19%      13.325     14.914
     LOW_EDU               0.173       1.732       0.000   82.73%       0.000      0.000      0.000
           41932.000       0.143       1.000       1.000   17.27%       0.000      0.000
     HIGH_EDU              0.444       0.225       0.000   55.58%       0.000      0.000      0.000
           41932.000       0.247      -1.950       1.000   44.42%       1.000      1.000
     POPDEN                7.310      -2.721      -6.908    3.98%       6.862      8.121      8.476
           41932.000      16.627       6.668      11.588    0.00%       8.811      9.583
     ACCESS                0.159       1.864       0.000   84.09%       0.000      0.000      0.000
           41932.000       0.134       1.473       1.000   15.91%       0.000      0.000
     OWNING                0.486       0.058       0.000   51.45%       0.000      0.000      0.000
           41932.000       0.250      -1.997       1.000   48.55%       1.000      1.000
     Q01D                  0.427       0.297       0.000   57.34%       0.000      0.000      0.000
           41932.000       0.245      -1.912       1.000   42.66%       1.000      1.000
     Q01E                  0.232       1.271       0.000   76.82%       0.000      0.000      0.000
           41932.000       0.178      -0.385       1.000   23.18%       0.000      1.000
     Q01A                  0.097       2.715       0.000   90.26%       0.000      0.000      0.000
           41932.000       0.088       5.370       1.000    9.74%       0.000      0.000
     Q01K                  0.094       2.785       0.000   90.61%       0.000      0.000      0.000
           41932.000       0.085       5.754       1.000    9.39%       0.000      0.000
     Q01O                  0.159       1.865       0.000   84.10%       0.000      0.000      0.000
           41932.000       0.134       1.479       1.000   15.90%       0.000      0.000
     RAIL                  0.177       1.695       0.000   82.33%       0.000      0.000      0.000
           41932.000       0.146       0.873       1.000   17.67%       0.000      0.000
     AE                    0.013       8.683       0.000   98.72%       0.000      0.000      0.000
           41932.000       0.013      73.390       1.000    1.28%       0.000      0.000
     AR                    0.012       8.794       0.000   98.76%       0.000      0.000      0.000
           41932.000       0.012      75.342       1.000    1.24%       0.000      0.000
     AT                    0.012       8.838       0.000   98.77%       0.000      0.000      0.000
           41932.000       0.012      76.119       1.000    1.23%       0.000      0.000
     AU                    0.024       6.175       0.000   97.57%       0.000      0.000      0.000
           41932.000       0.024      36.135       1.000    2.43%       0.000      0.000
     BE                    0.024       6.153       0.000   97.55%       0.000      0.000      0.000
           41932.000       0.024      35.855       1.000    2.45%       0.000      0.000
     BH                    0.008      10.888       0.000   99.18%       0.000      0.000      0.000
           41932.000       0.008     116.550       1.000    0.82%       0.000      0.000
     BR                    0.024       6.159       0.000   97.56%       0.000      0.000      0.000
           41932.000       0.024      35.934       1.000    2.44%       0.000      0.000
     CA                    0.025       6.111       0.000   97.52%       0.000      0.000      0.000
           41932.000       0.024      35.345       1.000    2.48%       0.000      0.000
     CH                    0.012       8.803       0.000   98.76%       0.000      0.000      0.000
           41932.000       0.012      75.496       1.000    1.24%       0.000      0.000
     CL                    0.012       8.929       0.000   98.79%       0.000      0.000      0.000
           41932.000       0.012      77.718       1.000    1.21%       0.000      0.000
     CN                    0.026       5.988       0.000   97.42%       0.000      0.000      0.000
           41932.000       0.025      33.852       1.000    2.58%       0.000      0.000
     CO                    0.025       6.117       0.000   97.52%       0.000      0.000      0.000
           41932.000       0.024      35.422       1.000    2.48%       0.000      0.000
     DE                    0.024       6.215       0.000   97.60%       0.000      0.000      0.000
           41932.000       0.023      36.624       1.000    2.40%       0.000      0.000
     DK                    0.025       6.076       0.000   97.49%       0.000      0.000      0.000
           41932.000       0.024      34.923       1.000    2.51%       0.000      0.000
     DZ                    0.013       8.742       0.000   98.74%       0.000      0.000      0.000
           41932.000       0.012      74.429       1.000    1.26%       0.000      0.000
     EC                    0.012       8.847       0.000   98.77%       0.000      0.000      0.000
           41932.000       0.012      76.276       1.000    1.23%       0.000      0.000
     EG                    0.012       8.993       0.000   98.81%       0.000      0.000      0.000
           41932.000       0.012      78.876       1.000    1.19%       0.000      0.000
     ES                    0.024       6.188       0.000   97.58%       0.000      0.000      0.000
           41932.000       0.024      36.296       1.000    2.42%       0.000      0.000
     FR                    0.025       6.036       0.000   97.46%       0.000      0.000      0.000
           41932.000       0.025      34.436       1.000    2.54%       0.000      0.000
     GB                    0.024       6.162       0.000   97.56%       0.000      0.000      0.000
           41932.000       0.024      35.974       1.000    2.44%       0.000      0.000
     GR                    0.025       6.124       0.000   97.53%       0.000      0.000      0.000
           41932.000       0.024      35.500       1.000    2.47%       0.000      0.000
     HK                    0.005      14.093       0.000   99.50%       0.000      0.000      0.000
           41932.000       0.005     196.601       1.000    0.50%       0.000      0.000
     ID                    0.013       8.683       0.000   98.72%       0.000      0.000      0.000
           41932.000       0.013      73.390       1.000    1.28%       0.000      0.000
     IE                    0.013       8.734       0.000   98.74%       0.000      0.000      0.000
           41932.000       0.012      74.279       1.000    1.26%       0.000      0.000
     IL                    0.012       8.803       0.000   98.76%       0.000      0.000      0.000
           41932.000       0.012      75.496       1.000    1.24%       0.000      0.000
     IN                    0.024       6.231       0.000   97.61%       0.000      0.000      0.000
           41932.000       0.023      36.831       1.000    2.39%       0.000      0.000
     IT                    0.024       6.208       0.000   97.59%       0.000      0.000      0.000
           41932.000       0.024      36.542       1.000    2.41%       0.000      0.000
     JP                    0.025       6.146       0.000   97.55%       0.000      0.000      0.000
           41932.000       0.024      35.775       1.000    2.45%       0.000      0.000
     KE                    0.012       8.803       0.000   98.76%       0.000      0.000      0.000
           41932.000       0.012      75.496       1.000    1.24%       0.000      0.000
     KR                    0.025       6.083       0.000   97.50%       0.000      0.000      0.000
           41932.000       0.024      34.999       1.000    2.50%       0.000      0.000
     MA                    0.012       8.821       0.000   98.76%       0.000      0.000      0.000
           41932.000       0.012      75.806       1.000    1.24%       0.000      0.000
     MX                    0.024       6.188       0.000   97.58%       0.000      0.000      0.000
           41932.000       0.024      36.296       1.000    2.42%       0.000      0.000
     MY                    0.024       6.153       0.000   97.55%       0.000      0.000      0.000
           41932.000       0.024      35.855       1.000    2.45%       0.000      0.000
     NL                    0.024       6.242       0.000   97.62%       0.000      0.000      0.000
           41932.000       0.023      36.956       1.000    2.38%       0.000      0.000
     NO                    0.025       6.061       0.000   97.48%       0.000      0.000      0.000
           41932.000       0.025      34.734       1.000    2.52%       0.000      0.000
     PE                    0.024       6.169       0.000   97.56%       0.000      0.000      0.000
           41932.000       0.024      36.054       1.000    2.44%       0.000      0.000
     PH                    0.012       8.956       0.000   98.80%       0.000      0.000      0.000
           41932.000       0.012      78.211       1.000    1.20%       0.000      0.000
     PK                    0.018       7.160       0.000   98.16%       0.000      0.000      0.000
           41932.000       0.018      49.265       1.000    1.84%       0.000      0.000
     PL                    0.024       6.225       0.000   97.60%       0.000      0.000      0.000
           41932.000       0.023      36.748       1.000    2.40%       0.000      0.000
     PT                    0.024       6.175       0.000   97.57%       0.000      0.000      0.000
           41932.000       0.024      36.135       1.000    2.43%       0.000      0.000
     RU                    0.024       6.228       0.000   97.61%       0.000      0.000      0.000
           41932.000       0.023      36.789       1.000    2.39%       0.000      0.000
     SA                    0.024       6.231       0.000   97.61%       0.000      0.000      0.000
           41932.000       0.023      36.831       1.000    2.39%       0.000      0.000
     SE                    0.025       6.064       0.000   97.48%       0.000      0.000      0.000
           41932.000       0.025      34.772       1.000    2.52%       0.000      0.000
     SG                    0.024       6.185       0.000   97.57%       0.000      0.000      0.000
           41932.000       0.024      36.256       1.000    2.43%       0.000      0.000
     TH                    0.024       6.238       0.000   97.61%       0.000      0.000      0.000
           41932.000       0.023      36.915       1.000    2.39%       0.000      0.000
     TR                    0.024       6.235       0.000   97.61%       0.000      0.000      0.000
           41932.000       0.023      36.873       1.000    2.39%       0.000      0.000
     UA                    0.012       8.929       0.000   98.79%       0.000      0.000      0.000
           41932.000       0.012      77.718       1.000    1.21%       0.000      0.000
     US                    0.024       6.265       0.000   97.63%       0.000      0.000      0.000
           41932.000       0.023      37.252       1.000    2.37%       0.000      0.000
     VE                    0.012       8.786       0.000   98.75%       0.000      0.000      0.000
           41932.000       0.012      75.189       1.000    1.25%       0.000      0.000
     VN                    0.013       8.768       0.000   98.75%       0.000      0.000      0.000
           41932.000       0.012      74.883       1.000    1.25%       0.000      0.000


THE MODEL ESTIMATION TERMINATED NORMALLY



MODEL FIT INFORMATION

Number of Free Parameters                       88

Loglikelihood

          H0 Value                     -206105.613
          H0 Scaling Correction Factor      5.2231
            for MLR

Information Criteria

          Akaike (AIC)                  412387.226
          Bayesian (BIC)                413147.880
          Sample-Size Adjusted BIC      412868.216
            (n* = (n + 2) / 24)



MODEL RESULTS

                                                    Two-Tailed
                    Estimate       S.E.  Est./S.E.    P-Value

 CARPRIDE BY
    Q14A               2.284      0.070     32.685      0.000
    Q14B               2.037      0.057     35.834      0.000
    Q14F               1.905      0.065     29.287      0.000
    Q14K               1.231      0.050     24.660      0.000
    Q15A               1.659      0.061     27.099      0.000
    Q15B               1.157      0.043     27.103      0.000
    Q15C               1.131      0.035     32.645      0.000
    Q15D               0.971      0.072     13.523      0.000
    Q15F               1.437      0.043     33.121      0.000

 Q04E       ON
    CARPRIDE           0.146      0.023      6.312      0.000

 Q04E       ON
    AGE               -0.007      0.002     -4.707      0.000
    GEN               -0.268      0.031     -8.582      0.000
    LOW_EDU            0.022      0.040      0.551      0.582
    HIGH_EDU           0.024      0.032      0.744      0.457
    INC                0.013      0.016      0.827      0.408
    ESS                0.005      0.005      1.026      0.305
    ACCESS            -0.100      0.051     -1.956      0.050
    OWNING            -0.144      0.042     -3.431      0.001
    POPDEN             0.001      0.004      0.130      0.897
    Q01D              -0.038      0.046     -0.826      0.409
    Q01E               0.129      0.029      4.465      0.000
    Q01A               0.027      0.047      0.584      0.559
    Q01K               0.119      0.045      2.681      0.007
    Q01O               0.290      0.041      7.012      0.000
    RAIL              -0.034      0.045     -0.762      0.446
    AE                -0.344      0.021    -16.381      0.000
    AR                 0.235      0.015     15.580      0.000
    AT                -0.751      0.024    -31.636      0.000
    AU                -0.117      0.016     -7.417      0.000
    BE                -0.330      0.020    -16.472      0.000
    BH                -0.141      0.020     -7.161      0.000
    BR                 0.522      0.015     34.475      0.000
    CA                 0.054      0.015      3.566      0.000
    CH                -0.536      0.027    -19.561      0.000
    CL                 0.229      0.018     12.390      0.000
    CN                 0.328      0.025     13.243      0.000
    CO                 0.300      0.024     12.476      0.000
    DE                -0.560      0.021    -26.397      0.000
    DK                -0.663      0.021    -31.819      0.000
    DZ                -0.059      0.027     -2.223      0.026
    EC                 0.503      0.019     26.019      0.000
    EG                 0.430      0.030     14.517      0.000
    ES                -0.226      0.020    -11.330      0.000
    FR                -0.248      0.024    -10.220      0.000
    GB                -0.050      0.019     -2.672      0.008
    GR                 0.616      0.023     26.876      0.000
    HK                -0.503      0.039    -12.786      0.000
    ID                 0.483      0.030     16.033      0.000
    IE                -0.143      0.019     -7.707      0.000
    IL                -0.382      0.013    -30.357      0.000
    IN                 0.313      0.024     12.895      0.000
    IT                -0.107      0.021     -5.199      0.000
    JP                 0.172      0.030      5.729      0.000
    KE                 0.263      0.026     10.289      0.000
    KR                 0.064      0.026      2.449      0.014
    MA                -0.053      0.021     -2.560      0.010
    MX                 0.691      0.016     43.655      0.000
    MY                -0.260      0.014    -19.112      0.000
    NL                -0.605      0.023    -26.383      0.000
    NO                -0.163      0.020     -7.974      0.000
    PE                 0.543      0.024     23.105      0.000
    PH                 0.632      0.023     26.924      0.000
    PK                 0.291      0.023     12.901      0.000
    PL                 0.071      0.020      3.620      0.000
    PT                 0.050      0.017      2.947      0.003
    RU                 0.234      0.022     10.435      0.000
    SA                 0.091      0.015      6.214      0.000
    SE                -0.442      0.020    -22.195      0.000
    SG                 0.050      0.030      1.642      0.101
    TH                 0.398      0.016     25.388      0.000
    TR                -0.004      0.020     -0.209      0.835
    UA                 0.164      0.033      4.960      0.000
    US                 0.124      0.014      8.866      0.000
    VE                 0.823      0.031     26.170      0.000
    VN                 1.111      0.027     41.640      0.000

 INC      WITH
    CARPRIDE           0.123      0.031      3.928      0.000

 Means
    INC                7.225      0.093     77.739      0.000

 Thresholds
    Q04E$1             1.245      0.134      9.288      0.000
    Q14A$1             3.621      0.116     31.345      0.000
    Q14B$1             3.414      0.096     35.436      0.000
    Q14F$1             4.239      0.118     35.952      0.000
    Q14K$1             4.031      0.094     43.054      0.000
    Q15A$1             2.616      0.085     30.716      0.000
    Q15B$1             1.399      0.083     16.890      0.000
    Q15C$1             1.704      0.090     18.991      0.000
    Q15D$1             1.582      0.115     13.776      0.000
    Q15F$1             2.626      0.083     31.465      0.000

 Variances
    INC                1.564      0.084     18.532      0.000
    CARPRIDE           1.000      0.000    999.000    999.000


LOGISTIC REGRESSION ODDS RATIO RESULTS

                                         (Est. - 1) Two-Tailed
                    Estimate       S.E.     / S.E.    P-Value

 Q04E       ON
    CARPRIDE           1.158      0.027      5.872      0.000

 Q04E       ON
    AGE                0.993      0.002     -4.724      0.000
    GEN                0.765      0.024     -9.844      0.000
    LOW_EDU            1.022      0.041      0.545      0.586
    HIGH_EDU           1.024      0.033      0.736      0.462
    INC                1.013      0.016      0.821      0.411
    ESS                1.005      0.005      1.023      0.306
    ACCESS             0.905      0.046     -2.057      0.040
    OWNING             0.866      0.036     -3.691      0.000
    POPDEN             1.001      0.004      0.130      0.897
    Q01D               0.963      0.044     -0.842      0.400
    Q01E               1.137      0.033      4.190      0.000
    Q01A               1.028      0.048      0.577      0.564
    Q01K               1.127      0.050      2.527      0.011
    Q01O               1.337      0.055      6.086      0.000
    RAIL               0.967      0.043     -0.775      0.438
    AE                 0.709      0.015    -19.550      0.000
    AR                 1.265      0.019     13.884      0.000
    AT                 0.472      0.011    -47.137      0.000
    AU                 0.889      0.014     -7.869      0.000
    BE                 0.719      0.014    -19.519      0.000
    BH                 0.868      0.017     -7.691      0.000
    BR                 1.685      0.025     26.864      0.000
    CA                 1.056      0.016      3.471      0.001
    CH                 0.585      0.016    -25.876      0.000
    CL                 1.257      0.023     11.074      0.000
    CN                 1.388      0.034     11.291      0.000
    CO                 1.349      0.032     10.781      0.000
    DE                 0.571      0.012    -35.377      0.000
    DK                 0.515      0.011    -45.140      0.000
    DZ                 0.942      0.025     -2.290      0.022
    EC                 1.654      0.032     20.443      0.000
    EG                 1.537      0.045     11.800      0.000
    ES                 0.798      0.016    -12.711      0.000
    FR                 0.781      0.019    -11.596      0.000
    GB                 0.952      0.018     -2.740      0.006
    GR                 1.851      0.042     20.068      0.000
    HK                 0.605      0.024    -16.617      0.000
    ID                 1.620      0.049     12.719      0.000
    IE                 0.867      0.016     -8.285      0.000
    IL                 0.683      0.009    -36.962      0.000
    IN                 1.368      0.033     11.069      0.000
    IT                 0.899      0.018     -5.486      0.000
    JP                 1.188      0.036      5.264      0.000
    KE                 1.301      0.033      9.048      0.000
    KR                 1.066      0.028      2.372      0.018
    MA                 0.948      0.020     -2.629      0.009
    MX                 1.997      0.032     31.514      0.000
    MY                 0.771      0.010    -21.827      0.000
    NL                 0.546      0.013    -36.250      0.000
    NO                 0.849      0.017     -8.662      0.000
    PE                 1.722      0.040     17.826      0.000
    PH                 1.882      0.044     19.954      0.000
    PK                 1.337      0.030     11.194      0.000
    PL                 1.073      0.021      3.495      0.000
    PT                 1.051      0.018      2.875      0.004
    RU                 1.264      0.028      9.302      0.000
    SA                 1.095      0.016      5.940      0.000
    SE                 0.642      0.013    -27.917      0.000
    SG                 1.051      0.032      1.601      0.109
    TH                 1.489      0.023     20.945      0.000
    TR                 0.996      0.020     -0.209      0.834
    UA                 1.178      0.039      4.574      0.000
    US                 1.132      0.016      8.340      0.000
    VE                 2.276      0.072     17.838      0.000
    VN                 3.038      0.081     25.137      0.000


STANDARDIZED MODEL RESULTS


STDYX Standardization

                                                    Two-Tailed
                    Estimate       S.E.  Est./S.E.    P-Value

 CARPRIDE BY
    Q14A               0.783      0.009     84.502      0.000
    Q14B               0.747      0.009     81.013      0.000
    Q14F               0.724      0.012     61.606      0.000
    Q14K               0.562      0.016     36.016      0.000
    Q15A               0.675      0.014     49.776      0.000
    Q15B               0.538      0.014     38.124      0.000
    Q15C               0.529      0.012     45.346      0.000
    Q15D               0.472      0.027     17.400      0.000
    Q15F               0.621      0.012     53.902      0.000

 Q04E       ON
    CARPRIDE           0.078      0.012      6.363      0.000

 Q04E       ON
    AGE               -0.047      0.010     -4.711      0.000
    GEN               -0.071      0.008     -8.635      0.000
    LOW_EDU            0.004      0.008      0.551      0.582
    HIGH_EDU           0.006      0.008      0.744      0.457
    INC                0.009      0.011      0.830      0.407
    ESS                0.009      0.009      1.026      0.305
    ACCESS            -0.019      0.010     -1.958      0.050
    OWNING            -0.038      0.011     -3.437      0.001
    POPDEN             0.001      0.008      0.130      0.897
    Q01D              -0.010      0.012     -0.826      0.409
    Q01E               0.029      0.006      4.470      0.000
    Q01A               0.004      0.007      0.585      0.559
    Q01K               0.018      0.007      2.681      0.007
    Q01O               0.056      0.008      7.010      0.000
    RAIL              -0.007      0.009     -0.762      0.446
    AE                -0.020      0.001    -16.521      0.000
    AR                 0.014      0.001     15.481      0.000
    AT                -0.044      0.001    -31.258      0.000
    AU                -0.010      0.001     -7.423      0.000
    BE                -0.027      0.002    -16.391      0.000
    BH                -0.007      0.001     -7.145      0.000
    BR                 0.043      0.001     33.803      0.000
    CA                 0.004      0.001      3.565      0.000
    CH                -0.031      0.002    -19.577      0.000
    CL                 0.013      0.001     12.362      0.000
    CN                 0.028      0.002     13.187      0.000
    CO                 0.025      0.002     12.444      0.000
    DE                -0.046      0.002    -26.150      0.000
    DK                -0.055      0.002    -31.966      0.000
    DZ                -0.004      0.002     -2.223      0.026
    EC                 0.029      0.001     25.843      0.000
    EG                 0.025      0.002     14.535      0.000
    ES                -0.018      0.002    -11.259      0.000
    FR                -0.021      0.002    -10.142      0.000
    GB                -0.004      0.002     -2.674      0.007
    GR                 0.051      0.002     27.338      0.000
    HK                -0.019      0.001    -12.885      0.000
    ID                 0.029      0.002     16.085      0.000
    IE                -0.008      0.001     -7.704      0.000
    IL                -0.022      0.001    -31.006      0.000
    IN                 0.025      0.002     12.821      0.000
    IT                -0.009      0.002     -5.186      0.000
    JP                 0.014      0.002      5.730      0.000
    KE                 0.015      0.002     10.209      0.000
    KR                 0.005      0.002      2.447      0.014
    MA                -0.003      0.001     -2.560      0.010
    MX                 0.056      0.001     44.256      0.000
    MY                -0.021      0.001    -18.963      0.000
    NL                -0.049      0.002    -26.219      0.000
    NO                -0.014      0.002     -7.980      0.000
    PE                 0.044      0.002     22.815      0.000
    PH                 0.037      0.001     26.615      0.000
    PK                 0.021      0.002     12.812      0.000
    PL                 0.006      0.002      3.625      0.000
    PT                 0.004      0.001      2.953      0.003
    RU                 0.019      0.002     10.452      0.000
    SA                 0.007      0.001      6.192      0.000
    SE                -0.037      0.002    -22.204      0.000
    SG                 0.004      0.002      1.640      0.101
    TH                 0.032      0.001     25.294      0.000
    TR                 0.000      0.002     -0.209      0.835
    UA                 0.010      0.002      4.972      0.000
    US                 0.010      0.001      8.827      0.000
    VE                 0.048      0.002     25.471      0.000
    VN                 0.066      0.002     40.464      0.000

 INC      WITH
    CARPRIDE           0.098      0.025      3.929      0.000

 Means
    INC                5.777      0.189     30.599      0.000

 Thresholds
    Q04E$1             0.661      0.071      9.332      0.000
    Q14A$1             1.242      0.032     38.324      0.000
    Q14B$1             1.252      0.031     40.835      0.000
    Q14F$1             1.611      0.036     45.240      0.000
    Q14K$1             1.839      0.029     63.244      0.000
    Q15A$1             1.064      0.028     38.607      0.000
    Q15B$1             0.651      0.036     18.008      0.000
    Q15C$1             0.797      0.038     20.896      0.000
    Q15D$1             0.769      0.045     16.949      0.000
    Q15F$1             1.135      0.028     40.688      0.000

 Variances
    INC                1.000      0.000    999.000    999.000
    CARPRIDE           1.000      0.000    999.000    999.000


STDY Standardization

                                                    Two-Tailed
                    Estimate       S.E.  Est./S.E.    P-Value

 CARPRIDE BY
    Q14A               0.783      0.009     84.502      0.000
    Q14B               0.747      0.009     81.013      0.000
    Q14F               0.724      0.012     61.606      0.000
    Q14K               0.562      0.016     36.016      0.000
    Q15A               0.675      0.014     49.776      0.000
    Q15B               0.538      0.014     38.124      0.000
    Q15C               0.529      0.012     45.346      0.000
    Q15D               0.472      0.027     17.400      0.000
    Q15F               0.621      0.012     53.902      0.000

 Q04E       ON
    CARPRIDE           0.078      0.012      6.363      0.000

 Q04E       ON
    AGE               -0.004      0.001     -4.711      0.000
    GEN               -0.143      0.016     -8.639      0.000
    LOW_EDU            0.012      0.021      0.551      0.582
    HIGH_EDU           0.013      0.017      0.744      0.457
    INC                0.009      0.011      0.830      0.407
    ESS                0.003      0.003      1.026      0.305
    ACCESS            -0.053      0.027     -1.958      0.050
    OWNING            -0.077      0.022     -3.437      0.001
    POPDEN             0.000      0.002      0.130      0.897
    Q01D              -0.020      0.024     -0.826      0.409
    Q01E               0.068      0.015      4.471      0.000
    Q01A               0.014      0.025      0.585      0.559
    Q01K               0.063      0.024      2.681      0.007
    Q01O               0.154      0.022      7.012      0.000
    RAIL              -0.018      0.024     -0.762      0.446
    AE                -0.183      0.011    -16.548      0.000
    AR                 0.125      0.008     15.503      0.000
    AT                -0.399      0.013    -31.441      0.000
    AU                -0.062      0.008     -7.425      0.000
    BE                -0.175      0.011    -16.417      0.000
    BH                -0.075      0.010     -7.147      0.000
    BR                 0.277      0.008     34.035      0.000
    CA                 0.029      0.008      3.565      0.000
    CH                -0.284      0.014    -19.621      0.000
    CL                 0.122      0.010     12.373      0.000
    CN                 0.174      0.013     13.201      0.000
    CO                 0.159      0.013     12.455      0.000
    DE                -0.297      0.011    -26.256      0.000
    DK                -0.352      0.011    -32.161      0.000
    DZ                -0.032      0.014     -2.223      0.026
    EC                 0.267      0.010     25.946      0.000
    EG                 0.228      0.016     14.554      0.000
    ES                -0.120      0.011    -11.267      0.000
    FR                -0.131      0.013    -10.148      0.000
    GB                -0.026      0.010     -2.674      0.007
    GR                 0.327      0.012     27.460      0.000
    HK                -0.267      0.021    -12.898      0.000
    ID                 0.256      0.016     16.110      0.000
    IE                -0.076      0.010     -7.707      0.000
    IL                -0.203      0.006    -31.185      0.000
    IN                 0.166      0.013     12.834      0.000
    IT                -0.057      0.011     -5.187      0.000
    JP                 0.091      0.016      5.732      0.000
    KE                 0.140      0.014     10.215      0.000
    KR                 0.034      0.014      2.447      0.014
    MA                -0.028      0.011     -2.560      0.010
    MX                 0.367      0.008     44.778      0.000
    MY                -0.138      0.007    -19.004      0.000
    NL                -0.321      0.012    -26.326      0.000
    NO                -0.087      0.011     -7.983      0.000
    PE                 0.288      0.013     22.886      0.000
    PH                 0.336      0.013     26.728      0.000
    PK                 0.154      0.012     12.824      0.000
    PL                 0.038      0.010      3.625      0.000
    PT                 0.026      0.009      2.953      0.003
    RU                 0.124      0.012     10.459      0.000
    SA                 0.048      0.008      6.194      0.000
    SE                -0.235      0.011    -22.269      0.000
    SG                 0.026      0.016      1.640      0.101
    TH                 0.211      0.008     25.391      0.000
    TR                -0.002      0.010     -0.209      0.835
    UA                 0.087      0.018      4.973      0.000
    US                 0.066      0.007      8.831      0.000
    VE                 0.437      0.017     25.570      0.000
    VN                 0.590      0.014     40.862      0.000

 INC      WITH
    CARPRIDE           0.098      0.025      3.929      0.000

 Means
    INC                5.777      0.189     30.599      0.000

 Thresholds
    Q04E$1             0.661      0.071      9.332      0.000
    Q14A$1             1.242      0.032     38.324      0.000
    Q14B$1             1.252      0.031     40.835      0.000
    Q14F$1             1.611      0.036     45.240      0.000
    Q14K$1             1.839      0.029     63.244      0.000
    Q15A$1             1.064      0.028     38.607      0.000
    Q15B$1             0.651      0.036     18.008      0.000
    Q15C$1             0.797      0.038     20.896      0.000
    Q15D$1             0.769      0.045     16.949      0.000
    Q15F$1             1.135      0.028     40.688      0.000

 Variances
    INC                1.000      0.000    999.000    999.000
    CARPRIDE           1.000      0.000    999.000    999.000


STD Standardization

                                                    Two-Tailed
                    Estimate       S.E.  Est./S.E.    P-Value

 CARPRIDE BY
    Q14A               2.284      0.070     32.685      0.000
    Q14B               2.037      0.057     35.834      0.000
    Q14F               1.905      0.065     29.287      0.000
    Q14K               1.231      0.050     24.660      0.000
    Q15A               1.659      0.061     27.099      0.000
    Q15B               1.157      0.043     27.103      0.000
    Q15C               1.131      0.035     32.645      0.000
    Q15D               0.971      0.072     13.523      0.000
    Q15F               1.437      0.043     33.121      0.000

 Q04E       ON
    CARPRIDE           0.146      0.023      6.312      0.000

 Q04E       ON
    AGE               -0.007      0.002     -4.707      0.000
    GEN               -0.268      0.031     -8.582      0.000
    LOW_EDU            0.022      0.040      0.551      0.582
    HIGH_EDU           0.024      0.032      0.744      0.457
    INC                0.013      0.016      0.827      0.408
    ESS                0.005      0.005      1.026      0.305
    ACCESS            -0.100      0.051     -1.956      0.050
    OWNING            -0.144      0.042     -3.431      0.001
    POPDEN             0.001      0.004      0.130      0.897
    Q01D              -0.038      0.046     -0.826      0.409
    Q01E               0.129      0.029      4.465      0.000
    Q01A               0.027      0.047      0.584      0.559
    Q01K               0.119      0.045      2.681      0.007
    Q01O               0.290      0.041      7.012      0.000
    RAIL              -0.034      0.045     -0.762      0.446
    AE                -0.344      0.021    -16.381      0.000
    AR                 0.235      0.015     15.580      0.000
    AT                -0.751      0.024    -31.636      0.000
    AU                -0.117      0.016     -7.417      0.000
    BE                -0.330      0.020    -16.472      0.000
    BH                -0.141      0.020     -7.161      0.000
    BR                 0.522      0.015     34.475      0.000
    CA                 0.054      0.015      3.566      0.000
    CH                -0.536      0.027    -19.561      0.000
    CL                 0.229      0.018     12.390      0.000
    CN                 0.328      0.025     13.243      0.000
    CO                 0.300      0.024     12.476      0.000
    DE                -0.560      0.021    -26.397      0.000
    DK                -0.663      0.021    -31.819      0.000
    DZ                -0.059      0.027     -2.223      0.026
    EC                 0.503      0.019     26.019      0.000
    EG                 0.430      0.030     14.517      0.000
    ES                -0.226      0.020    -11.330      0.000
    FR                -0.248      0.024    -10.220      0.000
    GB                -0.050      0.019     -2.672      0.008
    GR                 0.616      0.023     26.876      0.000
    HK                -0.503      0.039    -12.786      0.000
    ID                 0.483      0.030     16.033      0.000
    IE                -0.143      0.019     -7.707      0.000
    IL                -0.382      0.013    -30.357      0.000
    IN                 0.313      0.024     12.895      0.000
    IT                -0.107      0.021     -5.199      0.000
    JP                 0.172      0.030      5.729      0.000
    KE                 0.263      0.026     10.289      0.000
    KR                 0.064      0.026      2.449      0.014
    MA                -0.053      0.021     -2.560      0.010
    MX                 0.691      0.016     43.655      0.000
    MY                -0.260      0.014    -19.112      0.000
    NL                -0.605      0.023    -26.383      0.000
    NO                -0.163      0.020     -7.974      0.000
    PE                 0.543      0.024     23.105      0.000
    PH                 0.632      0.023     26.924      0.000
    PK                 0.291      0.023     12.901      0.000
    PL                 0.071      0.020      3.620      0.000
    PT                 0.050      0.017      2.947      0.003
    RU                 0.234      0.022     10.435      0.000
    SA                 0.091      0.015      6.214      0.000
    SE                -0.442      0.020    -22.195      0.000
    SG                 0.050      0.030      1.642      0.101
    TH                 0.398      0.016     25.388      0.000
    TR                -0.004      0.020     -0.209      0.835
    UA                 0.164      0.033      4.960      0.000
    US                 0.124      0.014      8.866      0.000
    VE                 0.823      0.031     26.170      0.000
    VN                 1.111      0.027     41.640      0.000

 INC      WITH
    CARPRIDE           0.123      0.031      3.928      0.000

 Means
    INC                7.225      0.093     77.739      0.000

 Thresholds
    Q04E$1             1.245      0.134      9.288      0.000
    Q14A$1             3.621      0.116     31.345      0.000
    Q14B$1             3.414      0.096     35.436      0.000
    Q14F$1             4.239      0.118     35.952      0.000
    Q14K$1             4.031      0.094     43.054      0.000
    Q15A$1             2.616      0.085     30.716      0.000
    Q15B$1             1.399      0.083     16.890      0.000
    Q15C$1             1.704      0.090     18.991      0.000
    Q15D$1             1.582      0.115     13.776      0.000
    Q15F$1             2.626      0.083     31.465      0.000

 Variances
    INC                1.564      0.084     18.532      0.000
    CARPRIDE           1.000      0.000    999.000    999.000


R-SQUARE

    Observed                                        Two-Tailed
    Variable        Estimate       S.E.  Est./S.E.    P-Value

    Q04E               0.073      0.003     21.286      0.000
    Q14A               0.613      0.015     42.251      0.000
    Q14B               0.558      0.014     40.507      0.000
    Q14F               0.525      0.017     30.803      0.000
    Q14K               0.315      0.018     18.008      0.000
    Q15A               0.456      0.018     24.888      0.000
    Q15B               0.289      0.015     19.062      0.000
    Q15C               0.280      0.012     22.673      0.000
    Q15D               0.223      0.026      8.700      0.000
    Q15F               0.386      0.014     26.951      0.000


QUALITY OF NUMERICAL RESULTS

     Condition Number for the Information Matrix              0.488E-06
       (ratio of smallest to largest eigenvalue)


RESULTS SAVING INFORMATION

  Order of data

    Parameter estimates
     (saved in order shown in Technical 1 output)
    Standard errors
     (saved in order shown in Technical 1 output)
    StdYX standardized coefficients
     (saved in order shown in Technical 1 output)
    Standard errors for StdYX standardized coefficients
     (saved in order shown in Technical 1 output)
    StdY standardized coefficients
     (saved in order shown in Technical 1 output)
    Standard errors for StdY standardized coefficients
     (saved in order shown in Technical 1 output)
    Std standardized coefficients
     (saved in order shown in Technical 1 output)
    Standard errors for Std standardized coefficients
     (saved in order shown in Technical 1 output)
    H0 Loglikelihood
    H0 Scaling Correction Factor for MLR
    Number of Free Parameters
    Akaike (AIC)
    Bayesian (BIC)
    Sample-Size Adjusted BIC
    Condition Number

  Save file
    /Users/xuenanni/Desktop/thesis/Mplus/resultE.dat

  Save file format           Free


DIAGRAM INFORMATION

  Use View Diagram under the Diagram menu in the Mplus Editor to view the diagram.
  If running Mplus from the Mplus Diagrammer, the diagram opens automatically.

  Diagram output
    /Users/xuenanni/Desktop/Thesis/Mplus/E_noTW_pop.dgm

     Beginning Time:  08:04:32
        Ending Time:  17:07:24
       Elapsed Time:  09:02:52



MUTHEN & MUTHEN
3463 Stoner Ave.
Los Angeles, CA  90066

Tel: (310) 391-9971
Fax: (310) 391-8971
Web: www.StatModel.com
Support: Support@StatModel.com

Copyright (c) 1998-2018 Muthen & Muthen
