Mplus VERSION 8.1 (Mac)
MUTHEN & MUTHEN
11/24/2018  11:33 AM

INPUT INSTRUCTIONS

   TITLE:	MPlus_Dalia_policy_support_questionG
   DATA:	
    	FILE IS /Users/xuenanni/Desktop/thesis/Mplus/pol_supp.txt;

    VARIABLE:	
    	NAMES ARE  	

      	ind_ID country_ID
           q04A q04B  q04C  q04D  q04E  q04F  q04G  q04H  q04I  q04J  q04K
           age gen  inc
           q01D q01E q01A q01K q01O q02 q09 q10 ess
           q14A q14B q14C  q14D  q14E  q14F  q14G  q14H  q14I  q14J  q14K  q14L  q14X
           q15A q15B q15C q15D q15E q15F popden
           low_edu high_edu
           access owning rail other peer tt_week miles_day
           AE  AR AT AU BE BH BR CA CH CL CN CO DE DK DZ EC EG ES FR GB GR HK ID
           IE IL IN IT JP KE KR MA MX MY NL NO PE PH PK PL PT RU SA SE SG TH TR UA
           US VE VN  ZA;

      	
      USEVARIABLES ARE
       	
       	  ind_ID   country_ID
             q04G
             age  gen  inc
             q14A q14B q14F q14K q15A q15B q15C q15D q15F
             ess  low_edu  high_edu  popden
             access  owning
             q01D q01E q01A  q01K q01O  rail
             AE  AR AT AU BE BH BR CA CH CL CN CO DE DK DZ EC EG ES FR GB GR HK ID
             IE IL IN IT JP KE KR MA MX MY NL NO PE PH PK PL PT RU SA SE SG TH TR UA
             US VE VN;


      CATEGORICAL = q04G q14A q14B q14F q14K q15A q15B q15C q15D q15F;

      CLUSTER = country_ID; !leave the cluster = xx for typle = complex ! single level model
      IDVARIABLE = ind_ID;
      MISSING = ALL (-9999);


    ANALYSIS:
        TYPE = COMPLEX;
        ESTIMATOR = MLR;
        INTEGRATION = MONTECARLO;


    MODEL: !No within and between;
         !Latent variable measurement model for carpride
         carpride BY q14A* q14B q14F q14K q15A q15B q15C q15D q15F;
         carpride @ 1;

         !Regression of car pride on socio-demographics
         !carpride ON age gender income;

         !choice model
         q04G ON age  gen  low_edu  high_edu  inc
                 ess access  owning carpride popden
                 q01D q01E q01A  q01K q01O  rail
                 AE  AR AT AU BE BH BR CA CH CL CN CO DE DK DZ EC EG ES FR GB GR HK ID
                 IE IL IN IT JP KE KR MA MX MY NL NO PE PH PK PL PT RU SA SE SG TH TR UA
                 US VE VN;
                 inc;


    OUTPUT:
        STD STDY STDYX;
    SAVEDATA:

        RESULTS ARE /Users/xuenanni/Desktop/thesis/Mplus/resultG.dat



*** WARNING in SAVEDATA command
  Statement not terminated by a semicolon:
  RESULTS ARE /Users/xuenanni/Desktop/thesis/Mplus/resultG.dat
   1 WARNING(S) FOUND IN THE INPUT INSTRUCTIONS



MPlus_Dalia_policy_support_questionG

SUMMARY OF ANALYSIS

Number of groups                                                 1
Number of observations                                       41932

Number of dependent variables                                   10
Number of independent variables                                 65
Number of continuous latent variables                            1

Observed dependent variables

  Binary and ordered categorical (ordinal)
   Q04G        Q14A        Q14B        Q14F        Q14K        Q15A
   Q15B        Q15C        Q15D        Q15F

Observed independent variables
   AGE         GEN         INC         ESS         LOW_EDU     HIGH_EDU
   POPDEN      ACCESS      OWNING      Q01D        Q01E        Q01A
   Q01K        Q01O        RAIL        AE          AR          AT
   AU          BE          BH          BR          CA          CH
   CL          CN          CO          DE          DK          DZ
   EC          EG          ES          FR          GB          GR
   HK          ID          IE          IL          IN          IT
   JP          KE          KR          MA          MX          MY
   NL          NO          PE          PH          PK          PL
   PT          RU          SA          SE          SG          TH
   TR          UA          US          VE          VN

Continuous latent variables
   CARPRIDE

Variables with special functions

  Cluster variable      COUNTRY_
  ID variable           IND_ID

Estimator                                                      MLR
Information matrix                                        OBSERVED
Optimization Specifications for the Quasi-Newton Algorithm for
Continuous Outcomes
  Maximum number of iterations                                 100
  Convergence criterion                                  0.100D-05
Optimization Specifications for the EM Algorithm
  Maximum number of iterations                                 500
  Convergence criteria
    Loglikelihood change                                 0.100D-02
    Relative loglikelihood change                        0.100D-05
    Derivative                                           0.100D-02
Optimization Specifications for the M step of the EM Algorithm for
Categorical Latent variables
  Number of M step iterations                                    1
  M step convergence criterion                           0.100D-02
  Basis for M step termination                           ITERATION
Optimization Specifications for the M step of the EM Algorithm for
Censored, Binary or Ordered Categorical (Ordinal), Unordered
Categorical (Nominal) and Count Outcomes
  Number of M step iterations                                    1
  M step convergence criterion                           0.100D-02
  Basis for M step termination                           ITERATION
  Maximum value for logit thresholds                            15
  Minimum value for logit thresholds                           -15
  Minimum expected cell size for chi-square              0.100D-01
Maximum number of iterations for H1                           2000
Convergence criterion for H1                             0.100D-03
Optimization algorithm                                         EMA
Integration Specifications
  Type                                                  MONTECARLO
  Number of integration points                                1250
  Dimensions of numerical integration                            2
  Adaptive quadrature                                           ON
  Monte Carlo integration seed                                   0
Link                                                         LOGIT
Cholesky                                                       OFF

Input data file(s)
  /Users/xuenanni/Desktop/thesis/Mplus/pol_supp.txt
Input data format  FREE


SUMMARY OF DATA

     Number of missing data patterns             2
     Number of y missing data patterns           2
     Number of u missing data patterns           1
     Number of clusters          51



COVARIANCE COVERAGE OF DATA

Minimum covariance coverage value   0.100


     PROPORTION OF DATA PRESENT FOR Y


           Covariance Coverage
              INC           AGE           GEN           ESS           LOW_EDU
              ________      ________      ________      ________      ________
 INC            0.839
 AGE            0.839         1.000
 GEN            0.839         1.000         1.000
 ESS            0.839         1.000         1.000         1.000
 LOW_EDU        0.839         1.000         1.000         1.000         1.000
 HIGH_EDU       0.839         1.000         1.000         1.000         1.000
 POPDEN         0.839         1.000         1.000         1.000         1.000
 ACCESS         0.839         1.000         1.000         1.000         1.000
 OWNING         0.839         1.000         1.000         1.000         1.000
 Q01D           0.839         1.000         1.000         1.000         1.000
 Q01E           0.839         1.000         1.000         1.000         1.000
 Q01A           0.839         1.000         1.000         1.000         1.000
 Q01K           0.839         1.000         1.000         1.000         1.000
 Q01O           0.839         1.000         1.000         1.000         1.000
 RAIL           0.839         1.000         1.000         1.000         1.000
 AE             0.839         1.000         1.000         1.000         1.000
 AR             0.839         1.000         1.000         1.000         1.000
 AT             0.839         1.000         1.000         1.000         1.000
 AU             0.839         1.000         1.000         1.000         1.000
 BE             0.839         1.000         1.000         1.000         1.000
 BH             0.839         1.000         1.000         1.000         1.000
 BR             0.839         1.000         1.000         1.000         1.000
 CA             0.839         1.000         1.000         1.000         1.000
 CH             0.839         1.000         1.000         1.000         1.000
 CL             0.839         1.000         1.000         1.000         1.000
 CN             0.839         1.000         1.000         1.000         1.000
 CO             0.839         1.000         1.000         1.000         1.000
 DE             0.839         1.000         1.000         1.000         1.000
 DK             0.839         1.000         1.000         1.000         1.000
 DZ             0.839         1.000         1.000         1.000         1.000
 EC             0.839         1.000         1.000         1.000         1.000
 EG             0.839         1.000         1.000         1.000         1.000
 ES             0.839         1.000         1.000         1.000         1.000
 FR             0.839         1.000         1.000         1.000         1.000
 GB             0.839         1.000         1.000         1.000         1.000
 GR             0.839         1.000         1.000         1.000         1.000
 HK             0.839         1.000         1.000         1.000         1.000
 ID             0.839         1.000         1.000         1.000         1.000
 IE             0.839         1.000         1.000         1.000         1.000
 IL             0.839         1.000         1.000         1.000         1.000
 IN             0.839         1.000         1.000         1.000         1.000
 IT             0.839         1.000         1.000         1.000         1.000
 JP             0.839         1.000         1.000         1.000         1.000
 KE             0.839         1.000         1.000         1.000         1.000
 KR             0.839         1.000         1.000         1.000         1.000
 MA             0.839         1.000         1.000         1.000         1.000
 MX             0.839         1.000         1.000         1.000         1.000
 MY             0.839         1.000         1.000         1.000         1.000
 NL             0.839         1.000         1.000         1.000         1.000
 NO             0.839         1.000         1.000         1.000         1.000
 PE             0.839         1.000         1.000         1.000         1.000
 PH             0.839         1.000         1.000         1.000         1.000
 PK             0.839         1.000         1.000         1.000         1.000
 PL             0.839         1.000         1.000         1.000         1.000
 PT             0.839         1.000         1.000         1.000         1.000
 RU             0.839         1.000         1.000         1.000         1.000
 SA             0.839         1.000         1.000         1.000         1.000
 SE             0.839         1.000         1.000         1.000         1.000
 SG             0.839         1.000         1.000         1.000         1.000
 TH             0.839         1.000         1.000         1.000         1.000
 TR             0.839         1.000         1.000         1.000         1.000
 UA             0.839         1.000         1.000         1.000         1.000
 US             0.839         1.000         1.000         1.000         1.000
 VE             0.839         1.000         1.000         1.000         1.000
 VN             0.839         1.000         1.000         1.000         1.000


           Covariance Coverage
              HIGH_EDU      POPDEN        ACCESS        OWNING        Q01D
              ________      ________      ________      ________      ________
 HIGH_EDU       1.000
 POPDEN         1.000         1.000
 ACCESS         1.000         1.000         1.000
 OWNING         1.000         1.000         1.000         1.000
 Q01D           1.000         1.000         1.000         1.000         1.000
 Q01E           1.000         1.000         1.000         1.000         1.000
 Q01A           1.000         1.000         1.000         1.000         1.000
 Q01K           1.000         1.000         1.000         1.000         1.000
 Q01O           1.000         1.000         1.000         1.000         1.000
 RAIL           1.000         1.000         1.000         1.000         1.000
 AE             1.000         1.000         1.000         1.000         1.000
 AR             1.000         1.000         1.000         1.000         1.000
 AT             1.000         1.000         1.000         1.000         1.000
 AU             1.000         1.000         1.000         1.000         1.000
 BE             1.000         1.000         1.000         1.000         1.000
 BH             1.000         1.000         1.000         1.000         1.000
 BR             1.000         1.000         1.000         1.000         1.000
 CA             1.000         1.000         1.000         1.000         1.000
 CH             1.000         1.000         1.000         1.000         1.000
 CL             1.000         1.000         1.000         1.000         1.000
 CN             1.000         1.000         1.000         1.000         1.000
 CO             1.000         1.000         1.000         1.000         1.000
 DE             1.000         1.000         1.000         1.000         1.000
 DK             1.000         1.000         1.000         1.000         1.000
 DZ             1.000         1.000         1.000         1.000         1.000
 EC             1.000         1.000         1.000         1.000         1.000
 EG             1.000         1.000         1.000         1.000         1.000
 ES             1.000         1.000         1.000         1.000         1.000
 FR             1.000         1.000         1.000         1.000         1.000
 GB             1.000         1.000         1.000         1.000         1.000
 GR             1.000         1.000         1.000         1.000         1.000
 HK             1.000         1.000         1.000         1.000         1.000
 ID             1.000         1.000         1.000         1.000         1.000
 IE             1.000         1.000         1.000         1.000         1.000
 IL             1.000         1.000         1.000         1.000         1.000
 IN             1.000         1.000         1.000         1.000         1.000
 IT             1.000         1.000         1.000         1.000         1.000
 JP             1.000         1.000         1.000         1.000         1.000
 KE             1.000         1.000         1.000         1.000         1.000
 KR             1.000         1.000         1.000         1.000         1.000
 MA             1.000         1.000         1.000         1.000         1.000
 MX             1.000         1.000         1.000         1.000         1.000
 MY             1.000         1.000         1.000         1.000         1.000
 NL             1.000         1.000         1.000         1.000         1.000
 NO             1.000         1.000         1.000         1.000         1.000
 PE             1.000         1.000         1.000         1.000         1.000
 PH             1.000         1.000         1.000         1.000         1.000
 PK             1.000         1.000         1.000         1.000         1.000
 PL             1.000         1.000         1.000         1.000         1.000
 PT             1.000         1.000         1.000         1.000         1.000
 RU             1.000         1.000         1.000         1.000         1.000
 SA             1.000         1.000         1.000         1.000         1.000
 SE             1.000         1.000         1.000         1.000         1.000
 SG             1.000         1.000         1.000         1.000         1.000
 TH             1.000         1.000         1.000         1.000         1.000
 TR             1.000         1.000         1.000         1.000         1.000
 UA             1.000         1.000         1.000         1.000         1.000
 US             1.000         1.000         1.000         1.000         1.000
 VE             1.000         1.000         1.000         1.000         1.000
 VN             1.000         1.000         1.000         1.000         1.000


           Covariance Coverage
              Q01E          Q01A          Q01K          Q01O          RAIL
              ________      ________      ________      ________      ________
 Q01E           1.000
 Q01A           1.000         1.000
 Q01K           1.000         1.000         1.000
 Q01O           1.000         1.000         1.000         1.000
 RAIL           1.000         1.000         1.000         1.000         1.000
 AE             1.000         1.000         1.000         1.000         1.000
 AR             1.000         1.000         1.000         1.000         1.000
 AT             1.000         1.000         1.000         1.000         1.000
 AU             1.000         1.000         1.000         1.000         1.000
 BE             1.000         1.000         1.000         1.000         1.000
 BH             1.000         1.000         1.000         1.000         1.000
 BR             1.000         1.000         1.000         1.000         1.000
 CA             1.000         1.000         1.000         1.000         1.000
 CH             1.000         1.000         1.000         1.000         1.000
 CL             1.000         1.000         1.000         1.000         1.000
 CN             1.000         1.000         1.000         1.000         1.000
 CO             1.000         1.000         1.000         1.000         1.000
 DE             1.000         1.000         1.000         1.000         1.000
 DK             1.000         1.000         1.000         1.000         1.000
 DZ             1.000         1.000         1.000         1.000         1.000
 EC             1.000         1.000         1.000         1.000         1.000
 EG             1.000         1.000         1.000         1.000         1.000
 ES             1.000         1.000         1.000         1.000         1.000
 FR             1.000         1.000         1.000         1.000         1.000
 GB             1.000         1.000         1.000         1.000         1.000
 GR             1.000         1.000         1.000         1.000         1.000
 HK             1.000         1.000         1.000         1.000         1.000
 ID             1.000         1.000         1.000         1.000         1.000
 IE             1.000         1.000         1.000         1.000         1.000
 IL             1.000         1.000         1.000         1.000         1.000
 IN             1.000         1.000         1.000         1.000         1.000
 IT             1.000         1.000         1.000         1.000         1.000
 JP             1.000         1.000         1.000         1.000         1.000
 KE             1.000         1.000         1.000         1.000         1.000
 KR             1.000         1.000         1.000         1.000         1.000
 MA             1.000         1.000         1.000         1.000         1.000
 MX             1.000         1.000         1.000         1.000         1.000
 MY             1.000         1.000         1.000         1.000         1.000
 NL             1.000         1.000         1.000         1.000         1.000
 NO             1.000         1.000         1.000         1.000         1.000
 PE             1.000         1.000         1.000         1.000         1.000
 PH             1.000         1.000         1.000         1.000         1.000
 PK             1.000         1.000         1.000         1.000         1.000
 PL             1.000         1.000         1.000         1.000         1.000
 PT             1.000         1.000         1.000         1.000         1.000
 RU             1.000         1.000         1.000         1.000         1.000
 SA             1.000         1.000         1.000         1.000         1.000
 SE             1.000         1.000         1.000         1.000         1.000
 SG             1.000         1.000         1.000         1.000         1.000
 TH             1.000         1.000         1.000         1.000         1.000
 TR             1.000         1.000         1.000         1.000         1.000
 UA             1.000         1.000         1.000         1.000         1.000
 US             1.000         1.000         1.000         1.000         1.000
 VE             1.000         1.000         1.000         1.000         1.000
 VN             1.000         1.000         1.000         1.000         1.000


           Covariance Coverage
              AE            AR            AT            AU            BE
              ________      ________      ________      ________      ________
 AE             1.000
 AR             1.000         1.000
 AT             1.000         1.000         1.000
 AU             1.000         1.000         1.000         1.000
 BE             1.000         1.000         1.000         1.000         1.000
 BH             1.000         1.000         1.000         1.000         1.000
 BR             1.000         1.000         1.000         1.000         1.000
 CA             1.000         1.000         1.000         1.000         1.000
 CH             1.000         1.000         1.000         1.000         1.000
 CL             1.000         1.000         1.000         1.000         1.000
 CN             1.000         1.000         1.000         1.000         1.000
 CO             1.000         1.000         1.000         1.000         1.000
 DE             1.000         1.000         1.000         1.000         1.000
 DK             1.000         1.000         1.000         1.000         1.000
 DZ             1.000         1.000         1.000         1.000         1.000
 EC             1.000         1.000         1.000         1.000         1.000
 EG             1.000         1.000         1.000         1.000         1.000
 ES             1.000         1.000         1.000         1.000         1.000
 FR             1.000         1.000         1.000         1.000         1.000
 GB             1.000         1.000         1.000         1.000         1.000
 GR             1.000         1.000         1.000         1.000         1.000
 HK             1.000         1.000         1.000         1.000         1.000
 ID             1.000         1.000         1.000         1.000         1.000
 IE             1.000         1.000         1.000         1.000         1.000
 IL             1.000         1.000         1.000         1.000         1.000
 IN             1.000         1.000         1.000         1.000         1.000
 IT             1.000         1.000         1.000         1.000         1.000
 JP             1.000         1.000         1.000         1.000         1.000
 KE             1.000         1.000         1.000         1.000         1.000
 KR             1.000         1.000         1.000         1.000         1.000
 MA             1.000         1.000         1.000         1.000         1.000
 MX             1.000         1.000         1.000         1.000         1.000
 MY             1.000         1.000         1.000         1.000         1.000
 NL             1.000         1.000         1.000         1.000         1.000
 NO             1.000         1.000         1.000         1.000         1.000
 PE             1.000         1.000         1.000         1.000         1.000
 PH             1.000         1.000         1.000         1.000         1.000
 PK             1.000         1.000         1.000         1.000         1.000
 PL             1.000         1.000         1.000         1.000         1.000
 PT             1.000         1.000         1.000         1.000         1.000
 RU             1.000         1.000         1.000         1.000         1.000
 SA             1.000         1.000         1.000         1.000         1.000
 SE             1.000         1.000         1.000         1.000         1.000
 SG             1.000         1.000         1.000         1.000         1.000
 TH             1.000         1.000         1.000         1.000         1.000
 TR             1.000         1.000         1.000         1.000         1.000
 UA             1.000         1.000         1.000         1.000         1.000
 US             1.000         1.000         1.000         1.000         1.000
 VE             1.000         1.000         1.000         1.000         1.000
 VN             1.000         1.000         1.000         1.000         1.000


           Covariance Coverage
              BH            BR            CA            CH            CL
              ________      ________      ________      ________      ________
 BH             1.000
 BR             1.000         1.000
 CA             1.000         1.000         1.000
 CH             1.000         1.000         1.000         1.000
 CL             1.000         1.000         1.000         1.000         1.000
 CN             1.000         1.000         1.000         1.000         1.000
 CO             1.000         1.000         1.000         1.000         1.000
 DE             1.000         1.000         1.000         1.000         1.000
 DK             1.000         1.000         1.000         1.000         1.000
 DZ             1.000         1.000         1.000         1.000         1.000
 EC             1.000         1.000         1.000         1.000         1.000
 EG             1.000         1.000         1.000         1.000         1.000
 ES             1.000         1.000         1.000         1.000         1.000
 FR             1.000         1.000         1.000         1.000         1.000
 GB             1.000         1.000         1.000         1.000         1.000
 GR             1.000         1.000         1.000         1.000         1.000
 HK             1.000         1.000         1.000         1.000         1.000
 ID             1.000         1.000         1.000         1.000         1.000
 IE             1.000         1.000         1.000         1.000         1.000
 IL             1.000         1.000         1.000         1.000         1.000
 IN             1.000         1.000         1.000         1.000         1.000
 IT             1.000         1.000         1.000         1.000         1.000
 JP             1.000         1.000         1.000         1.000         1.000
 KE             1.000         1.000         1.000         1.000         1.000
 KR             1.000         1.000         1.000         1.000         1.000
 MA             1.000         1.000         1.000         1.000         1.000
 MX             1.000         1.000         1.000         1.000         1.000
 MY             1.000         1.000         1.000         1.000         1.000
 NL             1.000         1.000         1.000         1.000         1.000
 NO             1.000         1.000         1.000         1.000         1.000
 PE             1.000         1.000         1.000         1.000         1.000
 PH             1.000         1.000         1.000         1.000         1.000
 PK             1.000         1.000         1.000         1.000         1.000
 PL             1.000         1.000         1.000         1.000         1.000
 PT             1.000         1.000         1.000         1.000         1.000
 RU             1.000         1.000         1.000         1.000         1.000
 SA             1.000         1.000         1.000         1.000         1.000
 SE             1.000         1.000         1.000         1.000         1.000
 SG             1.000         1.000         1.000         1.000         1.000
 TH             1.000         1.000         1.000         1.000         1.000
 TR             1.000         1.000         1.000         1.000         1.000
 UA             1.000         1.000         1.000         1.000         1.000
 US             1.000         1.000         1.000         1.000         1.000
 VE             1.000         1.000         1.000         1.000         1.000
 VN             1.000         1.000         1.000         1.000         1.000


           Covariance Coverage
              CN            CO            DE            DK            DZ
              ________      ________      ________      ________      ________
 CN             1.000
 CO             1.000         1.000
 DE             1.000         1.000         1.000
 DK             1.000         1.000         1.000         1.000
 DZ             1.000         1.000         1.000         1.000         1.000
 EC             1.000         1.000         1.000         1.000         1.000
 EG             1.000         1.000         1.000         1.000         1.000
 ES             1.000         1.000         1.000         1.000         1.000
 FR             1.000         1.000         1.000         1.000         1.000
 GB             1.000         1.000         1.000         1.000         1.000
 GR             1.000         1.000         1.000         1.000         1.000
 HK             1.000         1.000         1.000         1.000         1.000
 ID             1.000         1.000         1.000         1.000         1.000
 IE             1.000         1.000         1.000         1.000         1.000
 IL             1.000         1.000         1.000         1.000         1.000
 IN             1.000         1.000         1.000         1.000         1.000
 IT             1.000         1.000         1.000         1.000         1.000
 JP             1.000         1.000         1.000         1.000         1.000
 KE             1.000         1.000         1.000         1.000         1.000
 KR             1.000         1.000         1.000         1.000         1.000
 MA             1.000         1.000         1.000         1.000         1.000
 MX             1.000         1.000         1.000         1.000         1.000
 MY             1.000         1.000         1.000         1.000         1.000
 NL             1.000         1.000         1.000         1.000         1.000
 NO             1.000         1.000         1.000         1.000         1.000
 PE             1.000         1.000         1.000         1.000         1.000
 PH             1.000         1.000         1.000         1.000         1.000
 PK             1.000         1.000         1.000         1.000         1.000
 PL             1.000         1.000         1.000         1.000         1.000
 PT             1.000         1.000         1.000         1.000         1.000
 RU             1.000         1.000         1.000         1.000         1.000
 SA             1.000         1.000         1.000         1.000         1.000
 SE             1.000         1.000         1.000         1.000         1.000
 SG             1.000         1.000         1.000         1.000         1.000
 TH             1.000         1.000         1.000         1.000         1.000
 TR             1.000         1.000         1.000         1.000         1.000
 UA             1.000         1.000         1.000         1.000         1.000
 US             1.000         1.000         1.000         1.000         1.000
 VE             1.000         1.000         1.000         1.000         1.000
 VN             1.000         1.000         1.000         1.000         1.000


           Covariance Coverage
              EC            EG            ES            FR            GB
              ________      ________      ________      ________      ________
 EC             1.000
 EG             1.000         1.000
 ES             1.000         1.000         1.000
 FR             1.000         1.000         1.000         1.000
 GB             1.000         1.000         1.000         1.000         1.000
 GR             1.000         1.000         1.000         1.000         1.000
 HK             1.000         1.000         1.000         1.000         1.000
 ID             1.000         1.000         1.000         1.000         1.000
 IE             1.000         1.000         1.000         1.000         1.000
 IL             1.000         1.000         1.000         1.000         1.000
 IN             1.000         1.000         1.000         1.000         1.000
 IT             1.000         1.000         1.000         1.000         1.000
 JP             1.000         1.000         1.000         1.000         1.000
 KE             1.000         1.000         1.000         1.000         1.000
 KR             1.000         1.000         1.000         1.000         1.000
 MA             1.000         1.000         1.000         1.000         1.000
 MX             1.000         1.000         1.000         1.000         1.000
 MY             1.000         1.000         1.000         1.000         1.000
 NL             1.000         1.000         1.000         1.000         1.000
 NO             1.000         1.000         1.000         1.000         1.000
 PE             1.000         1.000         1.000         1.000         1.000
 PH             1.000         1.000         1.000         1.000         1.000
 PK             1.000         1.000         1.000         1.000         1.000
 PL             1.000         1.000         1.000         1.000         1.000
 PT             1.000         1.000         1.000         1.000         1.000
 RU             1.000         1.000         1.000         1.000         1.000
 SA             1.000         1.000         1.000         1.000         1.000
 SE             1.000         1.000         1.000         1.000         1.000
 SG             1.000         1.000         1.000         1.000         1.000
 TH             1.000         1.000         1.000         1.000         1.000
 TR             1.000         1.000         1.000         1.000         1.000
 UA             1.000         1.000         1.000         1.000         1.000
 US             1.000         1.000         1.000         1.000         1.000
 VE             1.000         1.000         1.000         1.000         1.000
 VN             1.000         1.000         1.000         1.000         1.000


           Covariance Coverage
              GR            HK            ID            IE            IL
              ________      ________      ________      ________      ________
 GR             1.000
 HK             1.000         1.000
 ID             1.000         1.000         1.000
 IE             1.000         1.000         1.000         1.000
 IL             1.000         1.000         1.000         1.000         1.000
 IN             1.000         1.000         1.000         1.000         1.000
 IT             1.000         1.000         1.000         1.000         1.000
 JP             1.000         1.000         1.000         1.000         1.000
 KE             1.000         1.000         1.000         1.000         1.000
 KR             1.000         1.000         1.000         1.000         1.000
 MA             1.000         1.000         1.000         1.000         1.000
 MX             1.000         1.000         1.000         1.000         1.000
 MY             1.000         1.000         1.000         1.000         1.000
 NL             1.000         1.000         1.000         1.000         1.000
 NO             1.000         1.000         1.000         1.000         1.000
 PE             1.000         1.000         1.000         1.000         1.000
 PH             1.000         1.000         1.000         1.000         1.000
 PK             1.000         1.000         1.000         1.000         1.000
 PL             1.000         1.000         1.000         1.000         1.000
 PT             1.000         1.000         1.000         1.000         1.000
 RU             1.000         1.000         1.000         1.000         1.000
 SA             1.000         1.000         1.000         1.000         1.000
 SE             1.000         1.000         1.000         1.000         1.000
 SG             1.000         1.000         1.000         1.000         1.000
 TH             1.000         1.000         1.000         1.000         1.000
 TR             1.000         1.000         1.000         1.000         1.000
 UA             1.000         1.000         1.000         1.000         1.000
 US             1.000         1.000         1.000         1.000         1.000
 VE             1.000         1.000         1.000         1.000         1.000
 VN             1.000         1.000         1.000         1.000         1.000


           Covariance Coverage
              IN            IT            JP            KE            KR
              ________      ________      ________      ________      ________
 IN             1.000
 IT             1.000         1.000
 JP             1.000         1.000         1.000
 KE             1.000         1.000         1.000         1.000
 KR             1.000         1.000         1.000         1.000         1.000
 MA             1.000         1.000         1.000         1.000         1.000
 MX             1.000         1.000         1.000         1.000         1.000
 MY             1.000         1.000         1.000         1.000         1.000
 NL             1.000         1.000         1.000         1.000         1.000
 NO             1.000         1.000         1.000         1.000         1.000
 PE             1.000         1.000         1.000         1.000         1.000
 PH             1.000         1.000         1.000         1.000         1.000
 PK             1.000         1.000         1.000         1.000         1.000
 PL             1.000         1.000         1.000         1.000         1.000
 PT             1.000         1.000         1.000         1.000         1.000
 RU             1.000         1.000         1.000         1.000         1.000
 SA             1.000         1.000         1.000         1.000         1.000
 SE             1.000         1.000         1.000         1.000         1.000
 SG             1.000         1.000         1.000         1.000         1.000
 TH             1.000         1.000         1.000         1.000         1.000
 TR             1.000         1.000         1.000         1.000         1.000
 UA             1.000         1.000         1.000         1.000         1.000
 US             1.000         1.000         1.000         1.000         1.000
 VE             1.000         1.000         1.000         1.000         1.000
 VN             1.000         1.000         1.000         1.000         1.000


           Covariance Coverage
              MA            MX            MY            NL            NO
              ________      ________      ________      ________      ________
 MA             1.000
 MX             1.000         1.000
 MY             1.000         1.000         1.000
 NL             1.000         1.000         1.000         1.000
 NO             1.000         1.000         1.000         1.000         1.000
 PE             1.000         1.000         1.000         1.000         1.000
 PH             1.000         1.000         1.000         1.000         1.000
 PK             1.000         1.000         1.000         1.000         1.000
 PL             1.000         1.000         1.000         1.000         1.000
 PT             1.000         1.000         1.000         1.000         1.000
 RU             1.000         1.000         1.000         1.000         1.000
 SA             1.000         1.000         1.000         1.000         1.000
 SE             1.000         1.000         1.000         1.000         1.000
 SG             1.000         1.000         1.000         1.000         1.000
 TH             1.000         1.000         1.000         1.000         1.000
 TR             1.000         1.000         1.000         1.000         1.000
 UA             1.000         1.000         1.000         1.000         1.000
 US             1.000         1.000         1.000         1.000         1.000
 VE             1.000         1.000         1.000         1.000         1.000
 VN             1.000         1.000         1.000         1.000         1.000


           Covariance Coverage
              PE            PH            PK            PL            PT
              ________      ________      ________      ________      ________
 PE             1.000
 PH             1.000         1.000
 PK             1.000         1.000         1.000
 PL             1.000         1.000         1.000         1.000
 PT             1.000         1.000         1.000         1.000         1.000
 RU             1.000         1.000         1.000         1.000         1.000
 SA             1.000         1.000         1.000         1.000         1.000
 SE             1.000         1.000         1.000         1.000         1.000
 SG             1.000         1.000         1.000         1.000         1.000
 TH             1.000         1.000         1.000         1.000         1.000
 TR             1.000         1.000         1.000         1.000         1.000
 UA             1.000         1.000         1.000         1.000         1.000
 US             1.000         1.000         1.000         1.000         1.000
 VE             1.000         1.000         1.000         1.000         1.000
 VN             1.000         1.000         1.000         1.000         1.000


           Covariance Coverage
              RU            SA            SE            SG            TH
              ________      ________      ________      ________      ________
 RU             1.000
 SA             1.000         1.000
 SE             1.000         1.000         1.000
 SG             1.000         1.000         1.000         1.000
 TH             1.000         1.000         1.000         1.000         1.000
 TR             1.000         1.000         1.000         1.000         1.000
 UA             1.000         1.000         1.000         1.000         1.000
 US             1.000         1.000         1.000         1.000         1.000
 VE             1.000         1.000         1.000         1.000         1.000
 VN             1.000         1.000         1.000         1.000         1.000


           Covariance Coverage
              TR            UA            US            VE            VN
              ________      ________      ________      ________      ________
 TR             1.000
 UA             1.000         1.000
 US             1.000         1.000         1.000
 VE             1.000         1.000         1.000         1.000
 VN             1.000         1.000         1.000         1.000         1.000


UNIVARIATE PROPORTIONS AND COUNTS FOR CATEGORICAL VARIABLES

    Q04G
      Category 1    0.672        28193.000
      Category 2    0.328        13739.000
    Q14A
      Category 1    0.895        37543.000
      Category 2    0.105         4389.000
    Q14B
      Category 1    0.898        37640.000
      Category 2    0.102         4292.000
    Q14F
      Category 1    0.947        39709.000
      Category 2    0.053         2223.000
    Q14K
      Category 1    0.966        40521.000
      Category 2    0.034         1411.000
    Q15A
      Category 1    0.862        36154.000
      Category 2    0.138         5778.000
    Q15B
      Category 1    0.754        31608.000
      Category 2    0.246        10324.000
    Q15C
      Category 1    0.799        33505.000
      Category 2    0.201         8427.000
    Q15D
      Category 1    0.792        33231.000
      Category 2    0.208         8701.000
    Q15F
      Category 1    0.878        36825.000
      Category 2    0.122         5107.000



UNIVARIATE SAMPLE STATISTICS


     UNIVARIATE HIGHER-ORDER MOMENT DESCRIPTIVE STATISTICS

         Variable/         Mean/     Skewness/   Minimum/ % with                Percentiles
        Sample Size      Variance    Kurtosis    Maximum  Min/Max      20%/60%    40%/80%    Median

     INC                   7.230      -0.216       4.828    5.51%       5.927      7.313      7.313
           35183.000       1.564      -0.488       9.770    1.35%       7.824      8.161
     AGE                  35.434       0.283      15.000    0.86%      23.000     30.000     34.000
           41932.000     147.414      -0.865      66.000    0.18%      40.000     47.000
     GEN                   0.529      -0.116       0.000   47.10%       0.000      0.000      1.000
           41932.000       0.249      -1.987       1.000   52.90%       1.000      1.000
     ESS                  11.980      -0.624       5.521    5.57%      10.146     11.918     11.918
           41932.000      10.355      -0.433      16.300    3.19%      13.325     14.914
     LOW_EDU               0.173       1.732       0.000   82.73%       0.000      0.000      0.000
           41932.000       0.143       1.000       1.000   17.27%       0.000      0.000
     HIGH_EDU              0.444       0.225       0.000   55.58%       0.000      0.000      0.000
           41932.000       0.247      -1.950       1.000   44.42%       1.000      1.000
     POPDEN                7.310      -2.721      -6.908    3.98%       6.862      8.121      8.476
           41932.000      16.627       6.668      11.588    0.00%       8.811      9.583
     ACCESS                0.159       1.864       0.000   84.09%       0.000      0.000      0.000
           41932.000       0.134       1.473       1.000   15.91%       0.000      0.000
     OWNING                0.486       0.058       0.000   51.45%       0.000      0.000      0.000
           41932.000       0.250      -1.997       1.000   48.55%       1.000      1.000
     Q01D                  0.427       0.297       0.000   57.34%       0.000      0.000      0.000
           41932.000       0.245      -1.912       1.000   42.66%       1.000      1.000
     Q01E                  0.232       1.271       0.000   76.82%       0.000      0.000      0.000
           41932.000       0.178      -0.385       1.000   23.18%       0.000      1.000
     Q01A                  0.097       2.715       0.000   90.26%       0.000      0.000      0.000
           41932.000       0.088       5.370       1.000    9.74%       0.000      0.000
     Q01K                  0.094       2.785       0.000   90.61%       0.000      0.000      0.000
           41932.000       0.085       5.754       1.000    9.39%       0.000      0.000
     Q01O                  0.159       1.865       0.000   84.10%       0.000      0.000      0.000
           41932.000       0.134       1.479       1.000   15.90%       0.000      0.000
     RAIL                  0.177       1.695       0.000   82.33%       0.000      0.000      0.000
           41932.000       0.146       0.873       1.000   17.67%       0.000      0.000
     AE                    0.013       8.683       0.000   98.72%       0.000      0.000      0.000
           41932.000       0.013      73.390       1.000    1.28%       0.000      0.000
     AR                    0.012       8.794       0.000   98.76%       0.000      0.000      0.000
           41932.000       0.012      75.342       1.000    1.24%       0.000      0.000
     AT                    0.012       8.838       0.000   98.77%       0.000      0.000      0.000
           41932.000       0.012      76.119       1.000    1.23%       0.000      0.000
     AU                    0.024       6.175       0.000   97.57%       0.000      0.000      0.000
           41932.000       0.024      36.135       1.000    2.43%       0.000      0.000
     BE                    0.024       6.153       0.000   97.55%       0.000      0.000      0.000
           41932.000       0.024      35.855       1.000    2.45%       0.000      0.000
     BH                    0.008      10.888       0.000   99.18%       0.000      0.000      0.000
           41932.000       0.008     116.550       1.000    0.82%       0.000      0.000
     BR                    0.024       6.159       0.000   97.56%       0.000      0.000      0.000
           41932.000       0.024      35.934       1.000    2.44%       0.000      0.000
     CA                    0.025       6.111       0.000   97.52%       0.000      0.000      0.000
           41932.000       0.024      35.345       1.000    2.48%       0.000      0.000
     CH                    0.012       8.803       0.000   98.76%       0.000      0.000      0.000
           41932.000       0.012      75.496       1.000    1.24%       0.000      0.000
     CL                    0.012       8.929       0.000   98.79%       0.000      0.000      0.000
           41932.000       0.012      77.718       1.000    1.21%       0.000      0.000
     CN                    0.026       5.988       0.000   97.42%       0.000      0.000      0.000
           41932.000       0.025      33.852       1.000    2.58%       0.000      0.000
     CO                    0.025       6.117       0.000   97.52%       0.000      0.000      0.000
           41932.000       0.024      35.422       1.000    2.48%       0.000      0.000
     DE                    0.024       6.215       0.000   97.60%       0.000      0.000      0.000
           41932.000       0.023      36.624       1.000    2.40%       0.000      0.000
     DK                    0.025       6.076       0.000   97.49%       0.000      0.000      0.000
           41932.000       0.024      34.923       1.000    2.51%       0.000      0.000
     DZ                    0.013       8.742       0.000   98.74%       0.000      0.000      0.000
           41932.000       0.012      74.429       1.000    1.26%       0.000      0.000
     EC                    0.012       8.847       0.000   98.77%       0.000      0.000      0.000
           41932.000       0.012      76.276       1.000    1.23%       0.000      0.000
     EG                    0.012       8.993       0.000   98.81%       0.000      0.000      0.000
           41932.000       0.012      78.876       1.000    1.19%       0.000      0.000
     ES                    0.024       6.188       0.000   97.58%       0.000      0.000      0.000
           41932.000       0.024      36.296       1.000    2.42%       0.000      0.000
     FR                    0.025       6.036       0.000   97.46%       0.000      0.000      0.000
           41932.000       0.025      34.436       1.000    2.54%       0.000      0.000
     GB                    0.024       6.162       0.000   97.56%       0.000      0.000      0.000
           41932.000       0.024      35.974       1.000    2.44%       0.000      0.000
     GR                    0.025       6.124       0.000   97.53%       0.000      0.000      0.000
           41932.000       0.024      35.500       1.000    2.47%       0.000      0.000
     HK                    0.005      14.093       0.000   99.50%       0.000      0.000      0.000
           41932.000       0.005     196.601       1.000    0.50%       0.000      0.000
     ID                    0.013       8.683       0.000   98.72%       0.000      0.000      0.000
           41932.000       0.013      73.390       1.000    1.28%       0.000      0.000
     IE                    0.013       8.734       0.000   98.74%       0.000      0.000      0.000
           41932.000       0.012      74.279       1.000    1.26%       0.000      0.000
     IL                    0.012       8.803       0.000   98.76%       0.000      0.000      0.000
           41932.000       0.012      75.496       1.000    1.24%       0.000      0.000
     IN                    0.024       6.231       0.000   97.61%       0.000      0.000      0.000
           41932.000       0.023      36.831       1.000    2.39%       0.000      0.000
     IT                    0.024       6.208       0.000   97.59%       0.000      0.000      0.000
           41932.000       0.024      36.542       1.000    2.41%       0.000      0.000
     JP                    0.025       6.146       0.000   97.55%       0.000      0.000      0.000
           41932.000       0.024      35.775       1.000    2.45%       0.000      0.000
     KE                    0.012       8.803       0.000   98.76%       0.000      0.000      0.000
           41932.000       0.012      75.496       1.000    1.24%       0.000      0.000
     KR                    0.025       6.083       0.000   97.50%       0.000      0.000      0.000
           41932.000       0.024      34.999       1.000    2.50%       0.000      0.000
     MA                    0.012       8.821       0.000   98.76%       0.000      0.000      0.000
           41932.000       0.012      75.806       1.000    1.24%       0.000      0.000
     MX                    0.024       6.188       0.000   97.58%       0.000      0.000      0.000
           41932.000       0.024      36.296       1.000    2.42%       0.000      0.000
     MY                    0.024       6.153       0.000   97.55%       0.000      0.000      0.000
           41932.000       0.024      35.855       1.000    2.45%       0.000      0.000
     NL                    0.024       6.242       0.000   97.62%       0.000      0.000      0.000
           41932.000       0.023      36.956       1.000    2.38%       0.000      0.000
     NO                    0.025       6.061       0.000   97.48%       0.000      0.000      0.000
           41932.000       0.025      34.734       1.000    2.52%       0.000      0.000
     PE                    0.024       6.169       0.000   97.56%       0.000      0.000      0.000
           41932.000       0.024      36.054       1.000    2.44%       0.000      0.000
     PH                    0.012       8.956       0.000   98.80%       0.000      0.000      0.000
           41932.000       0.012      78.211       1.000    1.20%       0.000      0.000
     PK                    0.018       7.160       0.000   98.16%       0.000      0.000      0.000
           41932.000       0.018      49.265       1.000    1.84%       0.000      0.000
     PL                    0.024       6.225       0.000   97.60%       0.000      0.000      0.000
           41932.000       0.023      36.748       1.000    2.40%       0.000      0.000
     PT                    0.024       6.175       0.000   97.57%       0.000      0.000      0.000
           41932.000       0.024      36.135       1.000    2.43%       0.000      0.000
     RU                    0.024       6.228       0.000   97.61%       0.000      0.000      0.000
           41932.000       0.023      36.789       1.000    2.39%       0.000      0.000
     SA                    0.024       6.231       0.000   97.61%       0.000      0.000      0.000
           41932.000       0.023      36.831       1.000    2.39%       0.000      0.000
     SE                    0.025       6.064       0.000   97.48%       0.000      0.000      0.000
           41932.000       0.025      34.772       1.000    2.52%       0.000      0.000
     SG                    0.024       6.185       0.000   97.57%       0.000      0.000      0.000
           41932.000       0.024      36.256       1.000    2.43%       0.000      0.000
     TH                    0.024       6.238       0.000   97.61%       0.000      0.000      0.000
           41932.000       0.023      36.915       1.000    2.39%       0.000      0.000
     TR                    0.024       6.235       0.000   97.61%       0.000      0.000      0.000
           41932.000       0.023      36.873       1.000    2.39%       0.000      0.000
     UA                    0.012       8.929       0.000   98.79%       0.000      0.000      0.000
           41932.000       0.012      77.718       1.000    1.21%       0.000      0.000
     US                    0.024       6.265       0.000   97.63%       0.000      0.000      0.000
           41932.000       0.023      37.252       1.000    2.37%       0.000      0.000
     VE                    0.012       8.786       0.000   98.75%       0.000      0.000      0.000
           41932.000       0.012      75.189       1.000    1.25%       0.000      0.000
     VN                    0.013       8.768       0.000   98.75%       0.000      0.000      0.000
           41932.000       0.012      74.883       1.000    1.25%       0.000      0.000


THE MODEL ESTIMATION TERMINATED NORMALLY



MODEL FIT INFORMATION

Number of Free Parameters                       88

Loglikelihood

          H0 Value                     -211009.360
          H0 Scaling Correction Factor      5.3083
            for MLR

Information Criteria

          Akaike (AIC)                  422194.719
          Bayesian (BIC)                422955.374
          Sample-Size Adjusted BIC      422675.710
            (n* = (n + 2) / 24)



MODEL RESULTS

                                                    Two-Tailed
                    Estimate       S.E.  Est./S.E.    P-Value

 CARPRIDE BY
    Q14A               2.267      0.069     32.997      0.000
    Q14B               2.030      0.056     36.033      0.000
    Q14F               1.898      0.064     29.503      0.000
    Q14K               1.226      0.050     24.595      0.000
    Q15A               1.649      0.061     27.134      0.000
    Q15B               1.157      0.043     27.183      0.000
    Q15C               1.133      0.034     33.107      0.000
    Q15D               0.971      0.072     13.519      0.000
    Q15F               1.432      0.043     33.198      0.000

 Q04G       ON
    CARPRIDE           0.047      0.028      1.704      0.088

 Q04G       ON
    AGE                0.003      0.002      1.807      0.071
    GEN               -0.327      0.035     -9.321      0.000
    LOW_EDU           -0.113      0.032     -3.532      0.000
    HIGH_EDU          -0.014      0.031     -0.468      0.640
    INC               -0.039      0.016     -2.390      0.017
    ESS                0.027      0.005      5.429      0.000
    ACCESS            -0.082      0.047     -1.745      0.081
    OWNING            -0.072      0.034     -2.107      0.035
    POPDEN             0.005      0.003      1.680      0.093
    Q01D              -0.078      0.045     -1.718      0.086
    Q01E               0.002      0.033      0.067      0.946
    Q01A              -0.149      0.048     -3.089      0.002
    Q01K               0.056      0.047      1.188      0.235
    Q01O               0.194      0.036      5.365      0.000
    RAIL               0.434      0.036     11.910      0.000
    AE                -0.034      0.019     -1.817      0.069
    AR                 0.455      0.015     29.771      0.000
    AT                 0.484      0.021     23.017      0.000
    AU                 0.383      0.020     19.285      0.000
    BE                -0.363      0.018    -20.086      0.000
    BH                -0.907      0.018    -51.571      0.000
    BR                 0.167      0.012     14.337      0.000
    CA                 0.108      0.021      5.117      0.000
    CH                 0.041      0.027      1.521      0.128
    CL                 0.166      0.019      8.965      0.000
    CN                -0.792      0.021    -38.547      0.000
    CO                 0.097      0.024      3.983      0.000
    DE                 0.668      0.021     32.143      0.000
    DK                 0.873      0.025     35.426      0.000
    DZ                -0.264      0.030     -8.778      0.000
    EC                -0.605      0.023    -26.019      0.000
    EG                -0.397      0.031    -12.717      0.000
    ES                 0.584      0.020     28.667      0.000
    FR                 0.269      0.025     10.799      0.000
    GB                 0.195      0.019     10.107      0.000
    GR                -0.006      0.020     -0.282      0.778
    HK                -0.302      0.035     -8.636      0.000
    ID                -1.029      0.031    -32.995      0.000
    IE                 0.216      0.020     10.851      0.000
    IL                -0.566      0.015    -37.285      0.000
    IN                -0.762      0.021    -36.837      0.000
    IT                 0.160      0.025      6.279      0.000
    JP                 0.274      0.028      9.858      0.000
    KE                 0.096      0.032      3.045      0.002
    KR                 0.418      0.020     20.458      0.000
    MA                -0.171      0.027     -6.428      0.000
    MX                 0.400      0.016     24.840      0.000
    MY                 0.440      0.012     36.895      0.000
    NL                 0.648      0.025     26.085      0.000
    NO                 0.967      0.025     39.052      0.000
    PE                -0.478      0.028    -17.058      0.000
    PH                -0.379      0.027    -13.923      0.000
    PK                -0.370      0.031    -12.125      0.000
    PL                 0.004      0.016      0.266      0.790
    PT                 0.500      0.015     32.608      0.000
    RU                 0.038      0.018      2.051      0.040
    SA                -0.298      0.010    -29.849      0.000
    SE                 0.658      0.023     29.122      0.000
    SG                 0.316      0.025     12.689      0.000
    TH                -0.393      0.013    -29.791      0.000
    TR                -0.213      0.018    -11.677      0.000
    UA                -0.178      0.031     -5.669      0.000
    US                -0.447      0.017    -25.681      0.000
    VE                -0.229      0.028     -8.204      0.000
    VN                -0.986      0.027    -35.987      0.000

 INC      WITH
    CARPRIDE           0.123      0.031      3.922      0.000

 Means
    INC                7.226      0.093     77.791      0.000

 Thresholds
    Q04G$1             0.806      0.157      5.134      0.000
    Q14A$1             3.599      0.114     31.483      0.000
    Q14B$1             3.403      0.096     35.596      0.000
    Q14F$1             4.227      0.117     36.200      0.000
    Q14K$1             4.024      0.093     43.115      0.000
    Q15A$1             2.604      0.085     30.635      0.000
    Q15B$1             1.396      0.083     16.876      0.000
    Q15C$1             1.702      0.089     19.026      0.000
    Q15D$1             1.579      0.115     13.772      0.000
    Q15F$1             2.619      0.083     31.500      0.000

 Variances
    INC                1.564      0.084     18.531      0.000
    CARPRIDE           1.000      0.000    999.000    999.000


LOGISTIC REGRESSION ODDS RATIO RESULTS

                                         (Est. - 1) Two-Tailed
                    Estimate       S.E.     / S.E.    P-Value

 Q04G       ON
    CARPRIDE           1.049      0.029      1.664      0.096

 Q04G       ON
    AGE                1.003      0.002      1.805      0.071
    GEN                0.721      0.025    -11.025      0.000
    LOW_EDU            0.893      0.029     -3.740      0.000
    HIGH_EDU           0.986      0.030     -0.471      0.637
    INC                0.961      0.016     -2.438      0.015
    ESS                1.027      0.005      5.358      0.000
    ACCESS             0.922      0.043     -1.819      0.069
    OWNING             0.931      0.032     -2.185      0.029
    POPDEN             1.005      0.003      1.676      0.094
    Q01D               0.925      0.042     -1.786      0.074
    Q01E               1.002      0.033      0.067      0.946
    Q01A               0.862      0.041     -3.330      0.001
    Q01K               1.057      0.049      1.156      0.248
    Q01O               1.214      0.044      4.878      0.000
    RAIL               1.543      0.056      9.662      0.000
    AE                 0.967      0.018     -1.848      0.065
    AR                 1.577      0.024     23.916      0.000
    AT                 1.623      0.034     18.244      0.000
    AU                 1.466      0.029     16.023      0.000
    BE                 0.696      0.013    -24.217      0.000
    BH                 0.404      0.007    -83.958      0.000
    BR                 1.182      0.014     13.202      0.000
    CA                 1.114      0.023      4.851      0.000
    CH                 1.042      0.028      1.490      0.136
    CL                 1.181      0.022      8.259      0.000
    CN                 0.453      0.009    -58.775      0.000
    CO                 1.102      0.027      3.796      0.000
    DE                 1.950      0.041     23.449      0.000
    DK                 2.393      0.059     23.635      0.000
    DZ                 0.768      0.023    -10.047      0.000
    EC                 0.546      0.013    -35.752      0.000
    EG                 0.672      0.021    -15.609      0.000
    ES                 1.793      0.037     21.712      0.000
    FR                 1.308      0.033      9.470      0.000
    GB                 1.215      0.023      9.183      0.000
    GR                 0.994      0.020     -0.283      0.777
    HK                 0.740      0.026    -10.080      0.000
    ID                 0.357      0.011    -57.670      0.000
    IE                 1.241      0.025      9.759      0.000
    IL                 0.568      0.009    -50.149      0.000
    IN                 0.467      0.010    -55.249      0.000
    IT                 1.173      0.030      5.803      0.000
    JP                 1.316      0.037      8.622      0.000
    KE                 1.101      0.035      2.903      0.004
    KR                 1.519      0.031     16.722      0.000
    MA                 0.843      0.022     -7.011      0.000
    MX                 1.492      0.024     20.471      0.000
    MY                 1.553      0.019     29.848      0.000
    NL                 1.911      0.047     19.201      0.000
    NO                 2.629      0.065     25.034      0.000
    PE                 0.620      0.017    -21.875      0.000
    PH                 0.685      0.019    -16.926      0.000
    PK                 0.691      0.021    -14.675      0.000
    PL                 1.004      0.016      0.265      0.791
    PT                 1.648      0.025     25.662      0.000
    RU                 1.039      0.019      2.013      0.044
    SA                 0.742      0.007    -34.776      0.000
    SE                 1.932      0.044     21.333      0.000
    SG                 1.372      0.034     10.879      0.000
    TH                 0.675      0.009    -36.492      0.000
    TR                 0.808      0.015    -13.016      0.000
    UA                 0.837      0.026     -6.206      0.000
    US                 0.640      0.011    -32.374      0.000
    VE                 0.796      0.022     -9.218      0.000
    VN                 0.373      0.010    -61.332      0.000


STANDARDIZED MODEL RESULTS


STDYX Standardization

                                                    Two-Tailed
                    Estimate       S.E.  Est./S.E.    P-Value

 CARPRIDE BY
    Q14A               0.781      0.009     84.530      0.000
    Q14B               0.746      0.009     81.179      0.000
    Q14F               0.723      0.012     61.809      0.000
    Q14K               0.560      0.016     35.828      0.000
    Q15A               0.673      0.014     49.575      0.000
    Q15B               0.538      0.014     38.240      0.000
    Q15C               0.530      0.012     46.015      0.000
    Q15D               0.472      0.027     17.394      0.000
    Q15F               0.620      0.011     53.887      0.000

 Q04G       ON
    CARPRIDE           0.025      0.015      1.704      0.088

 Q04G       ON
    AGE                0.018      0.010      1.805      0.071
    GEN               -0.086      0.009     -9.393      0.000
    LOW_EDU           -0.023      0.006     -3.533      0.000
    HIGH_EDU          -0.004      0.008     -0.468      0.640
    INC               -0.026      0.011     -2.399      0.016
    ESS                0.045      0.008      5.444      0.000
    ACCESS            -0.016      0.009     -1.747      0.081
    OWNING            -0.019      0.009     -2.108      0.035
    POPDEN             0.010      0.006      1.680      0.093
    Q01D              -0.020      0.012     -1.718      0.086
    Q01E               0.000      0.007      0.067      0.946
    Q01A              -0.023      0.008     -3.094      0.002
    Q01K               0.009      0.007      1.188      0.235
    Q01O               0.037      0.007      5.365      0.000
    RAIL               0.087      0.007     12.003      0.000
    AE                -0.002      0.001     -1.814      0.070
    AR                 0.027      0.001     29.343      0.000
    AT                 0.028      0.001     23.142      0.000
    AU                 0.031      0.002     19.469      0.000
    BE                -0.030      0.001    -19.803      0.000
    BH                -0.043      0.001    -50.466      0.000
    BR                 0.014      0.001     14.263      0.000
    CA                 0.009      0.002      5.137      0.000
    CH                 0.002      0.002      1.522      0.128
    CL                 0.010      0.001      8.924      0.000
    CN                -0.066      0.002    -38.842      0.000
    CO                 0.008      0.002      3.972      0.000
    DE                 0.054      0.002     32.734      0.000
    DK                 0.072      0.002     36.370      0.000
    DZ                -0.016      0.002     -8.808      0.000
    EC                -0.035      0.001    -26.306      0.000
    EG                -0.023      0.002    -12.872      0.000
    ES                 0.047      0.002     28.877      0.000
    FR                 0.022      0.002     10.834      0.000
    GB                 0.016      0.002     10.164      0.000
    GR                 0.000      0.002     -0.282      0.778
    HK                -0.011      0.001     -8.678      0.000
    ID                -0.061      0.002    -33.718      0.000
    IE                 0.013      0.001     10.933      0.000
    IL                -0.033      0.001    -36.266      0.000
    IN                -0.061      0.002    -37.619      0.000
    IT                 0.013      0.002      6.304      0.000
    JP                 0.022      0.002      9.870      0.000
    KE                 0.006      0.002      3.038      0.002
    KR                 0.034      0.002     20.281      0.000
    MA                -0.010      0.002     -6.457      0.000
    MX                 0.032      0.001     24.215      0.000
    MY                 0.036      0.001     36.625      0.000
    NL                 0.052      0.002     26.486      0.000
    NO                 0.080      0.002     40.204      0.000
    PE                -0.039      0.002    -17.222      0.000
    PH                -0.022      0.002    -14.062      0.000
    PK                -0.026      0.002    -12.200      0.000
    PL                 0.000      0.001      0.266      0.790
    PT                 0.041      0.001     32.771      0.000
    RU                 0.003      0.001      2.047      0.041
    SA                -0.024      0.001    -29.347      0.000
    SE                 0.054      0.002     29.702      0.000
    SG                 0.026      0.002     12.618      0.000
    TH                -0.032      0.001    -30.101      0.000
    TR                -0.017      0.001    -11.801      0.000
    UA                -0.010      0.002     -5.694      0.000
    US                -0.036      0.001    -25.024      0.000
    VE                -0.013      0.002     -8.168      0.000
    VN                -0.058      0.002    -36.385      0.000

 INC      WITH
    CARPRIDE           0.098      0.025      3.923      0.000

 Means
    INC                5.778      0.189     30.606      0.000

 Thresholds
    Q04G$1             0.425      0.083      5.112      0.000
    Q14A$1             1.240      0.032     38.244      0.000
    Q14B$1             1.250      0.031     40.778      0.000
    Q14F$1             1.610      0.036     45.186      0.000
    Q14K$1             1.838      0.029     63.201      0.000
    Q15A$1             1.062      0.028     38.522      0.000
    Q15B$1             0.649      0.036     17.976      0.000
    Q15C$1             0.796      0.038     20.878      0.000
    Q15D$1             0.768      0.045     16.939      0.000
    Q15F$1             1.133      0.028     40.645      0.000

 Variances
    INC                1.000      0.000    999.000    999.000
    CARPRIDE           1.000      0.000    999.000    999.000


STDY Standardization

                                                    Two-Tailed
                    Estimate       S.E.  Est./S.E.    P-Value

 CARPRIDE BY
    Q14A               0.781      0.009     84.530      0.000
    Q14B               0.746      0.009     81.179      0.000
    Q14F               0.723      0.012     61.809      0.000
    Q14K               0.560      0.016     35.828      0.000
    Q15A               0.673      0.014     49.575      0.000
    Q15B               0.538      0.014     38.240      0.000
    Q15C               0.530      0.012     46.015      0.000
    Q15D               0.472      0.027     17.394      0.000
    Q15F               0.620      0.011     53.887      0.000

 Q04G       ON
    CARPRIDE           0.025      0.015      1.704      0.088

 Q04G       ON
    AGE                0.001      0.001      1.805      0.071
    GEN               -0.172      0.018     -9.397      0.000
    LOW_EDU           -0.060      0.017     -3.534      0.000
    HIGH_EDU          -0.008      0.016     -0.468      0.640
    INC               -0.026      0.011     -2.399      0.016
    ESS                0.014      0.003      5.445      0.000
    ACCESS            -0.043      0.025     -1.747      0.081
    OWNING            -0.038      0.018     -2.108      0.035
    POPDEN             0.003      0.002      1.680      0.093
    Q01D              -0.041      0.024     -1.718      0.086
    Q01E               0.001      0.018      0.067      0.946
    Q01A              -0.078      0.025     -3.094      0.002
    Q01K               0.029      0.025      1.188      0.235
    Q01O               0.102      0.019      5.366      0.000
    RAIL               0.229      0.019     12.013      0.000
    AE                -0.018      0.010     -1.814      0.070
    AR                 0.240      0.008     29.495      0.000
    AT                 0.255      0.011     23.216      0.000
    AU                 0.202      0.010     19.514      0.000
    BE                -0.192      0.010    -19.849      0.000
    BH                -0.478      0.009    -51.246      0.000
    BR                 0.088      0.006     14.281      0.000
    CA                 0.057      0.011      5.138      0.000
    CH                 0.022      0.014      1.522      0.128
    CL                 0.088      0.010      8.928      0.000
    CN                -0.418      0.011    -39.193      0.000
    CO                 0.051      0.013      3.973      0.000
    DE                 0.352      0.011     32.944      0.000
    DK                 0.460      0.013     36.658      0.000
    DZ                -0.139      0.016     -8.812      0.000
    EC                -0.319      0.012    -26.415      0.000
    EG                -0.209      0.016    -12.885      0.000
    ES                 0.308      0.011     29.021      0.000
    FR                 0.142      0.013     10.842      0.000
    GB                 0.103      0.010     10.170      0.000
    GR                -0.003      0.010     -0.282      0.778
    HK                -0.159      0.018     -8.682      0.000
    ID                -0.543      0.016    -33.947      0.000
    IE                 0.114      0.010     10.940      0.000
    IL                -0.299      0.008    -36.553      0.000
    IN                -0.402      0.011    -37.938      0.000
    IT                 0.084      0.013      6.305      0.000
    JP                 0.145      0.015      9.876      0.000
    KE                 0.051      0.017      3.038      0.002
    KR                 0.220      0.011     20.330      0.000
    MA                -0.090      0.014     -6.458      0.000
    MX                 0.211      0.009     24.300      0.000
    MY                 0.232      0.006     36.921      0.000
    NL                 0.342      0.013     26.597      0.000
    NO                 0.510      0.013     40.593      0.000
    PE                -0.252      0.015    -17.252      0.000
    PH                -0.200      0.014    -14.078      0.000
    PK                -0.195      0.016    -12.211      0.000
    PL                 0.002      0.008      0.266      0.790
    PT                 0.264      0.008     32.983      0.000
    RU                 0.020      0.010      2.047      0.041
    SA                -0.157      0.005    -29.498      0.000
    SE                 0.347      0.012     29.859      0.000
    SG                 0.167      0.013     12.630      0.000
    TH                -0.207      0.007    -30.265      0.000
    TR                -0.113      0.010    -11.811      0.000
    UA                -0.094      0.017     -5.696      0.000
    US                -0.236      0.009    -25.118      0.000
    VE                -0.121      0.015     -8.171      0.000
    VN                -0.520      0.014    -36.673      0.000

 INC      WITH
    CARPRIDE           0.098      0.025      3.923      0.000

 Means
    INC                5.778      0.189     30.606      0.000

 Thresholds
    Q04G$1             0.425      0.083      5.112      0.000
    Q14A$1             1.240      0.032     38.244      0.000
    Q14B$1             1.250      0.031     40.778      0.000
    Q14F$1             1.610      0.036     45.186      0.000
    Q14K$1             1.838      0.029     63.201      0.000
    Q15A$1             1.062      0.028     38.522      0.000
    Q15B$1             0.649      0.036     17.976      0.000
    Q15C$1             0.796      0.038     20.878      0.000
    Q15D$1             0.768      0.045     16.939      0.000
    Q15F$1             1.133      0.028     40.645      0.000

 Variances
    INC                1.000      0.000    999.000    999.000
    CARPRIDE           1.000      0.000    999.000    999.000


STD Standardization

                                                    Two-Tailed
                    Estimate       S.E.  Est./S.E.    P-Value

 CARPRIDE BY
    Q14A               2.267      0.069     32.997      0.000
    Q14B               2.030      0.056     36.033      0.000
    Q14F               1.898      0.064     29.503      0.000
    Q14K               1.226      0.050     24.595      0.000
    Q15A               1.649      0.061     27.134      0.000
    Q15B               1.157      0.043     27.183      0.000
    Q15C               1.133      0.034     33.107      0.000
    Q15D               0.971      0.072     13.519      0.000
    Q15F               1.432      0.043     33.198      0.000

 Q04G       ON
    CARPRIDE           0.047      0.028      1.704      0.088

 Q04G       ON
    AGE                0.003      0.002      1.807      0.071
    GEN               -0.327      0.035     -9.321      0.000
    LOW_EDU           -0.113      0.032     -3.532      0.000
    HIGH_EDU          -0.014      0.031     -0.468      0.640
    INC               -0.039      0.016     -2.390      0.017
    ESS                0.027      0.005      5.429      0.000
    ACCESS            -0.082      0.047     -1.745      0.081
    OWNING            -0.072      0.034     -2.107      0.035
    POPDEN             0.005      0.003      1.680      0.093
    Q01D              -0.078      0.045     -1.718      0.086
    Q01E               0.002      0.033      0.067      0.946
    Q01A              -0.149      0.048     -3.089      0.002
    Q01K               0.056      0.047      1.188      0.235
    Q01O               0.194      0.036      5.365      0.000
    RAIL               0.434      0.036     11.910      0.000
    AE                -0.034      0.019     -1.817      0.069
    AR                 0.455      0.015     29.771      0.000
    AT                 0.484      0.021     23.017      0.000
    AU                 0.383      0.020     19.285      0.000
    BE                -0.363      0.018    -20.086      0.000
    BH                -0.907      0.018    -51.571      0.000
    BR                 0.167      0.012     14.337      0.000
    CA                 0.108      0.021      5.117      0.000
    CH                 0.041      0.027      1.521      0.128
    CL                 0.166      0.019      8.965      0.000
    CN                -0.792      0.021    -38.547      0.000
    CO                 0.097      0.024      3.983      0.000
    DE                 0.668      0.021     32.143      0.000
    DK                 0.873      0.025     35.426      0.000
    DZ                -0.264      0.030     -8.778      0.000
    EC                -0.605      0.023    -26.019      0.000
    EG                -0.397      0.031    -12.717      0.000
    ES                 0.584      0.020     28.667      0.000
    FR                 0.269      0.025     10.799      0.000
    GB                 0.195      0.019     10.107      0.000
    GR                -0.006      0.020     -0.282      0.778
    HK                -0.302      0.035     -8.636      0.000
    ID                -1.029      0.031    -32.995      0.000
    IE                 0.216      0.020     10.851      0.000
    IL                -0.566      0.015    -37.285      0.000
    IN                -0.762      0.021    -36.837      0.000
    IT                 0.160      0.025      6.279      0.000
    JP                 0.274      0.028      9.858      0.000
    KE                 0.096      0.032      3.045      0.002
    KR                 0.418      0.020     20.458      0.000
    MA                -0.171      0.027     -6.428      0.000
    MX                 0.400      0.016     24.840      0.000
    MY                 0.440      0.012     36.895      0.000
    NL                 0.648      0.025     26.085      0.000
    NO                 0.967      0.025     39.052      0.000
    PE                -0.478      0.028    -17.058      0.000
    PH                -0.379      0.027    -13.923      0.000
    PK                -0.370      0.031    -12.125      0.000
    PL                 0.004      0.016      0.266      0.790
    PT                 0.500      0.015     32.608      0.000
    RU                 0.038      0.018      2.051      0.040
    SA                -0.298      0.010    -29.849      0.000
    SE                 0.658      0.023     29.122      0.000
    SG                 0.316      0.025     12.689      0.000
    TH                -0.393      0.013    -29.791      0.000
    TR                -0.213      0.018    -11.677      0.000
    UA                -0.178      0.031     -5.669      0.000
    US                -0.447      0.017    -25.681      0.000
    VE                -0.229      0.028     -8.204      0.000
    VN                -0.986      0.027    -35.987      0.000

 INC      WITH
    CARPRIDE           0.123      0.031      3.922      0.000

 Means
    INC                7.226      0.093     77.791      0.000

 Thresholds
    Q04G$1             0.806      0.157      5.134      0.000
    Q14A$1             3.599      0.114     31.483      0.000
    Q14B$1             3.403      0.096     35.596      0.000
    Q14F$1             4.227      0.117     36.200      0.000
    Q14K$1             4.024      0.093     43.115      0.000
    Q15A$1             2.604      0.085     30.635      0.000
    Q15B$1             1.396      0.083     16.876      0.000
    Q15C$1             1.702      0.089     19.026      0.000
    Q15D$1             1.579      0.115     13.772      0.000
    Q15F$1             2.619      0.083     31.500      0.000

 Variances
    INC                1.564      0.084     18.531      0.000
    CARPRIDE           1.000      0.000    999.000    999.000


R-SQUARE

    Observed                                        Two-Tailed
    Variable        Estimate       S.E.  Est./S.E.    P-Value

    Q04G               0.085      0.003     28.014      0.000
    Q14A               0.610      0.014     42.265      0.000
    Q14B               0.556      0.014     40.590      0.000
    Q14F               0.523      0.017     30.904      0.000
    Q14K               0.314      0.018     17.914      0.000
    Q15A               0.453      0.018     24.787      0.000
    Q15B               0.289      0.015     19.120      0.000
    Q15C               0.281      0.012     23.008      0.000
    Q15D               0.223      0.026      8.697      0.000
    Q15F               0.384      0.014     26.943      0.000


QUALITY OF NUMERICAL RESULTS

     Condition Number for the Information Matrix              0.916E-07
       (ratio of smallest to largest eigenvalue)


RESULTS SAVING INFORMATION

  Order of data

    Parameter estimates
     (saved in order shown in Technical 1 output)
    Standard errors
     (saved in order shown in Technical 1 output)
    StdYX standardized coefficients
     (saved in order shown in Technical 1 output)
    Standard errors for StdYX standardized coefficients
     (saved in order shown in Technical 1 output)
    StdY standardized coefficients
     (saved in order shown in Technical 1 output)
    Standard errors for StdY standardized coefficients
     (saved in order shown in Technical 1 output)
    Std standardized coefficients
     (saved in order shown in Technical 1 output)
    Standard errors for Std standardized coefficients
     (saved in order shown in Technical 1 output)
    H0 Loglikelihood
    H0 Scaling Correction Factor for MLR
    Number of Free Parameters
    Akaike (AIC)
    Bayesian (BIC)
    Sample-Size Adjusted BIC
    Condition Number

  Save file
    /Users/xuenanni/Desktop/thesis/Mplus/resultG.dat

  Save file format           Free


     Beginning Time:  11:33:50
        Ending Time:  20:18:32
       Elapsed Time:  08:44:42



MUTHEN & MUTHEN
3463 Stoner Ave.
Los Angeles, CA  90066

Tel: (310) 391-9971
Fax: (310) 391-8971
Web: www.StatModel.com
Support: Support@StatModel.com

Copyright (c) 1998-2018 Muthen & Muthen
