Mplus VERSION 8.1 (Mac)
MUTHEN & MUTHEN
12/02/2018   8:32 PM

INPUT INSTRUCTIONS

   TITLE:	MPlus_Dalia_policy_support_questionJ
   DATA:	
    	FILE IS /Users/xuenanni/Desktop/thesis/Mplus/pol_supp.txt;

    VARIABLE:	
    	NAMES ARE  	

      	ind_ID country_ID
           q04A q04B  q04C  q04D  q04E  q04F  q04G  q04H  q04I  q04J  q04K
           age gen  inc
           q01D q01E q01A q01K q01O q02 q09 q10 ess
           q14A q14B q14C  q14D  q14E  q14F  q14G  q14H  q14I  q14J  q14K  q14L  q14X
           q15A q15B q15C q15D q15E q15F popden
           low_edu high_edu
           access owning rail other peer tt_week miles_day
           AE  AR AT AU BE BH BR CA CH CL CN CO DE DK DZ EC EG ES FR GB GR HK ID
           IE IL IN IT JP KE KR MA MX MY NL NO PE PH PK PL PT RU SA SE SG TH TR UA
           US VE VN  ZA;

      	
      USEVARIABLES ARE
       	
       	  ind_ID   country_ID
             q04J
             age  gen  inc
             q14A q14B q14F q14K q15A q15B q15C q15D q15F
             ess  low_edu  high_edu  popden
             access  owning
             q01D q01E q01A  q01K q01O  rail
             AE  AR AT AU BE BH BR CA CH CL CN CO DE DK DZ EC EG ES FR GB GR HK ID
             IE IL IN IT JP KE KR MA MX MY NL NO PE PH PK PL PT RU SA SE SG TH TR UA
             US VE VN;


      CATEGORICAL = q04J q14A q14B q14F q14K q15A q15B q15C q15D q15F;

      CLUSTER = country_ID; !leave the cluster = xx for typle = complex ! single level model
      IDVARIABLE = ind_ID;
      MISSING = ALL (-9999);


    ANALYSIS:
        TYPE = COMPLEX;
        ESTIMATOR = MLR;
        INTEGRATION = MONTECARLO;


    MODEL: !No within and between;
         !Latent variable measurement model for carpride
         carpride BY q14A* q14B q14F q14K q15A q15B q15C q15D q15F;
         carpride @ 1;


         !Regression of car pride on socio-demographics
         !carpride ON age gender income;

         !choice model
         q04J ON age  gen  low_edu  high_edu  inc
                 ess access  owning carpride popden
                 q01D q01E q01A  q01K q01O  rail
                 AE  AR AT AU BE BH BR CA CH CL CN CO DE DK DZ EC EG ES FR GB GR HK ID
                 IE IL IN IT JP KE KR MA MX MY NL NO PE PH PK PL PT RU SA SE SG TH TR UA
                 US VE VN;
                 inc;


    OUTPUT:
        STD STDY STDYX;
    SAVEDATA:

        RESULTS ARE /Users/xuenanni/Desktop/thesis/Mplus/resultJ.dat;



INPUT READING TERMINATED NORMALLY



MPlus_Dalia_policy_support_questionJ

SUMMARY OF ANALYSIS

Number of groups                                                 1
Number of observations                                       41932

Number of dependent variables                                   10
Number of independent variables                                 65
Number of continuous latent variables                            1

Observed dependent variables

  Binary and ordered categorical (ordinal)
   Q04J        Q14A        Q14B        Q14F        Q14K        Q15A
   Q15B        Q15C        Q15D        Q15F

Observed independent variables
   AGE         GEN         INC         ESS         LOW_EDU     HIGH_EDU
   POPDEN      ACCESS      OWNING      Q01D        Q01E        Q01A
   Q01K        Q01O        RAIL        AE          AR          AT
   AU          BE          BH          BR          CA          CH
   CL          CN          CO          DE          DK          DZ
   EC          EG          ES          FR          GB          GR
   HK          ID          IE          IL          IN          IT
   JP          KE          KR          MA          MX          MY
   NL          NO          PE          PH          PK          PL
   PT          RU          SA          SE          SG          TH
   TR          UA          US          VE          VN

Continuous latent variables
   CARPRIDE

Variables with special functions

  Cluster variable      COUNTRY_
  ID variable           IND_ID

Estimator                                                      MLR
Information matrix                                        OBSERVED
Optimization Specifications for the Quasi-Newton Algorithm for
Continuous Outcomes
  Maximum number of iterations                                 100
  Convergence criterion                                  0.100D-05
Optimization Specifications for the EM Algorithm
  Maximum number of iterations                                 500
  Convergence criteria
    Loglikelihood change                                 0.100D-02
    Relative loglikelihood change                        0.100D-05
    Derivative                                           0.100D-02
Optimization Specifications for the M step of the EM Algorithm for
Categorical Latent variables
  Number of M step iterations                                    1
  M step convergence criterion                           0.100D-02
  Basis for M step termination                           ITERATION
Optimization Specifications for the M step of the EM Algorithm for
Censored, Binary or Ordered Categorical (Ordinal), Unordered
Categorical (Nominal) and Count Outcomes
  Number of M step iterations                                    1
  M step convergence criterion                           0.100D-02
  Basis for M step termination                           ITERATION
  Maximum value for logit thresholds                            15
  Minimum value for logit thresholds                           -15
  Minimum expected cell size for chi-square              0.100D-01
Maximum number of iterations for H1                           2000
Convergence criterion for H1                             0.100D-03
Optimization algorithm                                         EMA
Integration Specifications
  Type                                                  MONTECARLO
  Number of integration points                                1250
  Dimensions of numerical integration                            2
  Adaptive quadrature                                           ON
  Monte Carlo integration seed                                   0
Link                                                         LOGIT
Cholesky                                                       OFF

Input data file(s)
  /Users/xuenanni/Desktop/thesis/Mplus/pol_supp.txt
Input data format  FREE


SUMMARY OF DATA

     Number of missing data patterns             2
     Number of y missing data patterns           2
     Number of u missing data patterns           1
     Number of clusters          51



COVARIANCE COVERAGE OF DATA

Minimum covariance coverage value   0.100


     PROPORTION OF DATA PRESENT FOR Y


           Covariance Coverage
              INC           AGE           GEN           ESS           LOW_EDU
              ________      ________      ________      ________      ________
 INC            0.839
 AGE            0.839         1.000
 GEN            0.839         1.000         1.000
 ESS            0.839         1.000         1.000         1.000
 LOW_EDU        0.839         1.000         1.000         1.000         1.000
 HIGH_EDU       0.839         1.000         1.000         1.000         1.000
 POPDEN         0.839         1.000         1.000         1.000         1.000
 ACCESS         0.839         1.000         1.000         1.000         1.000
 OWNING         0.839         1.000         1.000         1.000         1.000
 Q01D           0.839         1.000         1.000         1.000         1.000
 Q01E           0.839         1.000         1.000         1.000         1.000
 Q01A           0.839         1.000         1.000         1.000         1.000
 Q01K           0.839         1.000         1.000         1.000         1.000
 Q01O           0.839         1.000         1.000         1.000         1.000
 RAIL           0.839         1.000         1.000         1.000         1.000
 AE             0.839         1.000         1.000         1.000         1.000
 AR             0.839         1.000         1.000         1.000         1.000
 AT             0.839         1.000         1.000         1.000         1.000
 AU             0.839         1.000         1.000         1.000         1.000
 BE             0.839         1.000         1.000         1.000         1.000
 BH             0.839         1.000         1.000         1.000         1.000
 BR             0.839         1.000         1.000         1.000         1.000
 CA             0.839         1.000         1.000         1.000         1.000
 CH             0.839         1.000         1.000         1.000         1.000
 CL             0.839         1.000         1.000         1.000         1.000
 CN             0.839         1.000         1.000         1.000         1.000
 CO             0.839         1.000         1.000         1.000         1.000
 DE             0.839         1.000         1.000         1.000         1.000
 DK             0.839         1.000         1.000         1.000         1.000
 DZ             0.839         1.000         1.000         1.000         1.000
 EC             0.839         1.000         1.000         1.000         1.000
 EG             0.839         1.000         1.000         1.000         1.000
 ES             0.839         1.000         1.000         1.000         1.000
 FR             0.839         1.000         1.000         1.000         1.000
 GB             0.839         1.000         1.000         1.000         1.000
 GR             0.839         1.000         1.000         1.000         1.000
 HK             0.839         1.000         1.000         1.000         1.000
 ID             0.839         1.000         1.000         1.000         1.000
 IE             0.839         1.000         1.000         1.000         1.000
 IL             0.839         1.000         1.000         1.000         1.000
 IN             0.839         1.000         1.000         1.000         1.000
 IT             0.839         1.000         1.000         1.000         1.000
 JP             0.839         1.000         1.000         1.000         1.000
 KE             0.839         1.000         1.000         1.000         1.000
 KR             0.839         1.000         1.000         1.000         1.000
 MA             0.839         1.000         1.000         1.000         1.000
 MX             0.839         1.000         1.000         1.000         1.000
 MY             0.839         1.000         1.000         1.000         1.000
 NL             0.839         1.000         1.000         1.000         1.000
 NO             0.839         1.000         1.000         1.000         1.000
 PE             0.839         1.000         1.000         1.000         1.000
 PH             0.839         1.000         1.000         1.000         1.000
 PK             0.839         1.000         1.000         1.000         1.000
 PL             0.839         1.000         1.000         1.000         1.000
 PT             0.839         1.000         1.000         1.000         1.000
 RU             0.839         1.000         1.000         1.000         1.000
 SA             0.839         1.000         1.000         1.000         1.000
 SE             0.839         1.000         1.000         1.000         1.000
 SG             0.839         1.000         1.000         1.000         1.000
 TH             0.839         1.000         1.000         1.000         1.000
 TR             0.839         1.000         1.000         1.000         1.000
 UA             0.839         1.000         1.000         1.000         1.000
 US             0.839         1.000         1.000         1.000         1.000
 VE             0.839         1.000         1.000         1.000         1.000
 VN             0.839         1.000         1.000         1.000         1.000


           Covariance Coverage
              HIGH_EDU      POPDEN        ACCESS        OWNING        Q01D
              ________      ________      ________      ________      ________
 HIGH_EDU       1.000
 POPDEN         1.000         1.000
 ACCESS         1.000         1.000         1.000
 OWNING         1.000         1.000         1.000         1.000
 Q01D           1.000         1.000         1.000         1.000         1.000
 Q01E           1.000         1.000         1.000         1.000         1.000
 Q01A           1.000         1.000         1.000         1.000         1.000
 Q01K           1.000         1.000         1.000         1.000         1.000
 Q01O           1.000         1.000         1.000         1.000         1.000
 RAIL           1.000         1.000         1.000         1.000         1.000
 AE             1.000         1.000         1.000         1.000         1.000
 AR             1.000         1.000         1.000         1.000         1.000
 AT             1.000         1.000         1.000         1.000         1.000
 AU             1.000         1.000         1.000         1.000         1.000
 BE             1.000         1.000         1.000         1.000         1.000
 BH             1.000         1.000         1.000         1.000         1.000
 BR             1.000         1.000         1.000         1.000         1.000
 CA             1.000         1.000         1.000         1.000         1.000
 CH             1.000         1.000         1.000         1.000         1.000
 CL             1.000         1.000         1.000         1.000         1.000
 CN             1.000         1.000         1.000         1.000         1.000
 CO             1.000         1.000         1.000         1.000         1.000
 DE             1.000         1.000         1.000         1.000         1.000
 DK             1.000         1.000         1.000         1.000         1.000
 DZ             1.000         1.000         1.000         1.000         1.000
 EC             1.000         1.000         1.000         1.000         1.000
 EG             1.000         1.000         1.000         1.000         1.000
 ES             1.000         1.000         1.000         1.000         1.000
 FR             1.000         1.000         1.000         1.000         1.000
 GB             1.000         1.000         1.000         1.000         1.000
 GR             1.000         1.000         1.000         1.000         1.000
 HK             1.000         1.000         1.000         1.000         1.000
 ID             1.000         1.000         1.000         1.000         1.000
 IE             1.000         1.000         1.000         1.000         1.000
 IL             1.000         1.000         1.000         1.000         1.000
 IN             1.000         1.000         1.000         1.000         1.000
 IT             1.000         1.000         1.000         1.000         1.000
 JP             1.000         1.000         1.000         1.000         1.000
 KE             1.000         1.000         1.000         1.000         1.000
 KR             1.000         1.000         1.000         1.000         1.000
 MA             1.000         1.000         1.000         1.000         1.000
 MX             1.000         1.000         1.000         1.000         1.000
 MY             1.000         1.000         1.000         1.000         1.000
 NL             1.000         1.000         1.000         1.000         1.000
 NO             1.000         1.000         1.000         1.000         1.000
 PE             1.000         1.000         1.000         1.000         1.000
 PH             1.000         1.000         1.000         1.000         1.000
 PK             1.000         1.000         1.000         1.000         1.000
 PL             1.000         1.000         1.000         1.000         1.000
 PT             1.000         1.000         1.000         1.000         1.000
 RU             1.000         1.000         1.000         1.000         1.000
 SA             1.000         1.000         1.000         1.000         1.000
 SE             1.000         1.000         1.000         1.000         1.000
 SG             1.000         1.000         1.000         1.000         1.000
 TH             1.000         1.000         1.000         1.000         1.000
 TR             1.000         1.000         1.000         1.000         1.000
 UA             1.000         1.000         1.000         1.000         1.000
 US             1.000         1.000         1.000         1.000         1.000
 VE             1.000         1.000         1.000         1.000         1.000
 VN             1.000         1.000         1.000         1.000         1.000


           Covariance Coverage
              Q01E          Q01A          Q01K          Q01O          RAIL
              ________      ________      ________      ________      ________
 Q01E           1.000
 Q01A           1.000         1.000
 Q01K           1.000         1.000         1.000
 Q01O           1.000         1.000         1.000         1.000
 RAIL           1.000         1.000         1.000         1.000         1.000
 AE             1.000         1.000         1.000         1.000         1.000
 AR             1.000         1.000         1.000         1.000         1.000
 AT             1.000         1.000         1.000         1.000         1.000
 AU             1.000         1.000         1.000         1.000         1.000
 BE             1.000         1.000         1.000         1.000         1.000
 BH             1.000         1.000         1.000         1.000         1.000
 BR             1.000         1.000         1.000         1.000         1.000
 CA             1.000         1.000         1.000         1.000         1.000
 CH             1.000         1.000         1.000         1.000         1.000
 CL             1.000         1.000         1.000         1.000         1.000
 CN             1.000         1.000         1.000         1.000         1.000
 CO             1.000         1.000         1.000         1.000         1.000
 DE             1.000         1.000         1.000         1.000         1.000
 DK             1.000         1.000         1.000         1.000         1.000
 DZ             1.000         1.000         1.000         1.000         1.000
 EC             1.000         1.000         1.000         1.000         1.000
 EG             1.000         1.000         1.000         1.000         1.000
 ES             1.000         1.000         1.000         1.000         1.000
 FR             1.000         1.000         1.000         1.000         1.000
 GB             1.000         1.000         1.000         1.000         1.000
 GR             1.000         1.000         1.000         1.000         1.000
 HK             1.000         1.000         1.000         1.000         1.000
 ID             1.000         1.000         1.000         1.000         1.000
 IE             1.000         1.000         1.000         1.000         1.000
 IL             1.000         1.000         1.000         1.000         1.000
 IN             1.000         1.000         1.000         1.000         1.000
 IT             1.000         1.000         1.000         1.000         1.000
 JP             1.000         1.000         1.000         1.000         1.000
 KE             1.000         1.000         1.000         1.000         1.000
 KR             1.000         1.000         1.000         1.000         1.000
 MA             1.000         1.000         1.000         1.000         1.000
 MX             1.000         1.000         1.000         1.000         1.000
 MY             1.000         1.000         1.000         1.000         1.000
 NL             1.000         1.000         1.000         1.000         1.000
 NO             1.000         1.000         1.000         1.000         1.000
 PE             1.000         1.000         1.000         1.000         1.000
 PH             1.000         1.000         1.000         1.000         1.000
 PK             1.000         1.000         1.000         1.000         1.000
 PL             1.000         1.000         1.000         1.000         1.000
 PT             1.000         1.000         1.000         1.000         1.000
 RU             1.000         1.000         1.000         1.000         1.000
 SA             1.000         1.000         1.000         1.000         1.000
 SE             1.000         1.000         1.000         1.000         1.000
 SG             1.000         1.000         1.000         1.000         1.000
 TH             1.000         1.000         1.000         1.000         1.000
 TR             1.000         1.000         1.000         1.000         1.000
 UA             1.000         1.000         1.000         1.000         1.000
 US             1.000         1.000         1.000         1.000         1.000
 VE             1.000         1.000         1.000         1.000         1.000
 VN             1.000         1.000         1.000         1.000         1.000


           Covariance Coverage
              AE            AR            AT            AU            BE
              ________      ________      ________      ________      ________
 AE             1.000
 AR             1.000         1.000
 AT             1.000         1.000         1.000
 AU             1.000         1.000         1.000         1.000
 BE             1.000         1.000         1.000         1.000         1.000
 BH             1.000         1.000         1.000         1.000         1.000
 BR             1.000         1.000         1.000         1.000         1.000
 CA             1.000         1.000         1.000         1.000         1.000
 CH             1.000         1.000         1.000         1.000         1.000
 CL             1.000         1.000         1.000         1.000         1.000
 CN             1.000         1.000         1.000         1.000         1.000
 CO             1.000         1.000         1.000         1.000         1.000
 DE             1.000         1.000         1.000         1.000         1.000
 DK             1.000         1.000         1.000         1.000         1.000
 DZ             1.000         1.000         1.000         1.000         1.000
 EC             1.000         1.000         1.000         1.000         1.000
 EG             1.000         1.000         1.000         1.000         1.000
 ES             1.000         1.000         1.000         1.000         1.000
 FR             1.000         1.000         1.000         1.000         1.000
 GB             1.000         1.000         1.000         1.000         1.000
 GR             1.000         1.000         1.000         1.000         1.000
 HK             1.000         1.000         1.000         1.000         1.000
 ID             1.000         1.000         1.000         1.000         1.000
 IE             1.000         1.000         1.000         1.000         1.000
 IL             1.000         1.000         1.000         1.000         1.000
 IN             1.000         1.000         1.000         1.000         1.000
 IT             1.000         1.000         1.000         1.000         1.000
 JP             1.000         1.000         1.000         1.000         1.000
 KE             1.000         1.000         1.000         1.000         1.000
 KR             1.000         1.000         1.000         1.000         1.000
 MA             1.000         1.000         1.000         1.000         1.000
 MX             1.000         1.000         1.000         1.000         1.000
 MY             1.000         1.000         1.000         1.000         1.000
 NL             1.000         1.000         1.000         1.000         1.000
 NO             1.000         1.000         1.000         1.000         1.000
 PE             1.000         1.000         1.000         1.000         1.000
 PH             1.000         1.000         1.000         1.000         1.000
 PK             1.000         1.000         1.000         1.000         1.000
 PL             1.000         1.000         1.000         1.000         1.000
 PT             1.000         1.000         1.000         1.000         1.000
 RU             1.000         1.000         1.000         1.000         1.000
 SA             1.000         1.000         1.000         1.000         1.000
 SE             1.000         1.000         1.000         1.000         1.000
 SG             1.000         1.000         1.000         1.000         1.000
 TH             1.000         1.000         1.000         1.000         1.000
 TR             1.000         1.000         1.000         1.000         1.000
 UA             1.000         1.000         1.000         1.000         1.000
 US             1.000         1.000         1.000         1.000         1.000
 VE             1.000         1.000         1.000         1.000         1.000
 VN             1.000         1.000         1.000         1.000         1.000


           Covariance Coverage
              BH            BR            CA            CH            CL
              ________      ________      ________      ________      ________
 BH             1.000
 BR             1.000         1.000
 CA             1.000         1.000         1.000
 CH             1.000         1.000         1.000         1.000
 CL             1.000         1.000         1.000         1.000         1.000
 CN             1.000         1.000         1.000         1.000         1.000
 CO             1.000         1.000         1.000         1.000         1.000
 DE             1.000         1.000         1.000         1.000         1.000
 DK             1.000         1.000         1.000         1.000         1.000
 DZ             1.000         1.000         1.000         1.000         1.000
 EC             1.000         1.000         1.000         1.000         1.000
 EG             1.000         1.000         1.000         1.000         1.000
 ES             1.000         1.000         1.000         1.000         1.000
 FR             1.000         1.000         1.000         1.000         1.000
 GB             1.000         1.000         1.000         1.000         1.000
 GR             1.000         1.000         1.000         1.000         1.000
 HK             1.000         1.000         1.000         1.000         1.000
 ID             1.000         1.000         1.000         1.000         1.000
 IE             1.000         1.000         1.000         1.000         1.000
 IL             1.000         1.000         1.000         1.000         1.000
 IN             1.000         1.000         1.000         1.000         1.000
 IT             1.000         1.000         1.000         1.000         1.000
 JP             1.000         1.000         1.000         1.000         1.000
 KE             1.000         1.000         1.000         1.000         1.000
 KR             1.000         1.000         1.000         1.000         1.000
 MA             1.000         1.000         1.000         1.000         1.000
 MX             1.000         1.000         1.000         1.000         1.000
 MY             1.000         1.000         1.000         1.000         1.000
 NL             1.000         1.000         1.000         1.000         1.000
 NO             1.000         1.000         1.000         1.000         1.000
 PE             1.000         1.000         1.000         1.000         1.000
 PH             1.000         1.000         1.000         1.000         1.000
 PK             1.000         1.000         1.000         1.000         1.000
 PL             1.000         1.000         1.000         1.000         1.000
 PT             1.000         1.000         1.000         1.000         1.000
 RU             1.000         1.000         1.000         1.000         1.000
 SA             1.000         1.000         1.000         1.000         1.000
 SE             1.000         1.000         1.000         1.000         1.000
 SG             1.000         1.000         1.000         1.000         1.000
 TH             1.000         1.000         1.000         1.000         1.000
 TR             1.000         1.000         1.000         1.000         1.000
 UA             1.000         1.000         1.000         1.000         1.000
 US             1.000         1.000         1.000         1.000         1.000
 VE             1.000         1.000         1.000         1.000         1.000
 VN             1.000         1.000         1.000         1.000         1.000


           Covariance Coverage
              CN            CO            DE            DK            DZ
              ________      ________      ________      ________      ________
 CN             1.000
 CO             1.000         1.000
 DE             1.000         1.000         1.000
 DK             1.000         1.000         1.000         1.000
 DZ             1.000         1.000         1.000         1.000         1.000
 EC             1.000         1.000         1.000         1.000         1.000
 EG             1.000         1.000         1.000         1.000         1.000
 ES             1.000         1.000         1.000         1.000         1.000
 FR             1.000         1.000         1.000         1.000         1.000
 GB             1.000         1.000         1.000         1.000         1.000
 GR             1.000         1.000         1.000         1.000         1.000
 HK             1.000         1.000         1.000         1.000         1.000
 ID             1.000         1.000         1.000         1.000         1.000
 IE             1.000         1.000         1.000         1.000         1.000
 IL             1.000         1.000         1.000         1.000         1.000
 IN             1.000         1.000         1.000         1.000         1.000
 IT             1.000         1.000         1.000         1.000         1.000
 JP             1.000         1.000         1.000         1.000         1.000
 KE             1.000         1.000         1.000         1.000         1.000
 KR             1.000         1.000         1.000         1.000         1.000
 MA             1.000         1.000         1.000         1.000         1.000
 MX             1.000         1.000         1.000         1.000         1.000
 MY             1.000         1.000         1.000         1.000         1.000
 NL             1.000         1.000         1.000         1.000         1.000
 NO             1.000         1.000         1.000         1.000         1.000
 PE             1.000         1.000         1.000         1.000         1.000
 PH             1.000         1.000         1.000         1.000         1.000
 PK             1.000         1.000         1.000         1.000         1.000
 PL             1.000         1.000         1.000         1.000         1.000
 PT             1.000         1.000         1.000         1.000         1.000
 RU             1.000         1.000         1.000         1.000         1.000
 SA             1.000         1.000         1.000         1.000         1.000
 SE             1.000         1.000         1.000         1.000         1.000
 SG             1.000         1.000         1.000         1.000         1.000
 TH             1.000         1.000         1.000         1.000         1.000
 TR             1.000         1.000         1.000         1.000         1.000
 UA             1.000         1.000         1.000         1.000         1.000
 US             1.000         1.000         1.000         1.000         1.000
 VE             1.000         1.000         1.000         1.000         1.000
 VN             1.000         1.000         1.000         1.000         1.000


           Covariance Coverage
              EC            EG            ES            FR            GB
              ________      ________      ________      ________      ________
 EC             1.000
 EG             1.000         1.000
 ES             1.000         1.000         1.000
 FR             1.000         1.000         1.000         1.000
 GB             1.000         1.000         1.000         1.000         1.000
 GR             1.000         1.000         1.000         1.000         1.000
 HK             1.000         1.000         1.000         1.000         1.000
 ID             1.000         1.000         1.000         1.000         1.000
 IE             1.000         1.000         1.000         1.000         1.000
 IL             1.000         1.000         1.000         1.000         1.000
 IN             1.000         1.000         1.000         1.000         1.000
 IT             1.000         1.000         1.000         1.000         1.000
 JP             1.000         1.000         1.000         1.000         1.000
 KE             1.000         1.000         1.000         1.000         1.000
 KR             1.000         1.000         1.000         1.000         1.000
 MA             1.000         1.000         1.000         1.000         1.000
 MX             1.000         1.000         1.000         1.000         1.000
 MY             1.000         1.000         1.000         1.000         1.000
 NL             1.000         1.000         1.000         1.000         1.000
 NO             1.000         1.000         1.000         1.000         1.000
 PE             1.000         1.000         1.000         1.000         1.000
 PH             1.000         1.000         1.000         1.000         1.000
 PK             1.000         1.000         1.000         1.000         1.000
 PL             1.000         1.000         1.000         1.000         1.000
 PT             1.000         1.000         1.000         1.000         1.000
 RU             1.000         1.000         1.000         1.000         1.000
 SA             1.000         1.000         1.000         1.000         1.000
 SE             1.000         1.000         1.000         1.000         1.000
 SG             1.000         1.000         1.000         1.000         1.000
 TH             1.000         1.000         1.000         1.000         1.000
 TR             1.000         1.000         1.000         1.000         1.000
 UA             1.000         1.000         1.000         1.000         1.000
 US             1.000         1.000         1.000         1.000         1.000
 VE             1.000         1.000         1.000         1.000         1.000
 VN             1.000         1.000         1.000         1.000         1.000


           Covariance Coverage
              GR            HK            ID            IE            IL
              ________      ________      ________      ________      ________
 GR             1.000
 HK             1.000         1.000
 ID             1.000         1.000         1.000
 IE             1.000         1.000         1.000         1.000
 IL             1.000         1.000         1.000         1.000         1.000
 IN             1.000         1.000         1.000         1.000         1.000
 IT             1.000         1.000         1.000         1.000         1.000
 JP             1.000         1.000         1.000         1.000         1.000
 KE             1.000         1.000         1.000         1.000         1.000
 KR             1.000         1.000         1.000         1.000         1.000
 MA             1.000         1.000         1.000         1.000         1.000
 MX             1.000         1.000         1.000         1.000         1.000
 MY             1.000         1.000         1.000         1.000         1.000
 NL             1.000         1.000         1.000         1.000         1.000
 NO             1.000         1.000         1.000         1.000         1.000
 PE             1.000         1.000         1.000         1.000         1.000
 PH             1.000         1.000         1.000         1.000         1.000
 PK             1.000         1.000         1.000         1.000         1.000
 PL             1.000         1.000         1.000         1.000         1.000
 PT             1.000         1.000         1.000         1.000         1.000
 RU             1.000         1.000         1.000         1.000         1.000
 SA             1.000         1.000         1.000         1.000         1.000
 SE             1.000         1.000         1.000         1.000         1.000
 SG             1.000         1.000         1.000         1.000         1.000
 TH             1.000         1.000         1.000         1.000         1.000
 TR             1.000         1.000         1.000         1.000         1.000
 UA             1.000         1.000         1.000         1.000         1.000
 US             1.000         1.000         1.000         1.000         1.000
 VE             1.000         1.000         1.000         1.000         1.000
 VN             1.000         1.000         1.000         1.000         1.000


           Covariance Coverage
              IN            IT            JP            KE            KR
              ________      ________      ________      ________      ________
 IN             1.000
 IT             1.000         1.000
 JP             1.000         1.000         1.000
 KE             1.000         1.000         1.000         1.000
 KR             1.000         1.000         1.000         1.000         1.000
 MA             1.000         1.000         1.000         1.000         1.000
 MX             1.000         1.000         1.000         1.000         1.000
 MY             1.000         1.000         1.000         1.000         1.000
 NL             1.000         1.000         1.000         1.000         1.000
 NO             1.000         1.000         1.000         1.000         1.000
 PE             1.000         1.000         1.000         1.000         1.000
 PH             1.000         1.000         1.000         1.000         1.000
 PK             1.000         1.000         1.000         1.000         1.000
 PL             1.000         1.000         1.000         1.000         1.000
 PT             1.000         1.000         1.000         1.000         1.000
 RU             1.000         1.000         1.000         1.000         1.000
 SA             1.000         1.000         1.000         1.000         1.000
 SE             1.000         1.000         1.000         1.000         1.000
 SG             1.000         1.000         1.000         1.000         1.000
 TH             1.000         1.000         1.000         1.000         1.000
 TR             1.000         1.000         1.000         1.000         1.000
 UA             1.000         1.000         1.000         1.000         1.000
 US             1.000         1.000         1.000         1.000         1.000
 VE             1.000         1.000         1.000         1.000         1.000
 VN             1.000         1.000         1.000         1.000         1.000


           Covariance Coverage
              MA            MX            MY            NL            NO
              ________      ________      ________      ________      ________
 MA             1.000
 MX             1.000         1.000
 MY             1.000         1.000         1.000
 NL             1.000         1.000         1.000         1.000
 NO             1.000         1.000         1.000         1.000         1.000
 PE             1.000         1.000         1.000         1.000         1.000
 PH             1.000         1.000         1.000         1.000         1.000
 PK             1.000         1.000         1.000         1.000         1.000
 PL             1.000         1.000         1.000         1.000         1.000
 PT             1.000         1.000         1.000         1.000         1.000
 RU             1.000         1.000         1.000         1.000         1.000
 SA             1.000         1.000         1.000         1.000         1.000
 SE             1.000         1.000         1.000         1.000         1.000
 SG             1.000         1.000         1.000         1.000         1.000
 TH             1.000         1.000         1.000         1.000         1.000
 TR             1.000         1.000         1.000         1.000         1.000
 UA             1.000         1.000         1.000         1.000         1.000
 US             1.000         1.000         1.000         1.000         1.000
 VE             1.000         1.000         1.000         1.000         1.000
 VN             1.000         1.000         1.000         1.000         1.000


           Covariance Coverage
              PE            PH            PK            PL            PT
              ________      ________      ________      ________      ________
 PE             1.000
 PH             1.000         1.000
 PK             1.000         1.000         1.000
 PL             1.000         1.000         1.000         1.000
 PT             1.000         1.000         1.000         1.000         1.000
 RU             1.000         1.000         1.000         1.000         1.000
 SA             1.000         1.000         1.000         1.000         1.000
 SE             1.000         1.000         1.000         1.000         1.000
 SG             1.000         1.000         1.000         1.000         1.000
 TH             1.000         1.000         1.000         1.000         1.000
 TR             1.000         1.000         1.000         1.000         1.000
 UA             1.000         1.000         1.000         1.000         1.000
 US             1.000         1.000         1.000         1.000         1.000
 VE             1.000         1.000         1.000         1.000         1.000
 VN             1.000         1.000         1.000         1.000         1.000


           Covariance Coverage
              RU            SA            SE            SG            TH
              ________      ________      ________      ________      ________
 RU             1.000
 SA             1.000         1.000
 SE             1.000         1.000         1.000
 SG             1.000         1.000         1.000         1.000
 TH             1.000         1.000         1.000         1.000         1.000
 TR             1.000         1.000         1.000         1.000         1.000
 UA             1.000         1.000         1.000         1.000         1.000
 US             1.000         1.000         1.000         1.000         1.000
 VE             1.000         1.000         1.000         1.000         1.000
 VN             1.000         1.000         1.000         1.000         1.000


           Covariance Coverage
              TR            UA            US            VE            VN
              ________      ________      ________      ________      ________
 TR             1.000
 UA             1.000         1.000
 US             1.000         1.000         1.000
 VE             1.000         1.000         1.000         1.000
 VN             1.000         1.000         1.000         1.000         1.000


UNIVARIATE PROPORTIONS AND COUNTS FOR CATEGORICAL VARIABLES

    Q04J
      Category 1    0.778        32625.000
      Category 2    0.222         9307.000
    Q14A
      Category 1    0.895        37543.000
      Category 2    0.105         4389.000
    Q14B
      Category 1    0.898        37640.000
      Category 2    0.102         4292.000
    Q14F
      Category 1    0.947        39709.000
      Category 2    0.053         2223.000
    Q14K
      Category 1    0.966        40521.000
      Category 2    0.034         1411.000
    Q15A
      Category 1    0.862        36154.000
      Category 2    0.138         5778.000
    Q15B
      Category 1    0.754        31608.000
      Category 2    0.246        10324.000
    Q15C
      Category 1    0.799        33505.000
      Category 2    0.201         8427.000
    Q15D
      Category 1    0.792        33231.000
      Category 2    0.208         8701.000
    Q15F
      Category 1    0.878        36825.000
      Category 2    0.122         5107.000



UNIVARIATE SAMPLE STATISTICS


     UNIVARIATE HIGHER-ORDER MOMENT DESCRIPTIVE STATISTICS

         Variable/         Mean/     Skewness/   Minimum/ % with                Percentiles
        Sample Size      Variance    Kurtosis    Maximum  Min/Max      20%/60%    40%/80%    Median

     INC                   7.230      -0.216       4.828    5.51%       5.927      7.313      7.313
           35183.000       1.564      -0.488       9.770    1.35%       7.824      8.161
     AGE                  35.434       0.283      15.000    0.86%      23.000     30.000     34.000
           41932.000     147.414      -0.865      66.000    0.18%      40.000     47.000
     GEN                   0.529      -0.116       0.000   47.10%       0.000      0.000      1.000
           41932.000       0.249      -1.987       1.000   52.90%       1.000      1.000
     ESS                  11.980      -0.624       5.521    5.57%      10.146     11.918     11.918
           41932.000      10.355      -0.433      16.300    3.19%      13.325     14.914
     LOW_EDU               0.173       1.732       0.000   82.73%       0.000      0.000      0.000
           41932.000       0.143       1.000       1.000   17.27%       0.000      0.000
     HIGH_EDU              0.444       0.225       0.000   55.58%       0.000      0.000      0.000
           41932.000       0.247      -1.950       1.000   44.42%       1.000      1.000
     POPDEN                7.310      -2.721      -6.908    3.98%       6.862      8.121      8.476
           41932.000      16.627       6.668      11.588    0.00%       8.811      9.583
     ACCESS                0.159       1.864       0.000   84.09%       0.000      0.000      0.000
           41932.000       0.134       1.473       1.000   15.91%       0.000      0.000
     OWNING                0.486       0.058       0.000   51.45%       0.000      0.000      0.000
           41932.000       0.250      -1.997       1.000   48.55%       1.000      1.000
     Q01D                  0.427       0.297       0.000   57.34%       0.000      0.000      0.000
           41932.000       0.245      -1.912       1.000   42.66%       1.000      1.000
     Q01E                  0.232       1.271       0.000   76.82%       0.000      0.000      0.000
           41932.000       0.178      -0.385       1.000   23.18%       0.000      1.000
     Q01A                  0.097       2.715       0.000   90.26%       0.000      0.000      0.000
           41932.000       0.088       5.370       1.000    9.74%       0.000      0.000
     Q01K                  0.094       2.785       0.000   90.61%       0.000      0.000      0.000
           41932.000       0.085       5.754       1.000    9.39%       0.000      0.000
     Q01O                  0.159       1.865       0.000   84.10%       0.000      0.000      0.000
           41932.000       0.134       1.479       1.000   15.90%       0.000      0.000
     RAIL                  0.177       1.695       0.000   82.33%       0.000      0.000      0.000
           41932.000       0.146       0.873       1.000   17.67%       0.000      0.000
     AE                    0.013       8.683       0.000   98.72%       0.000      0.000      0.000
           41932.000       0.013      73.390       1.000    1.28%       0.000      0.000
     AR                    0.012       8.794       0.000   98.76%       0.000      0.000      0.000
           41932.000       0.012      75.342       1.000    1.24%       0.000      0.000
     AT                    0.012       8.838       0.000   98.77%       0.000      0.000      0.000
           41932.000       0.012      76.119       1.000    1.23%       0.000      0.000
     AU                    0.024       6.175       0.000   97.57%       0.000      0.000      0.000
           41932.000       0.024      36.135       1.000    2.43%       0.000      0.000
     BE                    0.024       6.153       0.000   97.55%       0.000      0.000      0.000
           41932.000       0.024      35.855       1.000    2.45%       0.000      0.000
     BH                    0.008      10.888       0.000   99.18%       0.000      0.000      0.000
           41932.000       0.008     116.550       1.000    0.82%       0.000      0.000
     BR                    0.024       6.159       0.000   97.56%       0.000      0.000      0.000
           41932.000       0.024      35.934       1.000    2.44%       0.000      0.000
     CA                    0.025       6.111       0.000   97.52%       0.000      0.000      0.000
           41932.000       0.024      35.345       1.000    2.48%       0.000      0.000
     CH                    0.012       8.803       0.000   98.76%       0.000      0.000      0.000
           41932.000       0.012      75.496       1.000    1.24%       0.000      0.000
     CL                    0.012       8.929       0.000   98.79%       0.000      0.000      0.000
           41932.000       0.012      77.718       1.000    1.21%       0.000      0.000
     CN                    0.026       5.988       0.000   97.42%       0.000      0.000      0.000
           41932.000       0.025      33.852       1.000    2.58%       0.000      0.000
     CO                    0.025       6.117       0.000   97.52%       0.000      0.000      0.000
           41932.000       0.024      35.422       1.000    2.48%       0.000      0.000
     DE                    0.024       6.215       0.000   97.60%       0.000      0.000      0.000
           41932.000       0.023      36.624       1.000    2.40%       0.000      0.000
     DK                    0.025       6.076       0.000   97.49%       0.000      0.000      0.000
           41932.000       0.024      34.923       1.000    2.51%       0.000      0.000
     DZ                    0.013       8.742       0.000   98.74%       0.000      0.000      0.000
           41932.000       0.012      74.429       1.000    1.26%       0.000      0.000
     EC                    0.012       8.847       0.000   98.77%       0.000      0.000      0.000
           41932.000       0.012      76.276       1.000    1.23%       0.000      0.000
     EG                    0.012       8.993       0.000   98.81%       0.000      0.000      0.000
           41932.000       0.012      78.876       1.000    1.19%       0.000      0.000
     ES                    0.024       6.188       0.000   97.58%       0.000      0.000      0.000
           41932.000       0.024      36.296       1.000    2.42%       0.000      0.000
     FR                    0.025       6.036       0.000   97.46%       0.000      0.000      0.000
           41932.000       0.025      34.436       1.000    2.54%       0.000      0.000
     GB                    0.024       6.162       0.000   97.56%       0.000      0.000      0.000
           41932.000       0.024      35.974       1.000    2.44%       0.000      0.000
     GR                    0.025       6.124       0.000   97.53%       0.000      0.000      0.000
           41932.000       0.024      35.500       1.000    2.47%       0.000      0.000
     HK                    0.005      14.093       0.000   99.50%       0.000      0.000      0.000
           41932.000       0.005     196.601       1.000    0.50%       0.000      0.000
     ID                    0.013       8.683       0.000   98.72%       0.000      0.000      0.000
           41932.000       0.013      73.390       1.000    1.28%       0.000      0.000
     IE                    0.013       8.734       0.000   98.74%       0.000      0.000      0.000
           41932.000       0.012      74.279       1.000    1.26%       0.000      0.000
     IL                    0.012       8.803       0.000   98.76%       0.000      0.000      0.000
           41932.000       0.012      75.496       1.000    1.24%       0.000      0.000
     IN                    0.024       6.231       0.000   97.61%       0.000      0.000      0.000
           41932.000       0.023      36.831       1.000    2.39%       0.000      0.000
     IT                    0.024       6.208       0.000   97.59%       0.000      0.000      0.000
           41932.000       0.024      36.542       1.000    2.41%       0.000      0.000
     JP                    0.025       6.146       0.000   97.55%       0.000      0.000      0.000
           41932.000       0.024      35.775       1.000    2.45%       0.000      0.000
     KE                    0.012       8.803       0.000   98.76%       0.000      0.000      0.000
           41932.000       0.012      75.496       1.000    1.24%       0.000      0.000
     KR                    0.025       6.083       0.000   97.50%       0.000      0.000      0.000
           41932.000       0.024      34.999       1.000    2.50%       0.000      0.000
     MA                    0.012       8.821       0.000   98.76%       0.000      0.000      0.000
           41932.000       0.012      75.806       1.000    1.24%       0.000      0.000
     MX                    0.024       6.188       0.000   97.58%       0.000      0.000      0.000
           41932.000       0.024      36.296       1.000    2.42%       0.000      0.000
     MY                    0.024       6.153       0.000   97.55%       0.000      0.000      0.000
           41932.000       0.024      35.855       1.000    2.45%       0.000      0.000
     NL                    0.024       6.242       0.000   97.62%       0.000      0.000      0.000
           41932.000       0.023      36.956       1.000    2.38%       0.000      0.000
     NO                    0.025       6.061       0.000   97.48%       0.000      0.000      0.000
           41932.000       0.025      34.734       1.000    2.52%       0.000      0.000
     PE                    0.024       6.169       0.000   97.56%       0.000      0.000      0.000
           41932.000       0.024      36.054       1.000    2.44%       0.000      0.000
     PH                    0.012       8.956       0.000   98.80%       0.000      0.000      0.000
           41932.000       0.012      78.211       1.000    1.20%       0.000      0.000
     PK                    0.018       7.160       0.000   98.16%       0.000      0.000      0.000
           41932.000       0.018      49.265       1.000    1.84%       0.000      0.000
     PL                    0.024       6.225       0.000   97.60%       0.000      0.000      0.000
           41932.000       0.023      36.748       1.000    2.40%       0.000      0.000
     PT                    0.024       6.175       0.000   97.57%       0.000      0.000      0.000
           41932.000       0.024      36.135       1.000    2.43%       0.000      0.000
     RU                    0.024       6.228       0.000   97.61%       0.000      0.000      0.000
           41932.000       0.023      36.789       1.000    2.39%       0.000      0.000
     SA                    0.024       6.231       0.000   97.61%       0.000      0.000      0.000
           41932.000       0.023      36.831       1.000    2.39%       0.000      0.000
     SE                    0.025       6.064       0.000   97.48%       0.000      0.000      0.000
           41932.000       0.025      34.772       1.000    2.52%       0.000      0.000
     SG                    0.024       6.185       0.000   97.57%       0.000      0.000      0.000
           41932.000       0.024      36.256       1.000    2.43%       0.000      0.000
     TH                    0.024       6.238       0.000   97.61%       0.000      0.000      0.000
           41932.000       0.023      36.915       1.000    2.39%       0.000      0.000
     TR                    0.024       6.235       0.000   97.61%       0.000      0.000      0.000
           41932.000       0.023      36.873       1.000    2.39%       0.000      0.000
     UA                    0.012       8.929       0.000   98.79%       0.000      0.000      0.000
           41932.000       0.012      77.718       1.000    1.21%       0.000      0.000
     US                    0.024       6.265       0.000   97.63%       0.000      0.000      0.000
           41932.000       0.023      37.252       1.000    2.37%       0.000      0.000
     VE                    0.012       8.786       0.000   98.75%       0.000      0.000      0.000
           41932.000       0.012      75.189       1.000    1.25%       0.000      0.000
     VN                    0.013       8.768       0.000   98.75%       0.000      0.000      0.000
           41932.000       0.012      74.883       1.000    1.25%       0.000      0.000


THE MODEL ESTIMATION TERMINATED NORMALLY



MODEL FIT INFORMATION

Number of Free Parameters                       88

Loglikelihood

          H0 Value                     -206261.509
          H0 Scaling Correction Factor      5.2412
            for MLR

Information Criteria

          Akaike (AIC)                  412699.017
          Bayesian (BIC)                413459.672
          Sample-Size Adjusted BIC      413180.008
            (n* = (n + 2) / 24)



MODEL RESULTS

                                                    Two-Tailed
                    Estimate       S.E.  Est./S.E.    P-Value

 CARPRIDE BY
    Q14A               2.251      0.068     33.227      0.000
    Q14B               2.026      0.056     36.087      0.000
    Q14F               1.891      0.065     29.012      0.000
    Q14K               1.216      0.049     24.657      0.000
    Q15A               1.635      0.061     26.874      0.000
    Q15B               1.173      0.042     27.680      0.000
    Q15C               1.144      0.034     33.302      0.000
    Q15D               0.979      0.071     13.804      0.000
    Q15F               1.424      0.042     33.600      0.000

 Q04J       ON
    CARPRIDE           0.432      0.027     16.130      0.000

 Q04J       ON
    AGE                0.000      0.001     -0.316      0.752
    GEN               -0.168      0.029     -5.802      0.000
    LOW_EDU            0.001      0.048      0.030      0.976
    HIGH_EDU          -0.006      0.036     -0.172      0.864
    INC                0.013      0.013      1.028      0.304
    ESS                0.045      0.007      6.723      0.000
    ACCESS             0.419      0.048      8.710      0.000
    OWNING             0.574      0.044     13.089      0.000
    POPDEN             0.000      0.004     -0.018      0.986
    Q01D               0.328      0.037      8.968      0.000
    Q01E               0.174      0.034      5.194      0.000
    Q01A              -0.226      0.049     -4.584      0.000
    Q01K               0.180      0.064      2.808      0.005
    Q01O              -0.046      0.042     -1.085      0.278
    RAIL              -0.114      0.036     -3.190      0.001
    AE                 0.346      0.017     19.782      0.000
    AR                 0.057      0.016      3.519      0.000
    AT                 0.653      0.024     27.388      0.000
    AU                 0.636      0.013     50.093      0.000
    BE                 0.575      0.023     24.812      0.000
    BH                 0.973      0.023     42.653      0.000
    BR                -0.399      0.016    -25.071      0.000
    CA                 0.247      0.014     17.536      0.000
    CH                 0.632      0.028     22.574      0.000
    CL                -0.331      0.019    -17.693      0.000
    CN                 0.999      0.024     41.334      0.000
    CO                -0.390      0.029    -13.334      0.000
    DE                 0.699      0.026     27.151      0.000
    DK                 0.385      0.025     15.658      0.000
    DZ                 0.317      0.027     11.769      0.000
    EC                 0.132      0.027      4.848      0.000
    EG                 0.516      0.030     17.257      0.000
    ES                 0.566      0.019     29.364      0.000
    FR                 0.691      0.025     27.507      0.000
    GB                 0.585      0.025     23.570      0.000
    GR                 0.579      0.023     25.455      0.000
    HK                 0.608      0.033     18.248      0.000
    ID                -0.507      0.030    -17.166      0.000
    IE                 0.348      0.024     14.250      0.000
    IL                 0.466      0.017     27.601      0.000
    IN                 0.520      0.022     23.524      0.000
    IT                 0.691      0.019     36.825      0.000
    JP                 0.438      0.025     17.523      0.000
    KE                 0.163      0.023      6.987      0.000
    KR                 1.335      0.024     54.841      0.000
    MA                 0.178      0.026      6.893      0.000
    MX                -0.682      0.020    -33.957      0.000
    MY                 0.279      0.015     18.459      0.000
    NL                 0.380      0.026     14.749      0.000
    NO                -0.132      0.021     -6.169      0.000
    PE                -0.032      0.030     -1.039      0.299
    PH                 0.205      0.029      7.046      0.000
    PK                 0.407      0.030     13.694      0.000
    PL                 1.102      0.022     49.846      0.000
    PT                 0.149      0.017      8.707      0.000
    RU                 1.313      0.025     51.553      0.000
    SA                 0.231      0.013     17.275      0.000
    SE                 0.077      0.022      3.519      0.000
    SG                 0.272      0.025     10.809      0.000
    TH                -0.302      0.018    -16.737      0.000
    TR                 0.406      0.017     24.325      0.000
    UA                 0.361      0.036      9.896      0.000
    US                 0.244      0.014     17.234      0.000
    VE                -0.341      0.034     -9.917      0.000
    VN                 0.716      0.028     25.431      0.000

 INC      WITH
    CARPRIDE           0.124      0.031      3.933      0.000

 Means
    INC                7.226      0.093     77.743      0.000

 Thresholds
    Q04J$1             2.775      0.156     17.789      0.000
    Q14A$1             3.583      0.113     31.822      0.000
    Q14B$1             3.398      0.095     35.600      0.000
    Q14F$1             4.219      0.117     36.177      0.000
    Q14K$1             4.013      0.092     43.438      0.000
    Q15A$1             2.593      0.084     30.899      0.000
    Q15B$1             1.403      0.083     16.860      0.000
    Q15C$1             1.708      0.090     18.980      0.000
    Q15D$1             1.582      0.114     13.826      0.000
    Q15F$1             2.612      0.082     31.847      0.000

 Variances
    INC                1.564      0.084     18.532      0.000
    CARPRIDE           1.000      0.000    999.000    999.000


LOGISTIC REGRESSION ODDS RATIO RESULTS

                                         (Est. - 1) Two-Tailed
                    Estimate       S.E.     / S.E.    P-Value

 Q04J       ON
    CARPRIDE           1.540      0.041     13.100      0.000

 Q04J       ON
    AGE                1.000      0.001     -0.316      0.752
    GEN                0.845      0.024     -6.317      0.000
    LOW_EDU            1.001      0.048      0.030      0.976
    HIGH_EDU           0.994      0.035     -0.172      0.863
    INC                1.013      0.013      1.021      0.307
    ESS                1.046      0.007      6.575      0.000
    ACCESS             1.520      0.073      7.117      0.000
    OWNING             1.776      0.078      9.958      0.000
    POPDEN             1.000      0.004     -0.018      0.986
    Q01D               1.388      0.051      7.646      0.000
    Q01E               1.190      0.040      4.767      0.000
    Q01A               0.798      0.039     -5.142      0.000
    Q01K               1.198      0.077      2.569      0.010
    Q01O               0.955      0.040     -1.110      0.267
    RAIL               0.892      0.032     -3.380      0.001
    AE                 1.413      0.025     16.724      0.000
    AR                 1.059      0.017      3.421      0.001
    AT                 1.922      0.046     20.108      0.000
    AU                 1.888      0.024     37.073      0.000
    BE                 1.777      0.041     18.870      0.000
    BH                 2.647      0.060     27.266      0.000
    BR                 0.671      0.011    -30.808      0.000
    CA                 1.280      0.018     15.540      0.000
    CH                 1.882      0.053     16.730      0.000
    CL                 0.718      0.013    -20.971      0.000
    CN                 2.716      0.066     26.136      0.000
    CO                 0.677      0.020    -16.304      0.000
    DE                 2.011      0.052     19.537      0.000
    DK                 1.470      0.036     12.996      0.000
    DZ                 1.373      0.037     10.086      0.000
    EC                 1.142      0.031      4.541      0.000
    EG                 1.675      0.050     13.480      0.000
    ES                 1.761      0.034     22.422      0.000
    FR                 1.995      0.050     19.865      0.000
    GB                 1.795      0.045     17.845      0.000
    GR                 1.784      0.041     19.327      0.000
    HK                 1.837      0.061     13.673      0.000
    ID                 0.602      0.018    -22.357      0.000
    IE                 1.416      0.035     12.036      0.000
    IL                 1.593      0.027     22.065      0.000
    IN                 1.681      0.037     18.347      0.000
    IT                 1.996      0.037     26.585      0.000
    JP                 1.549      0.039     14.191      0.000
    KE                 1.178      0.028      6.445      0.000
    KR                 3.800      0.092     30.270      0.000
    MA                 1.195      0.031      6.313      0.000
    MX                 0.506      0.010    -48.673      0.000
    MY                 1.322      0.020     16.108      0.000
    NL                 1.463      0.038     12.269      0.000
    NO                 0.876      0.019     -6.596      0.000
    PE                 0.969      0.029     -1.056      0.291
    PH                 1.227      0.036      6.371      0.000
    PK                 1.503      0.045     11.249      0.000
    PL                 3.010      0.067     30.206      0.000
    PT                 1.161      0.020      8.089      0.000
    RU                 3.717      0.095     28.702      0.000
    SA                 1.260      0.017     15.422      0.000
    SE                 1.080      0.024      3.387      0.001
    SG                 1.312      0.033      9.464      0.000
    TH                 0.739      0.013    -19.543      0.000
    TR                 1.501      0.025     19.994      0.000
    UA                 1.434      0.052      8.308      0.000
    US                 1.276      0.018     15.295      0.000
    VE                 0.711      0.024    -11.816      0.000
    VN                 2.046      0.058     18.162      0.000


STANDARDIZED MODEL RESULTS


STDYX Standardization

                                                    Two-Tailed
                    Estimate       S.E.  Est./S.E.    P-Value

 CARPRIDE BY
    Q14A               0.779      0.009     84.405      0.000
    Q14B               0.745      0.009     81.119      0.000
    Q14F               0.722      0.012     60.562      0.000
    Q14K               0.557      0.016     35.733      0.000
    Q15A               0.670      0.014     48.717      0.000
    Q15B               0.543      0.014     39.257      0.000
    Q15C               0.534      0.011     46.552      0.000
    Q15D               0.475      0.027     17.826      0.000
    Q15F               0.617      0.011     54.306      0.000

 Q04J       ON
    CARPRIDE           0.220      0.013     17.021      0.000

 Q04J       ON
    AGE               -0.003      0.008     -0.316      0.752
    GEN               -0.043      0.007     -5.843      0.000
    LOW_EDU            0.000      0.009      0.030      0.976
    HIGH_EDU          -0.002      0.009     -0.172      0.864
    INC                0.009      0.008      1.029      0.303
    ESS                0.073      0.011      6.801      0.000
    ACCESS             0.078      0.009      8.841      0.000
    OWNING             0.146      0.011     13.295      0.000
    POPDEN             0.000      0.007     -0.018      0.986
    Q01D               0.083      0.009      9.075      0.000
    Q01E               0.037      0.007      5.218      0.000
    Q01A              -0.034      0.007     -4.594      0.000
    Q01K               0.027      0.010      2.802      0.005
    Q01O              -0.008      0.008     -1.085      0.278
    RAIL              -0.022      0.007     -3.185      0.001
    AE                 0.020      0.001     19.582      0.000
    AR                 0.003      0.001      3.561      0.000
    AT                 0.037      0.001     29.524      0.000
    AU                 0.050      0.001     52.063      0.000
    BE                 0.045      0.002     26.398      0.000
    BH                 0.045      0.001     46.369      0.000
    BR                -0.031      0.001    -25.572      0.000
    CA                 0.020      0.001     17.810      0.000
    CH                 0.036      0.001     23.940      0.000
    CL                -0.018      0.001    -16.819      0.000
    CN                 0.081      0.002     43.657      0.000
    CO                -0.031      0.002    -13.124      0.000
    DE                 0.054      0.002     29.195      0.000
    DK                 0.031      0.002     16.338      0.000
    DZ                 0.018      0.001     12.040      0.000
    EC                 0.007      0.002      4.899      0.000
    EG                 0.029      0.002     17.505      0.000
    ES                 0.044      0.001     31.189      0.000
    FR                 0.055      0.002     29.428      0.000
    GB                 0.046      0.002     25.177      0.000
    GR                 0.046      0.002     26.835      0.000
    HK                 0.022      0.001     18.656      0.000
    ID                -0.029      0.002    -16.526      0.000
    IE                 0.020      0.001     14.770      0.000
    IL                 0.026      0.001     29.419      0.000
    IN                 0.040      0.002     23.586      0.000
    IT                 0.054      0.001     39.068      0.000
    JP                 0.034      0.002     18.226      0.000
    KE                 0.009      0.001      6.976      0.000
    KR                 0.106      0.002     58.394      0.000
    MA                 0.010      0.001      7.007      0.000
    MX                -0.053      0.002    -33.058      0.000
    MY                 0.022      0.001     18.717      0.000
    NL                 0.030      0.002     15.278      0.000
    NO                -0.011      0.002     -6.073      0.000
    PE                -0.002      0.002     -1.037      0.300
    PH                 0.011      0.002      7.079      0.000
    PK                 0.028      0.002     14.128      0.000
    PL                 0.086      0.002     54.075      0.000
    PT                 0.012      0.001      8.908      0.000
    RU                 0.102      0.002     55.593      0.000
    SA                 0.018      0.001     17.421      0.000
    SE                 0.006      0.002      3.553      0.000
    SG                 0.021      0.002     10.929      0.000
    TH                -0.023      0.001    -16.659      0.000
    TR                 0.032      0.001     24.690      0.000
    UA                 0.020      0.002     10.162      0.000
    US                 0.019      0.001     17.501      0.000
    VE                -0.019      0.002     -9.880      0.000
    VN                 0.041      0.002     25.910      0.000

 INC      WITH
    CARPRIDE           0.099      0.025      3.933      0.000

 Means
    INC                5.778      0.189     30.601      0.000

 Thresholds
    Q04J$1             1.413      0.077     18.386      0.000
    Q14A$1             1.239      0.032     38.252      0.000
    Q14B$1             1.250      0.031     40.763      0.000
    Q14F$1             1.610      0.036     45.140      0.000
    Q14K$1             1.838      0.029     63.117      0.000
    Q15A$1             1.062      0.028     38.561      0.000
    Q15B$1             0.649      0.036     17.979      0.000
    Q15C$1             0.796      0.038     20.875      0.000
    Q15D$1             0.768      0.045     16.963      0.000
    Q15F$1             1.133      0.028     40.674      0.000

 Variances
    INC                1.000      0.000    999.000    999.000
    CARPRIDE           1.000      0.000    999.000    999.000


STDY Standardization

                                                    Two-Tailed
                    Estimate       S.E.  Est./S.E.    P-Value

 CARPRIDE BY
    Q14A               0.779      0.009     84.405      0.000
    Q14B               0.745      0.009     81.119      0.000
    Q14F               0.722      0.012     60.562      0.000
    Q14K               0.557      0.016     35.733      0.000
    Q15A               0.670      0.014     48.717      0.000
    Q15B               0.543      0.014     39.257      0.000
    Q15C               0.534      0.011     46.552      0.000
    Q15D               0.475      0.027     17.826      0.000
    Q15F               0.617      0.011     54.306      0.000

 Q04J       ON
    CARPRIDE           0.220      0.013     17.021      0.000

 Q04J       ON
    AGE                0.000      0.001     -0.316      0.752
    GEN               -0.086      0.015     -5.844      0.000
    LOW_EDU            0.001      0.024      0.030      0.976
    HIGH_EDU          -0.003      0.018     -0.172      0.864
    INC                0.009      0.008      1.029      0.303
    ESS                0.023      0.003      6.803      0.000
    ACCESS             0.213      0.024      8.845      0.000
    OWNING             0.292      0.022     13.308      0.000
    POPDEN             0.000      0.002     -0.018      0.986
    Q01D               0.167      0.018      9.079      0.000
    Q01E               0.089      0.017      5.219      0.000
    Q01A              -0.115      0.025     -4.595      0.000
    Q01K               0.092      0.033      2.802      0.005
    Q01O              -0.023      0.021     -1.085      0.278
    RAIL              -0.058      0.018     -3.185      0.001
    AE                 0.176      0.009     19.627      0.000
    AR                 0.029      0.008      3.561      0.000
    AT                 0.333      0.011     29.678      0.000
    AU                 0.324      0.006     52.923      0.000
    BE                 0.293      0.011     26.508      0.000
    BH                 0.495      0.011     46.974      0.000
    BR                -0.203      0.008    -25.672      0.000
    CA                 0.126      0.007     17.844      0.000
    CH                 0.322      0.013     24.022      0.000
    CL                -0.168      0.010    -16.847      0.000
    CN                 0.509      0.012     44.158      0.000
    CO                -0.198      0.015    -13.137      0.000
    DE                 0.356      0.012     29.344      0.000
    DK                 0.196      0.012     16.364      0.000
    DZ                 0.161      0.013     12.051      0.000
    EC                 0.067      0.014      4.900      0.000
    EG                 0.263      0.015     17.538      0.000
    ES                 0.288      0.009     31.371      0.000
    FR                 0.352      0.012     29.580      0.000
    GB                 0.298      0.012     25.273      0.000
    GR                 0.295      0.011     26.951      0.000
    HK                 0.309      0.017     18.695      0.000
    ID                -0.258      0.016    -16.552      0.000
    IE                 0.177      0.012     14.790      0.000
    IL                 0.237      0.008     29.572      0.000
    IN                 0.265      0.011     23.665      0.000
    IT                 0.352      0.009     39.428      0.000
    JP                 0.223      0.012     18.262      0.000
    KE                 0.083      0.012      6.978      0.000
    KR                 0.680      0.011     59.603      0.000
    MA                 0.091      0.013      7.009      0.000
    MX                -0.347      0.010    -33.273      0.000
    MY                 0.142      0.008     18.756      0.000
    NL                 0.194      0.013     15.299      0.000
    NO                -0.067      0.011     -6.074      0.000
    PE                -0.016      0.015     -1.037      0.300
    PH                 0.104      0.015      7.082      0.000
    PK                 0.207      0.015     14.145      0.000
    PL                 0.561      0.010     55.035      0.000
    PT                 0.076      0.009      8.912      0.000
    RU                 0.668      0.012     56.634      0.000
    SA                 0.118      0.007     17.453      0.000
    SE                 0.039      0.011      3.553      0.000
    SG                 0.138      0.013     10.937      0.000
    TH                -0.154      0.009    -16.686      0.000
    TR                 0.207      0.008     24.780      0.000
    UA                 0.184      0.018     10.168      0.000
    US                 0.124      0.007     17.533      0.000
    VE                -0.173      0.018     -9.886      0.000
    VN                 0.364      0.014     26.014      0.000

 INC      WITH
    CARPRIDE           0.099      0.025      3.933      0.000

 Means
    INC                5.778      0.189     30.601      0.000

 Thresholds
    Q04J$1             1.413      0.077     18.386      0.000
    Q14A$1             1.239      0.032     38.252      0.000
    Q14B$1             1.250      0.031     40.763      0.000
    Q14F$1             1.610      0.036     45.140      0.000
    Q14K$1             1.838      0.029     63.117      0.000
    Q15A$1             1.062      0.028     38.561      0.000
    Q15B$1             0.649      0.036     17.979      0.000
    Q15C$1             0.796      0.038     20.875      0.000
    Q15D$1             0.768      0.045     16.963      0.000
    Q15F$1             1.133      0.028     40.674      0.000

 Variances
    INC                1.000      0.000    999.000    999.000
    CARPRIDE           1.000      0.000    999.000    999.000


STD Standardization

                                                    Two-Tailed
                    Estimate       S.E.  Est./S.E.    P-Value

 CARPRIDE BY
    Q14A               2.251      0.068     33.227      0.000
    Q14B               2.026      0.056     36.087      0.000
    Q14F               1.891      0.065     29.012      0.000
    Q14K               1.216      0.049     24.657      0.000
    Q15A               1.635      0.061     26.874      0.000
    Q15B               1.173      0.042     27.680      0.000
    Q15C               1.144      0.034     33.302      0.000
    Q15D               0.979      0.071     13.804      0.000
    Q15F               1.424      0.042     33.600      0.000

 Q04J       ON
    CARPRIDE           0.432      0.027     16.130      0.000

 Q04J       ON
    AGE                0.000      0.001     -0.316      0.752
    GEN               -0.168      0.029     -5.802      0.000
    LOW_EDU            0.001      0.048      0.030      0.976
    HIGH_EDU          -0.006      0.036     -0.172      0.864
    INC                0.013      0.013      1.028      0.304
    ESS                0.045      0.007      6.723      0.000
    ACCESS             0.419      0.048      8.710      0.000
    OWNING             0.574      0.044     13.089      0.000
    POPDEN             0.000      0.004     -0.018      0.986
    Q01D               0.328      0.037      8.968      0.000
    Q01E               0.174      0.034      5.194      0.000
    Q01A              -0.226      0.049     -4.584      0.000
    Q01K               0.180      0.064      2.808      0.005
    Q01O              -0.046      0.042     -1.085      0.278
    RAIL              -0.114      0.036     -3.190      0.001
    AE                 0.346      0.017     19.782      0.000
    AR                 0.057      0.016      3.519      0.000
    AT                 0.653      0.024     27.388      0.000
    AU                 0.636      0.013     50.093      0.000
    BE                 0.575      0.023     24.812      0.000
    BH                 0.973      0.023     42.653      0.000
    BR                -0.399      0.016    -25.071      0.000
    CA                 0.247      0.014     17.536      0.000
    CH                 0.632      0.028     22.574      0.000
    CL                -0.331      0.019    -17.693      0.000
    CN                 0.999      0.024     41.334      0.000
    CO                -0.390      0.029    -13.334      0.000
    DE                 0.699      0.026     27.151      0.000
    DK                 0.385      0.025     15.658      0.000
    DZ                 0.317      0.027     11.769      0.000
    EC                 0.132      0.027      4.848      0.000
    EG                 0.516      0.030     17.257      0.000
    ES                 0.566      0.019     29.364      0.000
    FR                 0.691      0.025     27.507      0.000
    GB                 0.585      0.025     23.570      0.000
    GR                 0.579      0.023     25.455      0.000
    HK                 0.608      0.033     18.248      0.000
    ID                -0.507      0.030    -17.166      0.000
    IE                 0.348      0.024     14.250      0.000
    IL                 0.466      0.017     27.601      0.000
    IN                 0.520      0.022     23.524      0.000
    IT                 0.691      0.019     36.825      0.000
    JP                 0.438      0.025     17.523      0.000
    KE                 0.163      0.023      6.987      0.000
    KR                 1.335      0.024     54.841      0.000
    MA                 0.178      0.026      6.893      0.000
    MX                -0.682      0.020    -33.957      0.000
    MY                 0.279      0.015     18.459      0.000
    NL                 0.380      0.026     14.749      0.000
    NO                -0.132      0.021     -6.169      0.000
    PE                -0.032      0.030     -1.039      0.299
    PH                 0.205      0.029      7.046      0.000
    PK                 0.407      0.030     13.694      0.000
    PL                 1.102      0.022     49.846      0.000
    PT                 0.149      0.017      8.707      0.000
    RU                 1.313      0.025     51.553      0.000
    SA                 0.231      0.013     17.275      0.000
    SE                 0.077      0.022      3.519      0.000
    SG                 0.272      0.025     10.809      0.000
    TH                -0.302      0.018    -16.737      0.000
    TR                 0.406      0.017     24.325      0.000
    UA                 0.361      0.036      9.896      0.000
    US                 0.244      0.014     17.234      0.000
    VE                -0.341      0.034     -9.917      0.000
    VN                 0.716      0.028     25.431      0.000

 INC      WITH
    CARPRIDE           0.124      0.031      3.933      0.000

 Means
    INC                7.226      0.093     77.743      0.000

 Thresholds
    Q04J$1             2.775      0.156     17.789      0.000
    Q14A$1             3.583      0.113     31.822      0.000
    Q14B$1             3.398      0.095     35.600      0.000
    Q14F$1             4.219      0.117     36.177      0.000
    Q14K$1             4.013      0.092     43.438      0.000
    Q15A$1             2.593      0.084     30.899      0.000
    Q15B$1             1.403      0.083     16.860      0.000
    Q15C$1             1.708      0.090     18.980      0.000
    Q15D$1             1.582      0.114     13.826      0.000
    Q15F$1             2.612      0.082     31.847      0.000

 Variances
    INC                1.564      0.084     18.532      0.000
    CARPRIDE           1.000      0.000    999.000    999.000


R-SQUARE

    Observed                                        Two-Tailed
    Variable        Estimate       S.E.  Est./S.E.    P-Value

    Q04J               0.147      0.007     20.112      0.000
    Q14A               0.606      0.014     42.203      0.000
    Q14B               0.555      0.014     40.559      0.000
    Q14F               0.521      0.017     30.281      0.000
    Q14K               0.310      0.017     17.867      0.000
    Q15A               0.448      0.018     24.359      0.000
    Q15B               0.295      0.015     19.629      0.000
    Q15C               0.285      0.012     23.276      0.000
    Q15D               0.226      0.025      8.913      0.000
    Q15F               0.381      0.014     27.153      0.000


QUALITY OF NUMERICAL RESULTS

     Condition Number for the Information Matrix              0.108E-05
       (ratio of smallest to largest eigenvalue)


RESULTS SAVING INFORMATION

  Order of data

    Parameter estimates
     (saved in order shown in Technical 1 output)
    Standard errors
     (saved in order shown in Technical 1 output)
    StdYX standardized coefficients
     (saved in order shown in Technical 1 output)
    Standard errors for StdYX standardized coefficients
     (saved in order shown in Technical 1 output)
    StdY standardized coefficients
     (saved in order shown in Technical 1 output)
    Standard errors for StdY standardized coefficients
     (saved in order shown in Technical 1 output)
    Std standardized coefficients
     (saved in order shown in Technical 1 output)
    Standard errors for Std standardized coefficients
     (saved in order shown in Technical 1 output)
    H0 Loglikelihood
    H0 Scaling Correction Factor for MLR
    Number of Free Parameters
    Akaike (AIC)
    Bayesian (BIC)
    Sample-Size Adjusted BIC
    Condition Number

  Save file
    /Users/xuenanni/Desktop/thesis/Mplus/resultJ.dat

  Save file format           Free


DIAGRAM INFORMATION

  Use View Diagram under the Diagram menu in the Mplus Editor to view the diagram.
  If running Mplus from the Mplus Diagrammer, the diagram opens automatically.

  Diagram output
    /Users/xuenanni/Desktop/Thesis/Mplus/J_noTW_pop.dgm

     Beginning Time:  20:32:27
        Ending Time:  05:24:58
       Elapsed Time:  08:52:31



MUTHEN & MUTHEN
3463 Stoner Ave.
Los Angeles, CA  90066

Tel: (310) 391-9971
Fax: (310) 391-8971
Web: www.StatModel.com
Support: Support@StatModel.com

Copyright (c) 1998-2018 Muthen & Muthen
