Mplus VERSION 8.1 (Mac)
MUTHEN & MUTHEN
12/03/2018  11:18 PM

INPUT INSTRUCTIONS

   TITLE:	MPlus_Dalia_policy_support_questionK
   DATA:	
    	FILE IS /Users/xuenanni/Desktop/thesis/Mplus/pol_supp.txt;

    VARIABLE:	
    	NAMES ARE  	

      	ind_ID country_ID
           q04A q04B  q04C  q04D  q04E  q04F  q04G  q04H  q04I  q04J  q04K
           age gen  inc
           q01D q01E q01A q01K q01O q02 q09 q10 ess
           q14A q14B q14C  q14D  q14E  q14F  q14G  q14H  q14I  q14J  q14K  q14L  q14X
           q15A q15B q15C q15D q15E q15F popden
           low_edu high_edu
           access owning rail other peer tt_week miles_day
           AE  AR AT AU BE BH BR CA CH CL CN CO DE DK DZ EC EG ES FR GB GR HK ID
           IE IL IN IT JP KE KR MA MX MY NL NO PE PH PK PL PT RU SA SE SG TH TR UA
           US VE VN  ZA;

      	
      USEVARIABLES ARE
       	
       	  ind_ID   country_ID
             q04K
             age  gen  inc
             q14A q14B q14F q14K q15A q15B q15C q15D q15F
             ess  low_edu  high_edu  popden
             access  owning
             q01D q01E q01A  q01K q01O  rail
             AE  AR AT AU BE BH BR CA CH CL CN CO DE DK DZ EC EG ES FR GB GR HK ID
             IE IL IN IT JP KE KR MA MX MY NL NO PE PH PK PL PT RU SA SE SG TH TR UA
             US VE VN;


      CATEGORICAL = q04K q14A q14B q14F q14K q15A q15B q15C q15D q15F;

      CLUSTER = country_ID; !leave the cluster = xx for typle = complex ! single level model
      IDVARIABLE = ind_ID;
      MISSING = ALL (-9999);


    ANALYSIS:
        TYPE = COMPLEX;
        ESTIMATOR = MLR;
        INTEGRATION = MONTECARLO;


    MODEL: !No within and between;
         !Latent variable measurement model for carpride
         carpride BY q14A* q14B q14F q14K q15A q15B q15C q15D q15F;
         carpride @ 1;


         !Regression of car pride on socio-demographics
         !carpride ON age gender income;

         !choice model
         q04K ON age  gen  low_edu  high_edu  inc
                 ess access  owning carpride popden
                 q01D q01E q01A  q01K q01O  rail
                 AE  AR AT AU BE BH BR CA CH CL CN CO DE DK DZ EC EG ES FR GB GR HK ID
                 IE IL IN IT JP KE KR MA MX MY NL NO PE PH PK PL PT RU SA SE SG TH TR UA
                 US VE VN;
                 inc;


    OUTPUT:
        STD STDY STDYX;
    SAVEDATA:

        RESULTS ARE /Users/xuenanni/Desktop/thesis/Mplus/resultK.dat;



INPUT READING TERMINATED NORMALLY



MPlus_Dalia_policy_support_questionK

SUMMARY OF ANALYSIS

Number of groups                                                 1
Number of observations                                       41932

Number of dependent variables                                   10
Number of independent variables                                 65
Number of continuous latent variables                            1

Observed dependent variables

  Binary and ordered categorical (ordinal)
   Q04K        Q14A        Q14B        Q14F        Q14K        Q15A
   Q15B        Q15C        Q15D        Q15F

Observed independent variables
   AGE         GEN         INC         ESS         LOW_EDU     HIGH_EDU
   POPDEN      ACCESS      OWNING      Q01D        Q01E        Q01A
   Q01K        Q01O        RAIL        AE          AR          AT
   AU          BE          BH          BR          CA          CH
   CL          CN          CO          DE          DK          DZ
   EC          EG          ES          FR          GB          GR
   HK          ID          IE          IL          IN          IT
   JP          KE          KR          MA          MX          MY
   NL          NO          PE          PH          PK          PL
   PT          RU          SA          SE          SG          TH
   TR          UA          US          VE          VN

Continuous latent variables
   CARPRIDE

Variables with special functions

  Cluster variable      COUNTRY_
  ID variable           IND_ID

Estimator                                                      MLR
Information matrix                                        OBSERVED
Optimization Specifications for the Quasi-Newton Algorithm for
Continuous Outcomes
  Maximum number of iterations                                 100
  Convergence criterion                                  0.100D-05
Optimization Specifications for the EM Algorithm
  Maximum number of iterations                                 500
  Convergence criteria
    Loglikelihood change                                 0.100D-02
    Relative loglikelihood change                        0.100D-05
    Derivative                                           0.100D-02
Optimization Specifications for the M step of the EM Algorithm for
Categorical Latent variables
  Number of M step iterations                                    1
  M step convergence criterion                           0.100D-02
  Basis for M step termination                           ITERATION
Optimization Specifications for the M step of the EM Algorithm for
Censored, Binary or Ordered Categorical (Ordinal), Unordered
Categorical (Nominal) and Count Outcomes
  Number of M step iterations                                    1
  M step convergence criterion                           0.100D-02
  Basis for M step termination                           ITERATION
  Maximum value for logit thresholds                            15
  Minimum value for logit thresholds                           -15
  Minimum expected cell size for chi-square              0.100D-01
Maximum number of iterations for H1                           2000
Convergence criterion for H1                             0.100D-03
Optimization algorithm                                         EMA
Integration Specifications
  Type                                                  MONTECARLO
  Number of integration points                                1250
  Dimensions of numerical integration                            2
  Adaptive quadrature                                           ON
  Monte Carlo integration seed                                   0
Link                                                         LOGIT
Cholesky                                                       OFF

Input data file(s)
  /Users/xuenanni/Desktop/thesis/Mplus/pol_supp.txt
Input data format  FREE


SUMMARY OF DATA

     Number of missing data patterns             2
     Number of y missing data patterns           2
     Number of u missing data patterns           1
     Number of clusters          51



COVARIANCE COVERAGE OF DATA

Minimum covariance coverage value   0.100


     PROPORTION OF DATA PRESENT FOR Y


           Covariance Coverage
              INC           AGE           GEN           ESS           LOW_EDU
              ________      ________      ________      ________      ________
 INC            0.839
 AGE            0.839         1.000
 GEN            0.839         1.000         1.000
 ESS            0.839         1.000         1.000         1.000
 LOW_EDU        0.839         1.000         1.000         1.000         1.000
 HIGH_EDU       0.839         1.000         1.000         1.000         1.000
 POPDEN         0.839         1.000         1.000         1.000         1.000
 ACCESS         0.839         1.000         1.000         1.000         1.000
 OWNING         0.839         1.000         1.000         1.000         1.000
 Q01D           0.839         1.000         1.000         1.000         1.000
 Q01E           0.839         1.000         1.000         1.000         1.000
 Q01A           0.839         1.000         1.000         1.000         1.000
 Q01K           0.839         1.000         1.000         1.000         1.000
 Q01O           0.839         1.000         1.000         1.000         1.000
 RAIL           0.839         1.000         1.000         1.000         1.000
 AE             0.839         1.000         1.000         1.000         1.000
 AR             0.839         1.000         1.000         1.000         1.000
 AT             0.839         1.000         1.000         1.000         1.000
 AU             0.839         1.000         1.000         1.000         1.000
 BE             0.839         1.000         1.000         1.000         1.000
 BH             0.839         1.000         1.000         1.000         1.000
 BR             0.839         1.000         1.000         1.000         1.000
 CA             0.839         1.000         1.000         1.000         1.000
 CH             0.839         1.000         1.000         1.000         1.000
 CL             0.839         1.000         1.000         1.000         1.000
 CN             0.839         1.000         1.000         1.000         1.000
 CO             0.839         1.000         1.000         1.000         1.000
 DE             0.839         1.000         1.000         1.000         1.000
 DK             0.839         1.000         1.000         1.000         1.000
 DZ             0.839         1.000         1.000         1.000         1.000
 EC             0.839         1.000         1.000         1.000         1.000
 EG             0.839         1.000         1.000         1.000         1.000
 ES             0.839         1.000         1.000         1.000         1.000
 FR             0.839         1.000         1.000         1.000         1.000
 GB             0.839         1.000         1.000         1.000         1.000
 GR             0.839         1.000         1.000         1.000         1.000
 HK             0.839         1.000         1.000         1.000         1.000
 ID             0.839         1.000         1.000         1.000         1.000
 IE             0.839         1.000         1.000         1.000         1.000
 IL             0.839         1.000         1.000         1.000         1.000
 IN             0.839         1.000         1.000         1.000         1.000
 IT             0.839         1.000         1.000         1.000         1.000
 JP             0.839         1.000         1.000         1.000         1.000
 KE             0.839         1.000         1.000         1.000         1.000
 KR             0.839         1.000         1.000         1.000         1.000
 MA             0.839         1.000         1.000         1.000         1.000
 MX             0.839         1.000         1.000         1.000         1.000
 MY             0.839         1.000         1.000         1.000         1.000
 NL             0.839         1.000         1.000         1.000         1.000
 NO             0.839         1.000         1.000         1.000         1.000
 PE             0.839         1.000         1.000         1.000         1.000
 PH             0.839         1.000         1.000         1.000         1.000
 PK             0.839         1.000         1.000         1.000         1.000
 PL             0.839         1.000         1.000         1.000         1.000
 PT             0.839         1.000         1.000         1.000         1.000
 RU             0.839         1.000         1.000         1.000         1.000
 SA             0.839         1.000         1.000         1.000         1.000
 SE             0.839         1.000         1.000         1.000         1.000
 SG             0.839         1.000         1.000         1.000         1.000
 TH             0.839         1.000         1.000         1.000         1.000
 TR             0.839         1.000         1.000         1.000         1.000
 UA             0.839         1.000         1.000         1.000         1.000
 US             0.839         1.000         1.000         1.000         1.000
 VE             0.839         1.000         1.000         1.000         1.000
 VN             0.839         1.000         1.000         1.000         1.000


           Covariance Coverage
              HIGH_EDU      POPDEN        ACCESS        OWNING        Q01D
              ________      ________      ________      ________      ________
 HIGH_EDU       1.000
 POPDEN         1.000         1.000
 ACCESS         1.000         1.000         1.000
 OWNING         1.000         1.000         1.000         1.000
 Q01D           1.000         1.000         1.000         1.000         1.000
 Q01E           1.000         1.000         1.000         1.000         1.000
 Q01A           1.000         1.000         1.000         1.000         1.000
 Q01K           1.000         1.000         1.000         1.000         1.000
 Q01O           1.000         1.000         1.000         1.000         1.000
 RAIL           1.000         1.000         1.000         1.000         1.000
 AE             1.000         1.000         1.000         1.000         1.000
 AR             1.000         1.000         1.000         1.000         1.000
 AT             1.000         1.000         1.000         1.000         1.000
 AU             1.000         1.000         1.000         1.000         1.000
 BE             1.000         1.000         1.000         1.000         1.000
 BH             1.000         1.000         1.000         1.000         1.000
 BR             1.000         1.000         1.000         1.000         1.000
 CA             1.000         1.000         1.000         1.000         1.000
 CH             1.000         1.000         1.000         1.000         1.000
 CL             1.000         1.000         1.000         1.000         1.000
 CN             1.000         1.000         1.000         1.000         1.000
 CO             1.000         1.000         1.000         1.000         1.000
 DE             1.000         1.000         1.000         1.000         1.000
 DK             1.000         1.000         1.000         1.000         1.000
 DZ             1.000         1.000         1.000         1.000         1.000
 EC             1.000         1.000         1.000         1.000         1.000
 EG             1.000         1.000         1.000         1.000         1.000
 ES             1.000         1.000         1.000         1.000         1.000
 FR             1.000         1.000         1.000         1.000         1.000
 GB             1.000         1.000         1.000         1.000         1.000
 GR             1.000         1.000         1.000         1.000         1.000
 HK             1.000         1.000         1.000         1.000         1.000
 ID             1.000         1.000         1.000         1.000         1.000
 IE             1.000         1.000         1.000         1.000         1.000
 IL             1.000         1.000         1.000         1.000         1.000
 IN             1.000         1.000         1.000         1.000         1.000
 IT             1.000         1.000         1.000         1.000         1.000
 JP             1.000         1.000         1.000         1.000         1.000
 KE             1.000         1.000         1.000         1.000         1.000
 KR             1.000         1.000         1.000         1.000         1.000
 MA             1.000         1.000         1.000         1.000         1.000
 MX             1.000         1.000         1.000         1.000         1.000
 MY             1.000         1.000         1.000         1.000         1.000
 NL             1.000         1.000         1.000         1.000         1.000
 NO             1.000         1.000         1.000         1.000         1.000
 PE             1.000         1.000         1.000         1.000         1.000
 PH             1.000         1.000         1.000         1.000         1.000
 PK             1.000         1.000         1.000         1.000         1.000
 PL             1.000         1.000         1.000         1.000         1.000
 PT             1.000         1.000         1.000         1.000         1.000
 RU             1.000         1.000         1.000         1.000         1.000
 SA             1.000         1.000         1.000         1.000         1.000
 SE             1.000         1.000         1.000         1.000         1.000
 SG             1.000         1.000         1.000         1.000         1.000
 TH             1.000         1.000         1.000         1.000         1.000
 TR             1.000         1.000         1.000         1.000         1.000
 UA             1.000         1.000         1.000         1.000         1.000
 US             1.000         1.000         1.000         1.000         1.000
 VE             1.000         1.000         1.000         1.000         1.000
 VN             1.000         1.000         1.000         1.000         1.000


           Covariance Coverage
              Q01E          Q01A          Q01K          Q01O          RAIL
              ________      ________      ________      ________      ________
 Q01E           1.000
 Q01A           1.000         1.000
 Q01K           1.000         1.000         1.000
 Q01O           1.000         1.000         1.000         1.000
 RAIL           1.000         1.000         1.000         1.000         1.000
 AE             1.000         1.000         1.000         1.000         1.000
 AR             1.000         1.000         1.000         1.000         1.000
 AT             1.000         1.000         1.000         1.000         1.000
 AU             1.000         1.000         1.000         1.000         1.000
 BE             1.000         1.000         1.000         1.000         1.000
 BH             1.000         1.000         1.000         1.000         1.000
 BR             1.000         1.000         1.000         1.000         1.000
 CA             1.000         1.000         1.000         1.000         1.000
 CH             1.000         1.000         1.000         1.000         1.000
 CL             1.000         1.000         1.000         1.000         1.000
 CN             1.000         1.000         1.000         1.000         1.000
 CO             1.000         1.000         1.000         1.000         1.000
 DE             1.000         1.000         1.000         1.000         1.000
 DK             1.000         1.000         1.000         1.000         1.000
 DZ             1.000         1.000         1.000         1.000         1.000
 EC             1.000         1.000         1.000         1.000         1.000
 EG             1.000         1.000         1.000         1.000         1.000
 ES             1.000         1.000         1.000         1.000         1.000
 FR             1.000         1.000         1.000         1.000         1.000
 GB             1.000         1.000         1.000         1.000         1.000
 GR             1.000         1.000         1.000         1.000         1.000
 HK             1.000         1.000         1.000         1.000         1.000
 ID             1.000         1.000         1.000         1.000         1.000
 IE             1.000         1.000         1.000         1.000         1.000
 IL             1.000         1.000         1.000         1.000         1.000
 IN             1.000         1.000         1.000         1.000         1.000
 IT             1.000         1.000         1.000         1.000         1.000
 JP             1.000         1.000         1.000         1.000         1.000
 KE             1.000         1.000         1.000         1.000         1.000
 KR             1.000         1.000         1.000         1.000         1.000
 MA             1.000         1.000         1.000         1.000         1.000
 MX             1.000         1.000         1.000         1.000         1.000
 MY             1.000         1.000         1.000         1.000         1.000
 NL             1.000         1.000         1.000         1.000         1.000
 NO             1.000         1.000         1.000         1.000         1.000
 PE             1.000         1.000         1.000         1.000         1.000
 PH             1.000         1.000         1.000         1.000         1.000
 PK             1.000         1.000         1.000         1.000         1.000
 PL             1.000         1.000         1.000         1.000         1.000
 PT             1.000         1.000         1.000         1.000         1.000
 RU             1.000         1.000         1.000         1.000         1.000
 SA             1.000         1.000         1.000         1.000         1.000
 SE             1.000         1.000         1.000         1.000         1.000
 SG             1.000         1.000         1.000         1.000         1.000
 TH             1.000         1.000         1.000         1.000         1.000
 TR             1.000         1.000         1.000         1.000         1.000
 UA             1.000         1.000         1.000         1.000         1.000
 US             1.000         1.000         1.000         1.000         1.000
 VE             1.000         1.000         1.000         1.000         1.000
 VN             1.000         1.000         1.000         1.000         1.000


           Covariance Coverage
              AE            AR            AT            AU            BE
              ________      ________      ________      ________      ________
 AE             1.000
 AR             1.000         1.000
 AT             1.000         1.000         1.000
 AU             1.000         1.000         1.000         1.000
 BE             1.000         1.000         1.000         1.000         1.000
 BH             1.000         1.000         1.000         1.000         1.000
 BR             1.000         1.000         1.000         1.000         1.000
 CA             1.000         1.000         1.000         1.000         1.000
 CH             1.000         1.000         1.000         1.000         1.000
 CL             1.000         1.000         1.000         1.000         1.000
 CN             1.000         1.000         1.000         1.000         1.000
 CO             1.000         1.000         1.000         1.000         1.000
 DE             1.000         1.000         1.000         1.000         1.000
 DK             1.000         1.000         1.000         1.000         1.000
 DZ             1.000         1.000         1.000         1.000         1.000
 EC             1.000         1.000         1.000         1.000         1.000
 EG             1.000         1.000         1.000         1.000         1.000
 ES             1.000         1.000         1.000         1.000         1.000
 FR             1.000         1.000         1.000         1.000         1.000
 GB             1.000         1.000         1.000         1.000         1.000
 GR             1.000         1.000         1.000         1.000         1.000
 HK             1.000         1.000         1.000         1.000         1.000
 ID             1.000         1.000         1.000         1.000         1.000
 IE             1.000         1.000         1.000         1.000         1.000
 IL             1.000         1.000         1.000         1.000         1.000
 IN             1.000         1.000         1.000         1.000         1.000
 IT             1.000         1.000         1.000         1.000         1.000
 JP             1.000         1.000         1.000         1.000         1.000
 KE             1.000         1.000         1.000         1.000         1.000
 KR             1.000         1.000         1.000         1.000         1.000
 MA             1.000         1.000         1.000         1.000         1.000
 MX             1.000         1.000         1.000         1.000         1.000
 MY             1.000         1.000         1.000         1.000         1.000
 NL             1.000         1.000         1.000         1.000         1.000
 NO             1.000         1.000         1.000         1.000         1.000
 PE             1.000         1.000         1.000         1.000         1.000
 PH             1.000         1.000         1.000         1.000         1.000
 PK             1.000         1.000         1.000         1.000         1.000
 PL             1.000         1.000         1.000         1.000         1.000
 PT             1.000         1.000         1.000         1.000         1.000
 RU             1.000         1.000         1.000         1.000         1.000
 SA             1.000         1.000         1.000         1.000         1.000
 SE             1.000         1.000         1.000         1.000         1.000
 SG             1.000         1.000         1.000         1.000         1.000
 TH             1.000         1.000         1.000         1.000         1.000
 TR             1.000         1.000         1.000         1.000         1.000
 UA             1.000         1.000         1.000         1.000         1.000
 US             1.000         1.000         1.000         1.000         1.000
 VE             1.000         1.000         1.000         1.000         1.000
 VN             1.000         1.000         1.000         1.000         1.000


           Covariance Coverage
              BH            BR            CA            CH            CL
              ________      ________      ________      ________      ________
 BH             1.000
 BR             1.000         1.000
 CA             1.000         1.000         1.000
 CH             1.000         1.000         1.000         1.000
 CL             1.000         1.000         1.000         1.000         1.000
 CN             1.000         1.000         1.000         1.000         1.000
 CO             1.000         1.000         1.000         1.000         1.000
 DE             1.000         1.000         1.000         1.000         1.000
 DK             1.000         1.000         1.000         1.000         1.000
 DZ             1.000         1.000         1.000         1.000         1.000
 EC             1.000         1.000         1.000         1.000         1.000
 EG             1.000         1.000         1.000         1.000         1.000
 ES             1.000         1.000         1.000         1.000         1.000
 FR             1.000         1.000         1.000         1.000         1.000
 GB             1.000         1.000         1.000         1.000         1.000
 GR             1.000         1.000         1.000         1.000         1.000
 HK             1.000         1.000         1.000         1.000         1.000
 ID             1.000         1.000         1.000         1.000         1.000
 IE             1.000         1.000         1.000         1.000         1.000
 IL             1.000         1.000         1.000         1.000         1.000
 IN             1.000         1.000         1.000         1.000         1.000
 IT             1.000         1.000         1.000         1.000         1.000
 JP             1.000         1.000         1.000         1.000         1.000
 KE             1.000         1.000         1.000         1.000         1.000
 KR             1.000         1.000         1.000         1.000         1.000
 MA             1.000         1.000         1.000         1.000         1.000
 MX             1.000         1.000         1.000         1.000         1.000
 MY             1.000         1.000         1.000         1.000         1.000
 NL             1.000         1.000         1.000         1.000         1.000
 NO             1.000         1.000         1.000         1.000         1.000
 PE             1.000         1.000         1.000         1.000         1.000
 PH             1.000         1.000         1.000         1.000         1.000
 PK             1.000         1.000         1.000         1.000         1.000
 PL             1.000         1.000         1.000         1.000         1.000
 PT             1.000         1.000         1.000         1.000         1.000
 RU             1.000         1.000         1.000         1.000         1.000
 SA             1.000         1.000         1.000         1.000         1.000
 SE             1.000         1.000         1.000         1.000         1.000
 SG             1.000         1.000         1.000         1.000         1.000
 TH             1.000         1.000         1.000         1.000         1.000
 TR             1.000         1.000         1.000         1.000         1.000
 UA             1.000         1.000         1.000         1.000         1.000
 US             1.000         1.000         1.000         1.000         1.000
 VE             1.000         1.000         1.000         1.000         1.000
 VN             1.000         1.000         1.000         1.000         1.000


           Covariance Coverage
              CN            CO            DE            DK            DZ
              ________      ________      ________      ________      ________
 CN             1.000
 CO             1.000         1.000
 DE             1.000         1.000         1.000
 DK             1.000         1.000         1.000         1.000
 DZ             1.000         1.000         1.000         1.000         1.000
 EC             1.000         1.000         1.000         1.000         1.000
 EG             1.000         1.000         1.000         1.000         1.000
 ES             1.000         1.000         1.000         1.000         1.000
 FR             1.000         1.000         1.000         1.000         1.000
 GB             1.000         1.000         1.000         1.000         1.000
 GR             1.000         1.000         1.000         1.000         1.000
 HK             1.000         1.000         1.000         1.000         1.000
 ID             1.000         1.000         1.000         1.000         1.000
 IE             1.000         1.000         1.000         1.000         1.000
 IL             1.000         1.000         1.000         1.000         1.000
 IN             1.000         1.000         1.000         1.000         1.000
 IT             1.000         1.000         1.000         1.000         1.000
 JP             1.000         1.000         1.000         1.000         1.000
 KE             1.000         1.000         1.000         1.000         1.000
 KR             1.000         1.000         1.000         1.000         1.000
 MA             1.000         1.000         1.000         1.000         1.000
 MX             1.000         1.000         1.000         1.000         1.000
 MY             1.000         1.000         1.000         1.000         1.000
 NL             1.000         1.000         1.000         1.000         1.000
 NO             1.000         1.000         1.000         1.000         1.000
 PE             1.000         1.000         1.000         1.000         1.000
 PH             1.000         1.000         1.000         1.000         1.000
 PK             1.000         1.000         1.000         1.000         1.000
 PL             1.000         1.000         1.000         1.000         1.000
 PT             1.000         1.000         1.000         1.000         1.000
 RU             1.000         1.000         1.000         1.000         1.000
 SA             1.000         1.000         1.000         1.000         1.000
 SE             1.000         1.000         1.000         1.000         1.000
 SG             1.000         1.000         1.000         1.000         1.000
 TH             1.000         1.000         1.000         1.000         1.000
 TR             1.000         1.000         1.000         1.000         1.000
 UA             1.000         1.000         1.000         1.000         1.000
 US             1.000         1.000         1.000         1.000         1.000
 VE             1.000         1.000         1.000         1.000         1.000
 VN             1.000         1.000         1.000         1.000         1.000


           Covariance Coverage
              EC            EG            ES            FR            GB
              ________      ________      ________      ________      ________
 EC             1.000
 EG             1.000         1.000
 ES             1.000         1.000         1.000
 FR             1.000         1.000         1.000         1.000
 GB             1.000         1.000         1.000         1.000         1.000
 GR             1.000         1.000         1.000         1.000         1.000
 HK             1.000         1.000         1.000         1.000         1.000
 ID             1.000         1.000         1.000         1.000         1.000
 IE             1.000         1.000         1.000         1.000         1.000
 IL             1.000         1.000         1.000         1.000         1.000
 IN             1.000         1.000         1.000         1.000         1.000
 IT             1.000         1.000         1.000         1.000         1.000
 JP             1.000         1.000         1.000         1.000         1.000
 KE             1.000         1.000         1.000         1.000         1.000
 KR             1.000         1.000         1.000         1.000         1.000
 MA             1.000         1.000         1.000         1.000         1.000
 MX             1.000         1.000         1.000         1.000         1.000
 MY             1.000         1.000         1.000         1.000         1.000
 NL             1.000         1.000         1.000         1.000         1.000
 NO             1.000         1.000         1.000         1.000         1.000
 PE             1.000         1.000         1.000         1.000         1.000
 PH             1.000         1.000         1.000         1.000         1.000
 PK             1.000         1.000         1.000         1.000         1.000
 PL             1.000         1.000         1.000         1.000         1.000
 PT             1.000         1.000         1.000         1.000         1.000
 RU             1.000         1.000         1.000         1.000         1.000
 SA             1.000         1.000         1.000         1.000         1.000
 SE             1.000         1.000         1.000         1.000         1.000
 SG             1.000         1.000         1.000         1.000         1.000
 TH             1.000         1.000         1.000         1.000         1.000
 TR             1.000         1.000         1.000         1.000         1.000
 UA             1.000         1.000         1.000         1.000         1.000
 US             1.000         1.000         1.000         1.000         1.000
 VE             1.000         1.000         1.000         1.000         1.000
 VN             1.000         1.000         1.000         1.000         1.000


           Covariance Coverage
              GR            HK            ID            IE            IL
              ________      ________      ________      ________      ________
 GR             1.000
 HK             1.000         1.000
 ID             1.000         1.000         1.000
 IE             1.000         1.000         1.000         1.000
 IL             1.000         1.000         1.000         1.000         1.000
 IN             1.000         1.000         1.000         1.000         1.000
 IT             1.000         1.000         1.000         1.000         1.000
 JP             1.000         1.000         1.000         1.000         1.000
 KE             1.000         1.000         1.000         1.000         1.000
 KR             1.000         1.000         1.000         1.000         1.000
 MA             1.000         1.000         1.000         1.000         1.000
 MX             1.000         1.000         1.000         1.000         1.000
 MY             1.000         1.000         1.000         1.000         1.000
 NL             1.000         1.000         1.000         1.000         1.000
 NO             1.000         1.000         1.000         1.000         1.000
 PE             1.000         1.000         1.000         1.000         1.000
 PH             1.000         1.000         1.000         1.000         1.000
 PK             1.000         1.000         1.000         1.000         1.000
 PL             1.000         1.000         1.000         1.000         1.000
 PT             1.000         1.000         1.000         1.000         1.000
 RU             1.000         1.000         1.000         1.000         1.000
 SA             1.000         1.000         1.000         1.000         1.000
 SE             1.000         1.000         1.000         1.000         1.000
 SG             1.000         1.000         1.000         1.000         1.000
 TH             1.000         1.000         1.000         1.000         1.000
 TR             1.000         1.000         1.000         1.000         1.000
 UA             1.000         1.000         1.000         1.000         1.000
 US             1.000         1.000         1.000         1.000         1.000
 VE             1.000         1.000         1.000         1.000         1.000
 VN             1.000         1.000         1.000         1.000         1.000


           Covariance Coverage
              IN            IT            JP            KE            KR
              ________      ________      ________      ________      ________
 IN             1.000
 IT             1.000         1.000
 JP             1.000         1.000         1.000
 KE             1.000         1.000         1.000         1.000
 KR             1.000         1.000         1.000         1.000         1.000
 MA             1.000         1.000         1.000         1.000         1.000
 MX             1.000         1.000         1.000         1.000         1.000
 MY             1.000         1.000         1.000         1.000         1.000
 NL             1.000         1.000         1.000         1.000         1.000
 NO             1.000         1.000         1.000         1.000         1.000
 PE             1.000         1.000         1.000         1.000         1.000
 PH             1.000         1.000         1.000         1.000         1.000
 PK             1.000         1.000         1.000         1.000         1.000
 PL             1.000         1.000         1.000         1.000         1.000
 PT             1.000         1.000         1.000         1.000         1.000
 RU             1.000         1.000         1.000         1.000         1.000
 SA             1.000         1.000         1.000         1.000         1.000
 SE             1.000         1.000         1.000         1.000         1.000
 SG             1.000         1.000         1.000         1.000         1.000
 TH             1.000         1.000         1.000         1.000         1.000
 TR             1.000         1.000         1.000         1.000         1.000
 UA             1.000         1.000         1.000         1.000         1.000
 US             1.000         1.000         1.000         1.000         1.000
 VE             1.000         1.000         1.000         1.000         1.000
 VN             1.000         1.000         1.000         1.000         1.000


           Covariance Coverage
              MA            MX            MY            NL            NO
              ________      ________      ________      ________      ________
 MA             1.000
 MX             1.000         1.000
 MY             1.000         1.000         1.000
 NL             1.000         1.000         1.000         1.000
 NO             1.000         1.000         1.000         1.000         1.000
 PE             1.000         1.000         1.000         1.000         1.000
 PH             1.000         1.000         1.000         1.000         1.000
 PK             1.000         1.000         1.000         1.000         1.000
 PL             1.000         1.000         1.000         1.000         1.000
 PT             1.000         1.000         1.000         1.000         1.000
 RU             1.000         1.000         1.000         1.000         1.000
 SA             1.000         1.000         1.000         1.000         1.000
 SE             1.000         1.000         1.000         1.000         1.000
 SG             1.000         1.000         1.000         1.000         1.000
 TH             1.000         1.000         1.000         1.000         1.000
 TR             1.000         1.000         1.000         1.000         1.000
 UA             1.000         1.000         1.000         1.000         1.000
 US             1.000         1.000         1.000         1.000         1.000
 VE             1.000         1.000         1.000         1.000         1.000
 VN             1.000         1.000         1.000         1.000         1.000


           Covariance Coverage
              PE            PH            PK            PL            PT
              ________      ________      ________      ________      ________
 PE             1.000
 PH             1.000         1.000
 PK             1.000         1.000         1.000
 PL             1.000         1.000         1.000         1.000
 PT             1.000         1.000         1.000         1.000         1.000
 RU             1.000         1.000         1.000         1.000         1.000
 SA             1.000         1.000         1.000         1.000         1.000
 SE             1.000         1.000         1.000         1.000         1.000
 SG             1.000         1.000         1.000         1.000         1.000
 TH             1.000         1.000         1.000         1.000         1.000
 TR             1.000         1.000         1.000         1.000         1.000
 UA             1.000         1.000         1.000         1.000         1.000
 US             1.000         1.000         1.000         1.000         1.000
 VE             1.000         1.000         1.000         1.000         1.000
 VN             1.000         1.000         1.000         1.000         1.000


           Covariance Coverage
              RU            SA            SE            SG            TH
              ________      ________      ________      ________      ________
 RU             1.000
 SA             1.000         1.000
 SE             1.000         1.000         1.000
 SG             1.000         1.000         1.000         1.000
 TH             1.000         1.000         1.000         1.000         1.000
 TR             1.000         1.000         1.000         1.000         1.000
 UA             1.000         1.000         1.000         1.000         1.000
 US             1.000         1.000         1.000         1.000         1.000
 VE             1.000         1.000         1.000         1.000         1.000
 VN             1.000         1.000         1.000         1.000         1.000


           Covariance Coverage
              TR            UA            US            VE            VN
              ________      ________      ________      ________      ________
 TR             1.000
 UA             1.000         1.000
 US             1.000         1.000         1.000
 VE             1.000         1.000         1.000         1.000
 VN             1.000         1.000         1.000         1.000         1.000


UNIVARIATE PROPORTIONS AND COUNTS FOR CATEGORICAL VARIABLES

    Q04K
      Category 1    0.813        34075.000
      Category 2    0.187         7857.000
    Q14A
      Category 1    0.895        37543.000
      Category 2    0.105         4389.000
    Q14B
      Category 1    0.898        37640.000
      Category 2    0.102         4292.000
    Q14F
      Category 1    0.947        39709.000
      Category 2    0.053         2223.000
    Q14K
      Category 1    0.966        40521.000
      Category 2    0.034         1411.000
    Q15A
      Category 1    0.862        36154.000
      Category 2    0.138         5778.000
    Q15B
      Category 1    0.754        31608.000
      Category 2    0.246        10324.000
    Q15C
      Category 1    0.799        33505.000
      Category 2    0.201         8427.000
    Q15D
      Category 1    0.792        33231.000
      Category 2    0.208         8701.000
    Q15F
      Category 1    0.878        36825.000
      Category 2    0.122         5107.000



UNIVARIATE SAMPLE STATISTICS


     UNIVARIATE HIGHER-ORDER MOMENT DESCRIPTIVE STATISTICS

         Variable/         Mean/     Skewness/   Minimum/ % with                Percentiles
        Sample Size      Variance    Kurtosis    Maximum  Min/Max      20%/60%    40%/80%    Median

     INC                   7.230      -0.216       4.828    5.51%       5.927      7.313      7.313
           35183.000       1.564      -0.488       9.770    1.35%       7.824      8.161
     AGE                  35.434       0.283      15.000    0.86%      23.000     30.000     34.000
           41932.000     147.414      -0.865      66.000    0.18%      40.000     47.000
     GEN                   0.529      -0.116       0.000   47.10%       0.000      0.000      1.000
           41932.000       0.249      -1.987       1.000   52.90%       1.000      1.000
     ESS                  11.980      -0.624       5.521    5.57%      10.146     11.918     11.918
           41932.000      10.355      -0.433      16.300    3.19%      13.325     14.914
     LOW_EDU               0.173       1.732       0.000   82.73%       0.000      0.000      0.000
           41932.000       0.143       1.000       1.000   17.27%       0.000      0.000
     HIGH_EDU              0.444       0.225       0.000   55.58%       0.000      0.000      0.000
           41932.000       0.247      -1.950       1.000   44.42%       1.000      1.000
     POPDEN                7.310      -2.721      -6.908    3.98%       6.862      8.121      8.476
           41932.000      16.627       6.668      11.588    0.00%       8.811      9.583
     ACCESS                0.159       1.864       0.000   84.09%       0.000      0.000      0.000
           41932.000       0.134       1.473       1.000   15.91%       0.000      0.000
     OWNING                0.486       0.058       0.000   51.45%       0.000      0.000      0.000
           41932.000       0.250      -1.997       1.000   48.55%       1.000      1.000
     Q01D                  0.427       0.297       0.000   57.34%       0.000      0.000      0.000
           41932.000       0.245      -1.912       1.000   42.66%       1.000      1.000
     Q01E                  0.232       1.271       0.000   76.82%       0.000      0.000      0.000
           41932.000       0.178      -0.385       1.000   23.18%       0.000      1.000
     Q01A                  0.097       2.715       0.000   90.26%       0.000      0.000      0.000
           41932.000       0.088       5.370       1.000    9.74%       0.000      0.000
     Q01K                  0.094       2.785       0.000   90.61%       0.000      0.000      0.000
           41932.000       0.085       5.754       1.000    9.39%       0.000      0.000
     Q01O                  0.159       1.865       0.000   84.10%       0.000      0.000      0.000
           41932.000       0.134       1.479       1.000   15.90%       0.000      0.000
     RAIL                  0.177       1.695       0.000   82.33%       0.000      0.000      0.000
           41932.000       0.146       0.873       1.000   17.67%       0.000      0.000
     AE                    0.013       8.683       0.000   98.72%       0.000      0.000      0.000
           41932.000       0.013      73.390       1.000    1.28%       0.000      0.000
     AR                    0.012       8.794       0.000   98.76%       0.000      0.000      0.000
           41932.000       0.012      75.342       1.000    1.24%       0.000      0.000
     AT                    0.012       8.838       0.000   98.77%       0.000      0.000      0.000
           41932.000       0.012      76.119       1.000    1.23%       0.000      0.000
     AU                    0.024       6.175       0.000   97.57%       0.000      0.000      0.000
           41932.000       0.024      36.135       1.000    2.43%       0.000      0.000
     BE                    0.024       6.153       0.000   97.55%       0.000      0.000      0.000
           41932.000       0.024      35.855       1.000    2.45%       0.000      0.000
     BH                    0.008      10.888       0.000   99.18%       0.000      0.000      0.000
           41932.000       0.008     116.550       1.000    0.82%       0.000      0.000
     BR                    0.024       6.159       0.000   97.56%       0.000      0.000      0.000
           41932.000       0.024      35.934       1.000    2.44%       0.000      0.000
     CA                    0.025       6.111       0.000   97.52%       0.000      0.000      0.000
           41932.000       0.024      35.345       1.000    2.48%       0.000      0.000
     CH                    0.012       8.803       0.000   98.76%       0.000      0.000      0.000
           41932.000       0.012      75.496       1.000    1.24%       0.000      0.000
     CL                    0.012       8.929       0.000   98.79%       0.000      0.000      0.000
           41932.000       0.012      77.718       1.000    1.21%       0.000      0.000
     CN                    0.026       5.988       0.000   97.42%       0.000      0.000      0.000
           41932.000       0.025      33.852       1.000    2.58%       0.000      0.000
     CO                    0.025       6.117       0.000   97.52%       0.000      0.000      0.000
           41932.000       0.024      35.422       1.000    2.48%       0.000      0.000
     DE                    0.024       6.215       0.000   97.60%       0.000      0.000      0.000
           41932.000       0.023      36.624       1.000    2.40%       0.000      0.000
     DK                    0.025       6.076       0.000   97.49%       0.000      0.000      0.000
           41932.000       0.024      34.923       1.000    2.51%       0.000      0.000
     DZ                    0.013       8.742       0.000   98.74%       0.000      0.000      0.000
           41932.000       0.012      74.429       1.000    1.26%       0.000      0.000
     EC                    0.012       8.847       0.000   98.77%       0.000      0.000      0.000
           41932.000       0.012      76.276       1.000    1.23%       0.000      0.000
     EG                    0.012       8.993       0.000   98.81%       0.000      0.000      0.000
           41932.000       0.012      78.876       1.000    1.19%       0.000      0.000
     ES                    0.024       6.188       0.000   97.58%       0.000      0.000      0.000
           41932.000       0.024      36.296       1.000    2.42%       0.000      0.000
     FR                    0.025       6.036       0.000   97.46%       0.000      0.000      0.000
           41932.000       0.025      34.436       1.000    2.54%       0.000      0.000
     GB                    0.024       6.162       0.000   97.56%       0.000      0.000      0.000
           41932.000       0.024      35.974       1.000    2.44%       0.000      0.000
     GR                    0.025       6.124       0.000   97.53%       0.000      0.000      0.000
           41932.000       0.024      35.500       1.000    2.47%       0.000      0.000
     HK                    0.005      14.093       0.000   99.50%       0.000      0.000      0.000
           41932.000       0.005     196.601       1.000    0.50%       0.000      0.000
     ID                    0.013       8.683       0.000   98.72%       0.000      0.000      0.000
           41932.000       0.013      73.390       1.000    1.28%       0.000      0.000
     IE                    0.013       8.734       0.000   98.74%       0.000      0.000      0.000
           41932.000       0.012      74.279       1.000    1.26%       0.000      0.000
     IL                    0.012       8.803       0.000   98.76%       0.000      0.000      0.000
           41932.000       0.012      75.496       1.000    1.24%       0.000      0.000
     IN                    0.024       6.231       0.000   97.61%       0.000      0.000      0.000
           41932.000       0.023      36.831       1.000    2.39%       0.000      0.000
     IT                    0.024       6.208       0.000   97.59%       0.000      0.000      0.000
           41932.000       0.024      36.542       1.000    2.41%       0.000      0.000
     JP                    0.025       6.146       0.000   97.55%       0.000      0.000      0.000
           41932.000       0.024      35.775       1.000    2.45%       0.000      0.000
     KE                    0.012       8.803       0.000   98.76%       0.000      0.000      0.000
           41932.000       0.012      75.496       1.000    1.24%       0.000      0.000
     KR                    0.025       6.083       0.000   97.50%       0.000      0.000      0.000
           41932.000       0.024      34.999       1.000    2.50%       0.000      0.000
     MA                    0.012       8.821       0.000   98.76%       0.000      0.000      0.000
           41932.000       0.012      75.806       1.000    1.24%       0.000      0.000
     MX                    0.024       6.188       0.000   97.58%       0.000      0.000      0.000
           41932.000       0.024      36.296       1.000    2.42%       0.000      0.000
     MY                    0.024       6.153       0.000   97.55%       0.000      0.000      0.000
           41932.000       0.024      35.855       1.000    2.45%       0.000      0.000
     NL                    0.024       6.242       0.000   97.62%       0.000      0.000      0.000
           41932.000       0.023      36.956       1.000    2.38%       0.000      0.000
     NO                    0.025       6.061       0.000   97.48%       0.000      0.000      0.000
           41932.000       0.025      34.734       1.000    2.52%       0.000      0.000
     PE                    0.024       6.169       0.000   97.56%       0.000      0.000      0.000
           41932.000       0.024      36.054       1.000    2.44%       0.000      0.000
     PH                    0.012       8.956       0.000   98.80%       0.000      0.000      0.000
           41932.000       0.012      78.211       1.000    1.20%       0.000      0.000
     PK                    0.018       7.160       0.000   98.16%       0.000      0.000      0.000
           41932.000       0.018      49.265       1.000    1.84%       0.000      0.000
     PL                    0.024       6.225       0.000   97.60%       0.000      0.000      0.000
           41932.000       0.023      36.748       1.000    2.40%       0.000      0.000
     PT                    0.024       6.175       0.000   97.57%       0.000      0.000      0.000
           41932.000       0.024      36.135       1.000    2.43%       0.000      0.000
     RU                    0.024       6.228       0.000   97.61%       0.000      0.000      0.000
           41932.000       0.023      36.789       1.000    2.39%       0.000      0.000
     SA                    0.024       6.231       0.000   97.61%       0.000      0.000      0.000
           41932.000       0.023      36.831       1.000    2.39%       0.000      0.000
     SE                    0.025       6.064       0.000   97.48%       0.000      0.000      0.000
           41932.000       0.025      34.772       1.000    2.52%       0.000      0.000
     SG                    0.024       6.185       0.000   97.57%       0.000      0.000      0.000
           41932.000       0.024      36.256       1.000    2.43%       0.000      0.000
     TH                    0.024       6.238       0.000   97.61%       0.000      0.000      0.000
           41932.000       0.023      36.915       1.000    2.39%       0.000      0.000
     TR                    0.024       6.235       0.000   97.61%       0.000      0.000      0.000
           41932.000       0.023      36.873       1.000    2.39%       0.000      0.000
     UA                    0.012       8.929       0.000   98.79%       0.000      0.000      0.000
           41932.000       0.012      77.718       1.000    1.21%       0.000      0.000
     US                    0.024       6.265       0.000   97.63%       0.000      0.000      0.000
           41932.000       0.023      37.252       1.000    2.37%       0.000      0.000
     VE                    0.012       8.786       0.000   98.75%       0.000      0.000      0.000
           41932.000       0.012      75.189       1.000    1.25%       0.000      0.000
     VN                    0.013       8.768       0.000   98.75%       0.000      0.000      0.000
           41932.000       0.012      74.883       1.000    1.25%       0.000      0.000


THE MODEL ESTIMATION TERMINATED NORMALLY



MODEL FIT INFORMATION

Number of Free Parameters                       88

Loglikelihood

          H0 Value                     -205209.011
          H0 Scaling Correction Factor      5.2406
            for MLR

Information Criteria

          Akaike (AIC)                  410594.023
          Bayesian (BIC)                411354.678
          Sample-Size Adjusted BIC      411075.013
            (n* = (n + 2) / 24)



MODEL RESULTS

                                                    Two-Tailed
                    Estimate       S.E.  Est./S.E.    P-Value

 CARPRIDE BY
    Q14A               2.267      0.069     33.060      0.000
    Q14B               2.027      0.056     35.986      0.000
    Q14F               1.896      0.064     29.405      0.000
    Q14K               1.225      0.050     24.659      0.000
    Q15A               1.649      0.060     27.382      0.000
    Q15B               1.157      0.043     26.929      0.000
    Q15C               1.134      0.035     32.732      0.000
    Q15D               0.972      0.072     13.578      0.000
    Q15F               1.433      0.043     33.267      0.000

 Q04K       ON
    CARPRIDE           0.187      0.024      7.913      0.000

 Q04K       ON
    AGE                0.008      0.001      5.085      0.000
    GEN                0.101      0.034      2.984      0.003
    LOW_EDU           -0.141      0.041     -3.480      0.001
    HIGH_EDU           0.090      0.035      2.574      0.010
    INC                0.082      0.016      5.291      0.000
    ESS                0.009      0.006      1.546      0.122
    ACCESS             0.175      0.044      4.005      0.000
    OWNING             0.267      0.051      5.200      0.000
    POPDEN            -0.007      0.004     -1.689      0.091
    Q01D               0.188      0.047      4.016      0.000
    Q01E               0.138      0.035      3.949      0.000
    Q01A              -0.006      0.047     -0.137      0.891
    Q01K               0.190      0.060      3.180      0.001
    Q01O               0.184      0.049      3.755      0.000
    RAIL               0.022      0.043      0.501      0.617
    AE                -0.039      0.019     -2.000      0.045
    AR                -0.214      0.016    -13.771      0.000
    AT                 0.000      0.023     -0.017      0.986
    AU                -0.264      0.017    -15.482      0.000
    BE                 0.213      0.022      9.549      0.000
    BH                -0.103      0.023     -4.444      0.000
    BR                -0.147      0.018     -8.244      0.000
    CA                -0.024      0.019     -1.244      0.213
    CH                 0.066      0.031      2.128      0.033
    CL                 0.581      0.019     30.767      0.000
    CN                -0.267      0.027    -10.052      0.000
    CO                -0.115      0.026     -4.398      0.000
    DE                -0.135      0.023     -5.928      0.000
    DK                 0.343      0.025     13.784      0.000
    DZ                 0.443      0.035     12.685      0.000
    EC                 0.000      0.020     -0.003      0.998
    EG                 0.101      0.032      3.156      0.002
    ES                 0.501      0.023     22.090      0.000
    FR                 0.525      0.026     19.907      0.000
    GB                -0.211      0.022     -9.738      0.000
    GR                -0.224      0.023     -9.897      0.000
    HK                 0.299      0.037      8.034      0.000
    ID                -0.549      0.028    -19.512      0.000
    IE                -0.104      0.025     -4.155      0.000
    IL                -0.193      0.019    -10.290      0.000
    IN                 0.168      0.027      6.268      0.000
    IT                 0.570      0.020     28.991      0.000
    JP                -0.148      0.032     -4.649      0.000
    KE                -0.310      0.030    -10.475      0.000
    KR                -0.414      0.024    -16.919      0.000
    MA                 0.654      0.025     26.417      0.000
    MX                -0.148      0.017     -8.629      0.000
    MY                -0.510      0.015    -33.771      0.000
    NL                -0.062      0.025     -2.422      0.015
    NO                -0.204      0.026     -7.793      0.000
    PE                 0.059      0.025      2.347      0.019
    PH                -0.051      0.028     -1.829      0.067
    PK                -0.231      0.025     -9.263      0.000
    PL                -0.178      0.020     -9.011      0.000
    PT                 0.357      0.019     18.806      0.000
    RU                -0.527      0.022    -23.491      0.000
    SA                -0.487      0.017    -29.346      0.000
    SE                -0.106      0.023     -4.668      0.000
    SG                 0.221      0.026      8.598      0.000
    TH                -0.458      0.017    -27.577      0.000
    TR                 0.321      0.020     16.320      0.000
    UA                -0.208      0.032     -6.556      0.000
    US                -0.214      0.019    -11.555      0.000
    VE                -0.633      0.034    -18.353      0.000
    VN                 0.350      0.025     14.126      0.000

 INC      WITH
    CARPRIDE           0.124      0.031      3.956      0.000

 Means
    INC                7.225      0.093     77.767      0.000

 Thresholds
    Q04K$1             2.814      0.151     18.669      0.000
    Q14A$1             3.598      0.114     31.637      0.000
    Q14B$1             3.399      0.096     35.595      0.000
    Q14F$1             4.225      0.116     36.340      0.000
    Q14K$1             4.023      0.093     43.216      0.000
    Q15A$1             2.604      0.084     30.848      0.000
    Q15B$1             1.396      0.083     16.882      0.000
    Q15C$1             1.703      0.090     18.976      0.000
    Q15D$1             1.579      0.115     13.791      0.000
    Q15F$1             2.619      0.083     31.574      0.000

 Variances
    INC                1.564      0.084     18.531      0.000
    CARPRIDE           1.000      0.000    999.000    999.000


LOGISTIC REGRESSION ODDS RATIO RESULTS

                                         (Est. - 1) Two-Tailed
                    Estimate       S.E.     / S.E.    P-Value

 Q04K       ON
    CARPRIDE           1.205      0.028      7.219      0.000

 Q04K       ON
    AGE                1.008      0.001      5.066      0.000
    GEN                1.106      0.038      2.838      0.005
    LOW_EDU            0.868      0.035     -3.738      0.000
    HIGH_EDU           1.094      0.038      2.461      0.014
    INC                1.086      0.017      5.080      0.000
    ESS                1.009      0.006      1.538      0.124
    ACCESS             1.191      0.052      3.674      0.000
    OWNING             1.306      0.067      4.563      0.000
    POPDEN             0.993      0.004     -1.694      0.090
    Q01D               1.206      0.056      3.661      0.000
    Q01E               1.148      0.040      3.690      0.000
    Q01A               0.994      0.047     -0.137      0.891
    Q01K               1.209      0.072      2.897      0.004
    Q01O               1.202      0.059      3.429      0.001
    RAIL               1.022      0.044      0.495      0.621
    AE                 0.962      0.019     -2.040      0.041
    AR                 0.808      0.013    -15.353      0.000
    AT                 1.000      0.023     -0.017      0.986
    AU                 0.768      0.013    -17.715      0.000
    BE                 1.238      0.028      8.599      0.000
    BH                 0.902      0.021     -4.682      0.000
    BR                 0.863      0.015     -8.881      0.000
    CA                 0.976      0.019     -1.259      0.208
    CH                 1.069      0.033      2.059      0.039
    CL                 1.787      0.034     23.338      0.000
    CN                 0.766      0.020    -11.519      0.000
    CO                 0.891      0.023     -4.662      0.000
    DE                 0.874      0.020     -6.345      0.000
    DK                 1.409      0.035     11.670      0.000
    DZ                 1.557      0.054     10.249      0.000
    EC                 1.000      0.020     -0.003      0.998
    EG                 1.106      0.035      3.002      0.003
    ES                 1.651      0.037     17.374      0.000
    FR                 1.690      0.045     15.489      0.000
    GB                 0.810      0.018    -10.839      0.000
    GR                 0.800      0.018    -11.091      0.000
    HK                 1.348      0.050      6.945      0.000
    ID                 0.578      0.016    -25.997      0.000
    IE                 0.901      0.023     -4.379      0.000
    IL                 0.824      0.015    -11.350      0.000
    IN                 1.183      0.032      5.770      0.000
    IT                 1.768      0.035     22.100      0.000
    JP                 0.863      0.027     -5.010      0.000
    KE                 0.733      0.022    -12.281      0.000
    KR                 0.661      0.016    -20.964      0.000
    MA                 1.922      0.048     19.394      0.000
    MX                 0.863      0.015     -9.298      0.000
    MY                 0.600      0.009    -44.063      0.000
    NL                 0.940      0.024     -2.498      0.012
    NO                 0.815      0.021     -8.647      0.000
    PE                 1.061      0.027      2.279      0.023
    PH                 0.950      0.027     -1.877      0.061
    PK                 0.794      0.020    -10.421      0.000
    PL                 0.837      0.017     -9.865      0.000
    PT                 1.429      0.027     15.816      0.000
    RU                 0.590      0.013    -30.929      0.000
    SA                 0.614      0.010    -37.808      0.000
    SE                 0.900      0.020     -4.923      0.000
    SG                 1.247      0.032      7.716      0.000
    TH                 0.633      0.010    -34.969      0.000
    TR                 1.379      0.027     13.960      0.000
    UA                 0.812      0.026     -7.288      0.000
    US                 0.807      0.015    -12.884      0.000
    VE                 0.531      0.018    -25.603      0.000
    VN                 1.418      0.035     11.922      0.000


STANDARDIZED MODEL RESULTS


STDYX Standardization

                                                    Two-Tailed
                    Estimate       S.E.  Est./S.E.    P-Value

 CARPRIDE BY
    Q14A               0.781      0.009     84.687      0.000
    Q14B               0.745      0.009     80.925      0.000
    Q14F               0.723      0.012     61.546      0.000
    Q14K               0.560      0.016     35.909      0.000
    Q15A               0.673      0.013     50.023      0.000
    Q15B               0.538      0.014     37.884      0.000
    Q15C               0.530      0.012     45.528      0.000
    Q15D               0.472      0.027     17.474      0.000
    Q15F               0.620      0.011     54.025      0.000

 Q04K       ON
    CARPRIDE           0.100      0.012      7.968      0.000

 Q04K       ON
    AGE                0.049      0.010      5.100      0.000
    GEN                0.027      0.009      2.988      0.003
    LOW_EDU           -0.028      0.008     -3.482      0.000
    HIGH_EDU           0.024      0.009      2.575      0.010
    INC                0.055      0.010      5.425      0.000
    ESS                0.016      0.010      1.546      0.122
    ACCESS             0.034      0.009      4.012      0.000
    OWNING             0.071      0.014      5.219      0.000
    POPDEN            -0.014      0.009     -1.689      0.091
    Q01D               0.049      0.012      4.015      0.000
    Q01E               0.031      0.008      3.948      0.000
    Q01A              -0.001      0.007     -0.137      0.891
    Q01K               0.029      0.009      3.189      0.001
    Q01O               0.036      0.010      3.761      0.000
    RAIL               0.004      0.009      0.500      0.617
    AE                -0.002      0.001     -2.003      0.045
    AR                -0.013      0.001    -13.663      0.000
    AT                 0.000      0.001     -0.017      0.986
    AU                -0.022      0.001    -15.478      0.000
    BE                 0.018      0.002      9.585      0.000
    BH                -0.005      0.001     -4.438      0.000
    BR                -0.012      0.001     -8.286      0.000
    CA                -0.002      0.002     -1.245      0.213
    CH                 0.004      0.002      2.129      0.033
    CL                 0.034      0.001     31.299      0.000
    CN                -0.023      0.002    -10.042      0.000
    CO                -0.010      0.002     -4.397      0.000
    DE                -0.011      0.002     -5.911      0.000
    DK                 0.029      0.002     13.845      0.000
    DZ                 0.026      0.002     12.689      0.000
    EC                 0.000      0.001     -0.003      0.998
    EG                 0.006      0.002      3.157      0.002
    ES                 0.041      0.002     22.098      0.000
    FR                 0.044      0.002     19.970      0.000
    GB                -0.017      0.002     -9.702      0.000
    GR                -0.019      0.002     -9.862      0.000
    HK                 0.011      0.001      8.068      0.000
    ID                -0.033      0.002    -19.184      0.000
    IE                -0.006      0.001     -4.152      0.000
    IL                -0.011      0.001    -10.280      0.000
    IN                 0.014      0.002      6.261      0.000
    IT                 0.047      0.002     28.875      0.000
    JP                -0.012      0.003     -4.644      0.000
    KE                -0.018      0.002    -10.465      0.000
    KR                -0.035      0.002    -16.891      0.000
    MA                 0.039      0.001     26.478      0.000
    MX                -0.012      0.001     -8.639      0.000
    MY                -0.042      0.001    -33.826      0.000
    NL                -0.005      0.002     -2.419      0.016
    NO                -0.017      0.002     -7.781      0.000
    PE                 0.005      0.002      2.349      0.019
    PH                -0.003      0.002     -1.830      0.067
    PK                -0.017      0.002     -9.173      0.000
    PL                -0.015      0.002     -9.006      0.000
    PT                 0.029      0.002     18.877      0.000
    RU                -0.043      0.002    -23.486      0.000
    SA                -0.040      0.001    -29.424      0.000
    SE                -0.009      0.002     -4.659      0.000
    SG                 0.018      0.002      8.616      0.000
    TH                -0.037      0.001    -27.723      0.000
    TR                 0.026      0.002     16.374      0.000
    UA                -0.012      0.002     -6.522      0.000
    US                -0.017      0.001    -11.573      0.000
    VE                -0.037      0.002    -18.460      0.000
    VN                 0.021      0.001     14.165      0.000

 INC      WITH
    CARPRIDE           0.099      0.025      3.957      0.000

 Means
    INC                5.777      0.189     30.601      0.000

 Thresholds
    Q04K$1             1.500      0.079     18.895      0.000
    Q14A$1             1.240      0.032     38.235      0.000
    Q14B$1             1.250      0.031     40.773      0.000
    Q14F$1             1.610      0.036     45.158      0.000
    Q14K$1             1.838      0.029     63.188      0.000
    Q15A$1             1.062      0.028     38.536      0.000
    Q15B$1             0.649      0.036     17.979      0.000
    Q15C$1             0.796      0.038     20.871      0.000
    Q15D$1             0.768      0.045     16.945      0.000
    Q15F$1             1.133      0.028     40.653      0.000

 Variances
    INC                1.000      0.000    999.000    999.000
    CARPRIDE           1.000      0.000    999.000    999.000


STDY Standardization

                                                    Two-Tailed
                    Estimate       S.E.  Est./S.E.    P-Value

 CARPRIDE BY
    Q14A               0.781      0.009     84.687      0.000
    Q14B               0.745      0.009     80.925      0.000
    Q14F               0.723      0.012     61.546      0.000
    Q14K               0.560      0.016     35.909      0.000
    Q15A               0.673      0.013     50.023      0.000
    Q15B               0.538      0.014     37.884      0.000
    Q15C               0.530      0.012     45.528      0.000
    Q15D               0.472      0.027     17.474      0.000
    Q15F               0.620      0.011     54.025      0.000

 Q04K       ON
    CARPRIDE           0.100      0.012      7.968      0.000

 Q04K       ON
    AGE                0.004      0.001      5.101      0.000
    GEN                0.054      0.018      2.989      0.003
    LOW_EDU           -0.075      0.022     -3.482      0.000
    HIGH_EDU           0.048      0.019      2.575      0.010
    INC                0.055      0.010      5.425      0.000
    ESS                0.005      0.003      1.546      0.122
    ACCESS             0.093      0.023      4.012      0.000
    OWNING             0.142      0.027      5.219      0.000
    POPDEN            -0.004      0.002     -1.689      0.091
    Q01D               0.100      0.025      4.016      0.000
    Q01E               0.073      0.019      3.949      0.000
    Q01A              -0.003      0.025     -0.137      0.891
    Q01K               0.101      0.032      3.189      0.001
    Q01O               0.098      0.026      3.761      0.000
    RAIL               0.012      0.023      0.500      0.617
    AE                -0.021      0.010     -2.003      0.045
    AR                -0.114      0.008    -13.679      0.000
    AT                 0.000      0.012     -0.017      0.986
    AU                -0.141      0.009    -15.500      0.000
    BE                 0.114      0.012      9.590      0.000
    BH                -0.055      0.012     -4.439      0.000
    BR                -0.078      0.009     -8.290      0.000
    CA                -0.013      0.010     -1.245      0.213
    CH                 0.035      0.017      2.129      0.033
    CL                 0.310      0.010     31.483      0.000
    CN                -0.142      0.014    -10.048      0.000
    CO                -0.061      0.014     -4.398      0.000
    DE                -0.072      0.012     -5.913      0.000
    DK                 0.183      0.013     13.861      0.000
    DZ                 0.236      0.019     12.701      0.000
    EC                 0.000      0.011     -0.003      0.998
    EG                 0.054      0.017      3.157      0.002
    ES                 0.267      0.012     22.163      0.000
    FR                 0.280      0.014     20.017      0.000
    GB                -0.112      0.012     -9.708      0.000
    GR                -0.119      0.012     -9.868      0.000
    HK                 0.159      0.020      8.071      0.000
    ID                -0.293      0.015    -19.226      0.000
    IE                -0.055      0.013     -4.152      0.000
    IL                -0.103      0.010    -10.286      0.000
    IN                 0.090      0.014      6.262      0.000
    IT                 0.304      0.010     29.018      0.000
    JP                -0.079      0.017     -4.644      0.000
    KE                -0.165      0.016    -10.472      0.000
    KR                -0.221      0.013    -16.920      0.000
    MA                 0.348      0.013     26.589      0.000
    MX                -0.079      0.009     -8.642      0.000
    MY                -0.272      0.008    -34.058      0.000
    NL                -0.033      0.014     -2.419      0.016
    NO                -0.109      0.014     -7.784      0.000
    PE                 0.032      0.014      2.349      0.019
    PH                -0.027      0.015     -1.830      0.067
    PK                -0.123      0.013     -9.178      0.000
    PL                -0.095      0.011     -9.010      0.000
    PT                 0.190      0.010     18.918      0.000
    RU                -0.281      0.012    -23.563      0.000
    SA                -0.260      0.009    -29.577      0.000
    SE                -0.056      0.012     -4.659      0.000
    SG                 0.118      0.014      8.620      0.000
    TH                -0.244      0.009    -27.851      0.000
    TR                 0.171      0.010     16.400      0.000
    UA                -0.111      0.017     -6.524      0.000
    US                -0.114      0.010    -11.582      0.000
    VE                -0.337      0.018    -18.497      0.000
    VN                 0.186      0.013     14.182      0.000

 INC      WITH
    CARPRIDE           0.099      0.025      3.957      0.000

 Means
    INC                5.777      0.189     30.601      0.000

 Thresholds
    Q04K$1             1.500      0.079     18.895      0.000
    Q14A$1             1.240      0.032     38.235      0.000
    Q14B$1             1.250      0.031     40.773      0.000
    Q14F$1             1.610      0.036     45.158      0.000
    Q14K$1             1.838      0.029     63.188      0.000
    Q15A$1             1.062      0.028     38.536      0.000
    Q15B$1             0.649      0.036     17.979      0.000
    Q15C$1             0.796      0.038     20.871      0.000
    Q15D$1             0.768      0.045     16.945      0.000
    Q15F$1             1.133      0.028     40.653      0.000

 Variances
    INC                1.000      0.000    999.000    999.000
    CARPRIDE           1.000      0.000    999.000    999.000


STD Standardization

                                                    Two-Tailed
                    Estimate       S.E.  Est./S.E.    P-Value

 CARPRIDE BY
    Q14A               2.267      0.069     33.060      0.000
    Q14B               2.027      0.056     35.986      0.000
    Q14F               1.896      0.064     29.405      0.000
    Q14K               1.225      0.050     24.659      0.000
    Q15A               1.649      0.060     27.382      0.000
    Q15B               1.157      0.043     26.929      0.000
    Q15C               1.134      0.035     32.732      0.000
    Q15D               0.972      0.072     13.578      0.000
    Q15F               1.433      0.043     33.267      0.000

 Q04K       ON
    CARPRIDE           0.187      0.024      7.913      0.000

 Q04K       ON
    AGE                0.008      0.001      5.085      0.000
    GEN                0.101      0.034      2.984      0.003
    LOW_EDU           -0.141      0.041     -3.480      0.001
    HIGH_EDU           0.090      0.035      2.574      0.010
    INC                0.082      0.016      5.291      0.000
    ESS                0.009      0.006      1.546      0.122
    ACCESS             0.175      0.044      4.005      0.000
    OWNING             0.267      0.051      5.200      0.000
    POPDEN            -0.007      0.004     -1.689      0.091
    Q01D               0.188      0.047      4.016      0.000
    Q01E               0.138      0.035      3.949      0.000
    Q01A              -0.006      0.047     -0.137      0.891
    Q01K               0.190      0.060      3.180      0.001
    Q01O               0.184      0.049      3.755      0.000
    RAIL               0.022      0.043      0.501      0.617
    AE                -0.039      0.019     -2.000      0.045
    AR                -0.214      0.016    -13.771      0.000
    AT                 0.000      0.023     -0.017      0.986
    AU                -0.264      0.017    -15.482      0.000
    BE                 0.213      0.022      9.549      0.000
    BH                -0.103      0.023     -4.444      0.000
    BR                -0.147      0.018     -8.244      0.000
    CA                -0.024      0.019     -1.244      0.213
    CH                 0.066      0.031      2.128      0.033
    CL                 0.581      0.019     30.767      0.000
    CN                -0.267      0.027    -10.052      0.000
    CO                -0.115      0.026     -4.398      0.000
    DE                -0.135      0.023     -5.928      0.000
    DK                 0.343      0.025     13.784      0.000
    DZ                 0.443      0.035     12.685      0.000
    EC                 0.000      0.020     -0.003      0.998
    EG                 0.101      0.032      3.156      0.002
    ES                 0.501      0.023     22.090      0.000
    FR                 0.525      0.026     19.907      0.000
    GB                -0.211      0.022     -9.738      0.000
    GR                -0.224      0.023     -9.897      0.000
    HK                 0.299      0.037      8.034      0.000
    ID                -0.549      0.028    -19.512      0.000
    IE                -0.104      0.025     -4.155      0.000
    IL                -0.193      0.019    -10.290      0.000
    IN                 0.168      0.027      6.268      0.000
    IT                 0.570      0.020     28.991      0.000
    JP                -0.148      0.032     -4.649      0.000
    KE                -0.310      0.030    -10.475      0.000
    KR                -0.414      0.024    -16.919      0.000
    MA                 0.654      0.025     26.417      0.000
    MX                -0.148      0.017     -8.629      0.000
    MY                -0.510      0.015    -33.771      0.000
    NL                -0.062      0.025     -2.422      0.015
    NO                -0.204      0.026     -7.793      0.000
    PE                 0.059      0.025      2.347      0.019
    PH                -0.051      0.028     -1.829      0.067
    PK                -0.231      0.025     -9.263      0.000
    PL                -0.178      0.020     -9.011      0.000
    PT                 0.357      0.019     18.806      0.000
    RU                -0.527      0.022    -23.491      0.000
    SA                -0.487      0.017    -29.346      0.000
    SE                -0.106      0.023     -4.668      0.000
    SG                 0.221      0.026      8.598      0.000
    TH                -0.458      0.017    -27.577      0.000
    TR                 0.321      0.020     16.320      0.000
    UA                -0.208      0.032     -6.556      0.000
    US                -0.214      0.019    -11.555      0.000
    VE                -0.633      0.034    -18.353      0.000
    VN                 0.350      0.025     14.126      0.000

 INC      WITH
    CARPRIDE           0.124      0.031      3.956      0.000

 Means
    INC                7.225      0.093     77.767      0.000

 Thresholds
    Q04K$1             2.814      0.151     18.669      0.000
    Q14A$1             3.598      0.114     31.637      0.000
    Q14B$1             3.399      0.096     35.595      0.000
    Q14F$1             4.225      0.116     36.340      0.000
    Q14K$1             4.023      0.093     43.216      0.000
    Q15A$1             2.604      0.084     30.848      0.000
    Q15B$1             1.396      0.083     16.882      0.000
    Q15C$1             1.703      0.090     18.976      0.000
    Q15D$1             1.579      0.115     13.791      0.000
    Q15F$1             2.619      0.083     31.574      0.000

 Variances
    INC                1.564      0.084     18.531      0.000
    CARPRIDE           1.000      0.000    999.000    999.000


R-SQUARE

    Observed                                        Two-Tailed
    Variable        Estimate       S.E.  Est./S.E.    P-Value

    Q04K               0.065      0.004     18.051      0.000
    Q14A               0.610      0.014     42.343      0.000
    Q14B               0.555      0.014     40.463      0.000
    Q14F               0.522      0.017     30.773      0.000
    Q14K               0.313      0.017     17.954      0.000
    Q15A               0.453      0.018     25.011      0.000
    Q15B               0.289      0.015     18.942      0.000
    Q15C               0.281      0.012     22.764      0.000
    Q15D               0.223      0.026      8.737      0.000
    Q15F               0.384      0.014     27.012      0.000


QUALITY OF NUMERICAL RESULTS

     Condition Number for the Information Matrix              0.241E-06
       (ratio of smallest to largest eigenvalue)


RESULTS SAVING INFORMATION

  Order of data

    Parameter estimates
     (saved in order shown in Technical 1 output)
    Standard errors
     (saved in order shown in Technical 1 output)
    StdYX standardized coefficients
     (saved in order shown in Technical 1 output)
    Standard errors for StdYX standardized coefficients
     (saved in order shown in Technical 1 output)
    StdY standardized coefficients
     (saved in order shown in Technical 1 output)
    Standard errors for StdY standardized coefficients
     (saved in order shown in Technical 1 output)
    Std standardized coefficients
     (saved in order shown in Technical 1 output)
    Standard errors for Std standardized coefficients
     (saved in order shown in Technical 1 output)
    H0 Loglikelihood
    H0 Scaling Correction Factor for MLR
    Number of Free Parameters
    Akaike (AIC)
    Bayesian (BIC)
    Sample-Size Adjusted BIC
    Condition Number

  Save file
    /Users/xuenanni/Desktop/thesis/Mplus/resultK.dat

  Save file format           Free


DIAGRAM INFORMATION

  Use View Diagram under the Diagram menu in the Mplus Editor to view the diagram.
  If running Mplus from the Mplus Diagrammer, the diagram opens automatically.

  Diagram output
    /Users/xuenanni/Desktop/Thesis/Mplus/K_noTW_pop.dgm

     Beginning Time:  23:18:14
        Ending Time:  08:12:47
       Elapsed Time:  08:54:33



MUTHEN & MUTHEN
3463 Stoner Ave.
Los Angeles, CA  90066

Tel: (310) 391-9971
Fax: (310) 391-8971
Web: www.StatModel.com
Support: Support@StatModel.com

Copyright (c) 1998-2018 Muthen & Muthen
